[2023-12-22T03:36:45.078+0000] {taskinstance.py:1957} INFO - Dependencies all met for dep_context=non-requeueable deps ti=<TaskInstance: dag_with_postgres_operator_v01.create_postgres_table manual__2023-12-22T03:36:41.413364+00:00 [queued]>
[2023-12-22T03:36:45.112+0000] {taskinstance.py:1957} INFO - Dependencies all met for dep_context=requeueable deps ti=<TaskInstance: dag_with_postgres_operator_v01.create_postgres_table manual__2023-12-22T03:36:41.413364+00:00 [queued]>
[2023-12-22T03:36:45.115+0000] {taskinstance.py:2171} INFO - Starting attempt 1 of 1
[2023-12-22T03:36:45.219+0000] {taskinstance.py:2192} INFO - Executing <Task(PostgresOperator): create_postgres_table> on 2023-12-22 03:36:41.413364+00:00
[2023-12-22T03:36:45.232+0000] {standard_task_runner.py:60} INFO - Started process 8006 to run task
[2023-12-22T03:36:45.248+0000] {standard_task_runner.py:87} INFO - Running: ['***', 'tasks', 'run', 'dag_with_postgres_operator_v01', 'create_postgres_table', 'manual__2023-12-22T03:36:41.413364+00:00', '--job-id', '96', '--raw', '--subdir', 'DAGS_FOLDER/dag_with_postgres_operator.py', '--cfg-path', '/tmp/tmpdptda63q']
[2023-12-22T03:36:45.256+0000] {standard_task_runner.py:88} INFO - Job 96: Subtask create_postgres_table
[2023-12-22T03:36:45.610+0000] {task_command.py:423} INFO - Running <TaskInstance: dag_with_postgres_operator_v01.create_postgres_table manual__2023-12-22T03:36:41.413364+00:00 [running]> on host dd88aaafc1d9
[2023-12-22T03:36:45.964+0000] {taskinstance.py:2481} INFO - Exporting env vars: AIRFLOW_CTX_DAG_OWNER='sarwar' AIRFLOW_CTX_DAG_ID='dag_with_postgres_operator_v01' AIRFLOW_CTX_TASK_ID='create_postgres_table' AIRFLOW_CTX_EXECUTION_DATE='2023-12-22T03:36:41.413364+00:00' AIRFLOW_CTX_TRY_NUMBER='1' AIRFLOW_CTX_DAG_RUN_ID='manual__2023-12-22T03:36:41.413364+00:00'
[2023-12-22T03:36:45.968+0000] {sql.py:276} INFO - Executing: 
        create table if not exists dag_runs (
        dt date,
        dag_id varchar,
        primary key(dt, dag_id)
        )
        
[2023-12-22T03:36:46.002+0000] {base.py:83} INFO - Using connection ID 'postgres_localhost' for task execution.
[2023-12-22T03:36:46.063+0000] {base.py:83} INFO - Using connection ID 'postgres_localhost' for task execution.
[2023-12-22T03:36:46.295+0000] {sql.py:432} INFO - Running statement: 
        create table if not exists dag_runs (
        dt date,
        dag_id varchar,
        primary key(dt, dag_id)
        )
        , parameters: None
[2023-12-22T03:36:46.445+0000] {taskinstance.py:1138} INFO - Marking task as SUCCESS. dag_id=dag_with_postgres_operator_v01, task_id=create_postgres_table, execution_date=20231222T033641, start_date=20231222T033645, end_date=20231222T033646
[2023-12-22T03:36:46.595+0000] {local_task_job_runner.py:234} INFO - Task exited with return code 0
[2023-12-22T03:36:46.663+0000] {taskinstance.py:3281} INFO - 0 downstream tasks scheduled from follow-on schedule check
