[2023-12-19T14:42:54.250+0000] {processor.py:161} INFO - Started process (PID=310) to work on /opt/airflow/dags/our_first_dag.py
[2023-12-19T14:42:54.322+0000] {processor.py:830} INFO - Processing file /opt/airflow/dags/our_first_dag.py for tasks to queue
[2023-12-19T14:42:54.403+0000] {logging_mixin.py:188} INFO - [2023-12-19T14:42:54.400+0000] {dagbag.py:538} INFO - Filling up the DagBag from /opt/airflow/dags/our_first_dag.py
[2023-12-19T14:42:54.484+0000] {logging_mixin.py:188} INFO - [2023-12-19T14:42:54.472+0000] {dagbag.py:348} ERROR - Failed to import: /opt/airflow/dags/our_first_dag.py
Traceback (most recent call last):
  File "/home/airflow/.local/lib/python3.8/site-packages/airflow/models/dagbag.py", line 344, in parse
    loader.exec_module(new_module)
  File "<frozen importlib._bootstrap_external>", line 839, in exec_module
  File "<frozen importlib._bootstrap_external>", line 976, in get_code
  File "<frozen importlib._bootstrap_external>", line 906, in source_to_code
  File "<frozen importlib._bootstrap>", line 219, in _call_with_frames_removed
  File "/opt/airflow/dags/our_first_dag.py", line 12
    default_args=def
                 ^
SyntaxError: invalid syntax
[2023-12-19T14:42:54.491+0000] {processor.py:842} WARNING - No viable dags retrieved from /opt/airflow/dags/our_first_dag.py
[2023-12-19T14:42:54.851+0000] {processor.py:183} INFO - Processing /opt/airflow/dags/our_first_dag.py took 0.584 seconds
[2023-12-19T14:43:08.663+0000] {processor.py:161} INFO - Started process (PID=315) to work on /opt/airflow/dags/our_first_dag.py
[2023-12-19T14:43:08.676+0000] {processor.py:830} INFO - Processing file /opt/airflow/dags/our_first_dag.py for tasks to queue
[2023-12-19T14:43:08.712+0000] {logging_mixin.py:188} INFO - [2023-12-19T14:43:08.706+0000] {dagbag.py:538} INFO - Filling up the DagBag from /opt/airflow/dags/our_first_dag.py
[2023-12-19T14:43:08.987+0000] {logging_mixin.py:188} INFO - [2023-12-19T14:43:08.976+0000] {dagbag.py:348} ERROR - Failed to import: /opt/airflow/dags/our_first_dag.py
Traceback (most recent call last):
  File "/home/airflow/.local/lib/python3.8/site-packages/airflow/models/dagbag.py", line 344, in parse
    loader.exec_module(new_module)
  File "<frozen importlib._bootstrap_external>", line 843, in exec_module
  File "<frozen importlib._bootstrap>", line 219, in _call_with_frames_removed
  File "/opt/airflow/dags/our_first_dag.py", line 10, in <module>
    with DAG(
TypeError: __init__() got an unexpected keyword argument 'scheduler_interval'
[2023-12-19T14:43:09.001+0000] {processor.py:842} WARNING - No viable dags retrieved from /opt/airflow/dags/our_first_dag.py
[2023-12-19T14:43:09.101+0000] {processor.py:183} INFO - Processing /opt/airflow/dags/our_first_dag.py took 0.572 seconds
[2023-12-19T14:43:39.480+0000] {processor.py:161} INFO - Started process (PID=326) to work on /opt/airflow/dags/our_first_dag.py
[2023-12-19T14:43:39.484+0000] {processor.py:830} INFO - Processing file /opt/airflow/dags/our_first_dag.py for tasks to queue
[2023-12-19T14:43:39.489+0000] {logging_mixin.py:188} INFO - [2023-12-19T14:43:39.488+0000] {dagbag.py:538} INFO - Filling up the DagBag from /opt/airflow/dags/our_first_dag.py
[2023-12-19T14:43:39.589+0000] {logging_mixin.py:188} INFO - [2023-12-19T14:43:39.578+0000] {dagbag.py:348} ERROR - Failed to import: /opt/airflow/dags/our_first_dag.py
Traceback (most recent call last):
  File "/home/airflow/.local/lib/python3.8/site-packages/airflow/models/dagbag.py", line 344, in parse
    loader.exec_module(new_module)
  File "<frozen importlib._bootstrap_external>", line 843, in exec_module
  File "<frozen importlib._bootstrap>", line 219, in _call_with_frames_removed
  File "/opt/airflow/dags/our_first_dag.py", line 3, in <module>
    from airflow.operator.bash import BashOperator
ModuleNotFoundError: No module named 'airflow.operator'
[2023-12-19T14:43:39.617+0000] {processor.py:842} WARNING - No viable dags retrieved from /opt/airflow/dags/our_first_dag.py
[2023-12-19T14:43:41.171+0000] {processor.py:183} INFO - Processing /opt/airflow/dags/our_first_dag.py took 1.677 seconds
[2023-12-19T14:44:11.870+0000] {processor.py:161} INFO - Started process (PID=337) to work on /opt/airflow/dags/our_first_dag.py
[2023-12-19T14:44:11.874+0000] {processor.py:830} INFO - Processing file /opt/airflow/dags/our_first_dag.py for tasks to queue
[2023-12-19T14:44:11.890+0000] {logging_mixin.py:188} INFO - [2023-12-19T14:44:11.889+0000] {dagbag.py:538} INFO - Filling up the DagBag from /opt/airflow/dags/our_first_dag.py
[2023-12-19T14:44:11.923+0000] {logging_mixin.py:188} INFO - [2023-12-19T14:44:11.915+0000] {dagbag.py:348} ERROR - Failed to import: /opt/airflow/dags/our_first_dag.py
Traceback (most recent call last):
  File "/home/airflow/.local/lib/python3.8/site-packages/airflow/models/dagbag.py", line 344, in parse
    loader.exec_module(new_module)
  File "<frozen importlib._bootstrap_external>", line 843, in exec_module
  File "<frozen importlib._bootstrap>", line 219, in _call_with_frames_removed
  File "/opt/airflow/dags/our_first_dag.py", line 3, in <module>
    from airflow.operator.bash import BashOperator
ModuleNotFoundError: No module named 'airflow.operator'
[2023-12-19T14:44:11.926+0000] {processor.py:842} WARNING - No viable dags retrieved from /opt/airflow/dags/our_first_dag.py
[2023-12-19T14:44:12.033+0000] {processor.py:183} INFO - Processing /opt/airflow/dags/our_first_dag.py took 0.172 seconds
[2023-12-19T14:44:16.004+0000] {processor.py:161} INFO - Started process (PID=349) to work on /opt/airflow/dags/our_first_dag.py
[2023-12-19T14:44:16.009+0000] {processor.py:830} INFO - Processing file /opt/airflow/dags/our_first_dag.py for tasks to queue
[2023-12-19T14:44:16.018+0000] {logging_mixin.py:188} INFO - [2023-12-19T14:44:16.018+0000] {dagbag.py:538} INFO - Filling up the DagBag from /opt/airflow/dags/our_first_dag.py
[2023-12-19T14:44:16.048+0000] {logging_mixin.py:188} INFO - [2023-12-19T14:44:16.043+0000] {dagbag.py:348} ERROR - Failed to import: /opt/airflow/dags/our_first_dag.py
Traceback (most recent call last):
  File "/home/airflow/.local/lib/python3.8/site-packages/airflow/models/dagbag.py", line 344, in parse
    loader.exec_module(new_module)
  File "<frozen importlib._bootstrap_external>", line 839, in exec_module
  File "<frozen importlib._bootstrap_external>", line 976, in get_code
  File "<frozen importlib._bootstrap_external>", line 906, in source_to_code
  File "<frozen importlib._bootstrap>", line 219, in _call_with_frames_removed
  File "/opt/airflow/dags/our_first_dag.py", line 21
    )
    ^
SyntaxError: invalid syntax
[2023-12-19T14:44:16.051+0000] {processor.py:842} WARNING - No viable dags retrieved from /opt/airflow/dags/our_first_dag.py
[2023-12-19T14:44:16.105+0000] {processor.py:183} INFO - Processing /opt/airflow/dags/our_first_dag.py took 0.107 seconds
[2023-12-19T14:44:31.359+0000] {processor.py:161} INFO - Started process (PID=354) to work on /opt/airflow/dags/our_first_dag.py
[2023-12-19T14:44:31.362+0000] {processor.py:830} INFO - Processing file /opt/airflow/dags/our_first_dag.py for tasks to queue
[2023-12-19T14:44:31.366+0000] {logging_mixin.py:188} INFO - [2023-12-19T14:44:31.365+0000] {dagbag.py:538} INFO - Filling up the DagBag from /opt/airflow/dags/our_first_dag.py
[2023-12-19T14:44:31.440+0000] {logging_mixin.py:188} INFO - [2023-12-19T14:44:31.436+0000] {dagbag.py:348} ERROR - Failed to import: /opt/airflow/dags/our_first_dag.py
Traceback (most recent call last):
  File "/home/airflow/.local/lib/python3.8/site-packages/airflow/models/dagbag.py", line 344, in parse
    loader.exec_module(new_module)
  File "<frozen importlib._bootstrap_external>", line 843, in exec_module
  File "<frozen importlib._bootstrap>", line 219, in _call_with_frames_removed
  File "/opt/airflow/dags/our_first_dag.py", line 3, in <module>
    from airflow.operator.bash import BashOperator
ModuleNotFoundError: No module named 'airflow.operator'
[2023-12-19T14:44:31.443+0000] {processor.py:842} WARNING - No viable dags retrieved from /opt/airflow/dags/our_first_dag.py
[2023-12-19T14:44:31.489+0000] {processor.py:183} INFO - Processing /opt/airflow/dags/our_first_dag.py took 0.141 seconds
[2023-12-19T14:44:59.768+0000] {processor.py:161} INFO - Started process (PID=366) to work on /opt/airflow/dags/our_first_dag.py
[2023-12-19T14:44:59.775+0000] {processor.py:830} INFO - Processing file /opt/airflow/dags/our_first_dag.py for tasks to queue
[2023-12-19T14:44:59.778+0000] {logging_mixin.py:188} INFO - [2023-12-19T14:44:59.777+0000] {dagbag.py:538} INFO - Filling up the DagBag from /opt/airflow/dags/our_first_dag.py
[2023-12-19T14:44:59.815+0000] {logging_mixin.py:188} INFO - [2023-12-19T14:44:59.811+0000] {dagbag.py:348} ERROR - Failed to import: /opt/airflow/dags/our_first_dag.py
Traceback (most recent call last):
  File "/home/airflow/.local/lib/python3.8/site-packages/airflow/models/dagbag.py", line 344, in parse
    loader.exec_module(new_module)
  File "<frozen importlib._bootstrap_external>", line 843, in exec_module
  File "<frozen importlib._bootstrap>", line 219, in _call_with_frames_removed
  File "/opt/airflow/dags/our_first_dag.py", line 3, in <module>
    from airflow.operator.bash import BashOperator
ModuleNotFoundError: No module named 'airflow.operator'
[2023-12-19T14:44:59.818+0000] {processor.py:842} WARNING - No viable dags retrieved from /opt/airflow/dags/our_first_dag.py
[2023-12-19T14:44:59.906+0000] {processor.py:183} INFO - Processing /opt/airflow/dags/our_first_dag.py took 0.177 seconds
[2023-12-19T14:45:30.299+0000] {processor.py:161} INFO - Started process (PID=377) to work on /opt/airflow/dags/our_first_dag.py
[2023-12-19T14:45:30.303+0000] {processor.py:830} INFO - Processing file /opt/airflow/dags/our_first_dag.py for tasks to queue
[2023-12-19T14:45:30.307+0000] {logging_mixin.py:188} INFO - [2023-12-19T14:45:30.306+0000] {dagbag.py:538} INFO - Filling up the DagBag from /opt/airflow/dags/our_first_dag.py
[2023-12-19T14:45:30.340+0000] {logging_mixin.py:188} INFO - [2023-12-19T14:45:30.335+0000] {dagbag.py:348} ERROR - Failed to import: /opt/airflow/dags/our_first_dag.py
Traceback (most recent call last):
  File "/home/airflow/.local/lib/python3.8/site-packages/airflow/models/dagbag.py", line 344, in parse
    loader.exec_module(new_module)
  File "<frozen importlib._bootstrap_external>", line 843, in exec_module
  File "<frozen importlib._bootstrap>", line 219, in _call_with_frames_removed
  File "/opt/airflow/dags/our_first_dag.py", line 3, in <module>
    from airflow.operator.bash import BashOperator
ModuleNotFoundError: No module named 'airflow.operator'
[2023-12-19T14:45:30.343+0000] {processor.py:842} WARNING - No viable dags retrieved from /opt/airflow/dags/our_first_dag.py
[2023-12-19T14:45:30.389+0000] {processor.py:183} INFO - Processing /opt/airflow/dags/our_first_dag.py took 0.100 seconds
[2023-12-19T14:45:52.837+0000] {processor.py:161} INFO - Started process (PID=388) to work on /opt/airflow/dags/our_first_dag.py
[2023-12-19T14:45:52.848+0000] {processor.py:830} INFO - Processing file /opt/airflow/dags/our_first_dag.py for tasks to queue
[2023-12-19T14:45:52.863+0000] {logging_mixin.py:188} INFO - [2023-12-19T14:45:52.859+0000] {dagbag.py:538} INFO - Filling up the DagBag from /opt/airflow/dags/our_first_dag.py
[2023-12-19T14:45:52.908+0000] {logging_mixin.py:188} INFO - [2023-12-19T14:45:52.903+0000] {dagbag.py:348} ERROR - Failed to import: /opt/airflow/dags/our_first_dag.py
Traceback (most recent call last):
  File "/home/airflow/.local/lib/python3.8/site-packages/airflow/models/dagbag.py", line 344, in parse
    loader.exec_module(new_module)
  File "<frozen importlib._bootstrap_external>", line 843, in exec_module
  File "<frozen importlib._bootstrap>", line 219, in _call_with_frames_removed
  File "/opt/airflow/dags/our_first_dag.py", line 11, in <module>
    with DAG(
TypeError: __init__() got an unexpected keyword argument 'scheduler_interval'
[2023-12-19T14:45:52.911+0000] {processor.py:842} WARNING - No viable dags retrieved from /opt/airflow/dags/our_first_dag.py
[2023-12-19T14:45:52.978+0000] {processor.py:183} INFO - Processing /opt/airflow/dags/our_first_dag.py took 0.155 seconds
[2023-12-19T14:46:20.601+0000] {processor.py:161} INFO - Started process (PID=401) to work on /opt/airflow/dags/our_first_dag.py
[2023-12-19T14:46:20.608+0000] {processor.py:830} INFO - Processing file /opt/airflow/dags/our_first_dag.py for tasks to queue
[2023-12-19T14:46:20.617+0000] {logging_mixin.py:188} INFO - [2023-12-19T14:46:20.615+0000] {dagbag.py:538} INFO - Filling up the DagBag from /opt/airflow/dags/our_first_dag.py
[2023-12-19T14:46:20.674+0000] {logging_mixin.py:188} INFO - [2023-12-19T14:46:20.668+0000] {dagbag.py:348} ERROR - Failed to import: /opt/airflow/dags/our_first_dag.py
Traceback (most recent call last):
  File "/home/airflow/.local/lib/python3.8/site-packages/airflow/models/dagbag.py", line 344, in parse
    loader.exec_module(new_module)
  File "<frozen importlib._bootstrap_external>", line 843, in exec_module
  File "<frozen importlib._bootstrap>", line 219, in _call_with_frames_removed
  File "/opt/airflow/dags/our_first_dag.py", line 11, in <module>
    with DAG(
TypeError: __init__() got an unexpected keyword argument 'scheduler_intervals'
[2023-12-19T14:46:20.679+0000] {processor.py:842} WARNING - No viable dags retrieved from /opt/airflow/dags/our_first_dag.py
[2023-12-19T14:46:20.746+0000] {processor.py:183} INFO - Processing /opt/airflow/dags/our_first_dag.py took 0.154 seconds
[2023-12-19T14:46:51.057+0000] {processor.py:161} INFO - Started process (PID=414) to work on /opt/airflow/dags/our_first_dag.py
[2023-12-19T14:46:51.062+0000] {processor.py:830} INFO - Processing file /opt/airflow/dags/our_first_dag.py for tasks to queue
[2023-12-19T14:46:51.066+0000] {logging_mixin.py:188} INFO - [2023-12-19T14:46:51.064+0000] {dagbag.py:538} INFO - Filling up the DagBag from /opt/airflow/dags/our_first_dag.py
[2023-12-19T14:46:51.127+0000] {logging_mixin.py:188} INFO - [2023-12-19T14:46:51.114+0000] {dagbag.py:348} ERROR - Failed to import: /opt/airflow/dags/our_first_dag.py
Traceback (most recent call last):
  File "/home/airflow/.local/lib/python3.8/site-packages/airflow/models/dagbag.py", line 344, in parse
    loader.exec_module(new_module)
  File "<frozen importlib._bootstrap_external>", line 843, in exec_module
  File "<frozen importlib._bootstrap>", line 219, in _call_with_frames_removed
  File "/opt/airflow/dags/our_first_dag.py", line 11, in <module>
    with DAG(
TypeError: __init__() got an unexpected keyword argument 'scheduler_intervals'
[2023-12-19T14:46:51.130+0000] {processor.py:842} WARNING - No viable dags retrieved from /opt/airflow/dags/our_first_dag.py
[2023-12-19T14:46:51.230+0000] {processor.py:183} INFO - Processing /opt/airflow/dags/our_first_dag.py took 0.218 seconds
[2023-12-19T14:47:21.489+0000] {processor.py:161} INFO - Started process (PID=426) to work on /opt/airflow/dags/our_first_dag.py
[2023-12-19T14:47:21.494+0000] {processor.py:830} INFO - Processing file /opt/airflow/dags/our_first_dag.py for tasks to queue
[2023-12-19T14:47:21.499+0000] {logging_mixin.py:188} INFO - [2023-12-19T14:47:21.496+0000] {dagbag.py:538} INFO - Filling up the DagBag from /opt/airflow/dags/our_first_dag.py
[2023-12-19T14:47:21.530+0000] {logging_mixin.py:188} INFO - [2023-12-19T14:47:21.522+0000] {dagbag.py:348} ERROR - Failed to import: /opt/airflow/dags/our_first_dag.py
Traceback (most recent call last):
  File "/home/airflow/.local/lib/python3.8/site-packages/airflow/models/dagbag.py", line 344, in parse
    loader.exec_module(new_module)
  File "<frozen importlib._bootstrap_external>", line 843, in exec_module
  File "<frozen importlib._bootstrap>", line 219, in _call_with_frames_removed
  File "/opt/airflow/dags/our_first_dag.py", line 11, in <module>
    with DAG(
TypeError: __init__() got an unexpected keyword argument 'scheduler_intervals'
[2023-12-19T14:47:21.544+0000] {processor.py:842} WARNING - No viable dags retrieved from /opt/airflow/dags/our_first_dag.py
[2023-12-19T14:47:21.596+0000] {processor.py:183} INFO - Processing /opt/airflow/dags/our_first_dag.py took 0.115 seconds
[2023-12-19T14:47:45.853+0000] {processor.py:161} INFO - Started process (PID=438) to work on /opt/airflow/dags/our_first_dag.py
[2023-12-19T14:47:45.856+0000] {processor.py:830} INFO - Processing file /opt/airflow/dags/our_first_dag.py for tasks to queue
[2023-12-19T14:47:45.861+0000] {logging_mixin.py:188} INFO - [2023-12-19T14:47:45.860+0000] {dagbag.py:538} INFO - Filling up the DagBag from /opt/airflow/dags/our_first_dag.py
[2023-12-19T14:47:46.106+0000] {processor.py:840} INFO - DAG(s) 'our_first_dag' retrieved from /opt/airflow/dags/our_first_dag.py
[2023-12-19T14:47:47.534+0000] {logging_mixin.py:188} INFO - [2023-12-19T14:47:47.531+0000] {override.py:1769} INFO - Created Permission View: can edit on DAG:our_first_dag
[2023-12-19T14:47:47.564+0000] {logging_mixin.py:188} INFO - [2023-12-19T14:47:47.563+0000] {override.py:1769} INFO - Created Permission View: can delete on DAG:our_first_dag
[2023-12-19T14:47:47.591+0000] {logging_mixin.py:188} INFO - [2023-12-19T14:47:47.590+0000] {override.py:1769} INFO - Created Permission View: can read on DAG:our_first_dag
[2023-12-19T14:47:47.595+0000] {logging_mixin.py:188} INFO - [2023-12-19T14:47:47.593+0000] {dag.py:3033} INFO - Sync 1 DAGs
[2023-12-19T14:47:47.642+0000] {logging_mixin.py:188} INFO - [2023-12-19T14:47:47.641+0000] {dag.py:3055} INFO - Creating ORM DAG for our_first_dag
[2023-12-19T14:47:47.692+0000] {logging_mixin.py:188} INFO - [2023-12-19T14:47:47.692+0000] {dag.py:3820} INFO - Setting next_dagrun for our_first_dag to 2023-12-18T00:00:00+00:00, run_after=2023-12-19T00:00:00+00:00
[2023-12-19T14:47:47.759+0000] {processor.py:183} INFO - Processing /opt/airflow/dags/our_first_dag.py took 1.913 seconds
[2023-12-19T14:48:18.184+0000] {processor.py:161} INFO - Started process (PID=449) to work on /opt/airflow/dags/our_first_dag.py
[2023-12-19T14:48:18.194+0000] {processor.py:830} INFO - Processing file /opt/airflow/dags/our_first_dag.py for tasks to queue
[2023-12-19T14:48:18.196+0000] {logging_mixin.py:188} INFO - [2023-12-19T14:48:18.196+0000] {dagbag.py:538} INFO - Filling up the DagBag from /opt/airflow/dags/our_first_dag.py
[2023-12-19T14:48:18.240+0000] {processor.py:840} INFO - DAG(s) 'our_first_dag' retrieved from /opt/airflow/dags/our_first_dag.py
[2023-12-19T14:48:18.301+0000] {logging_mixin.py:188} INFO - [2023-12-19T14:48:18.300+0000] {dag.py:3033} INFO - Sync 1 DAGs
[2023-12-19T14:48:18.348+0000] {logging_mixin.py:188} INFO - [2023-12-19T14:48:18.348+0000] {dag.py:3820} INFO - Setting next_dagrun for our_first_dag to 2023-12-18T00:00:00+00:00, run_after=2023-12-19T00:00:00+00:00
[2023-12-19T14:48:18.401+0000] {processor.py:183} INFO - Processing /opt/airflow/dags/our_first_dag.py took 0.239 seconds
[2023-12-19T14:48:48.787+0000] {processor.py:161} INFO - Started process (PID=467) to work on /opt/airflow/dags/our_first_dag.py
[2023-12-19T14:48:48.790+0000] {processor.py:830} INFO - Processing file /opt/airflow/dags/our_first_dag.py for tasks to queue
[2023-12-19T14:48:48.793+0000] {logging_mixin.py:188} INFO - [2023-12-19T14:48:48.793+0000] {dagbag.py:538} INFO - Filling up the DagBag from /opt/airflow/dags/our_first_dag.py
[2023-12-19T14:48:48.825+0000] {processor.py:840} INFO - DAG(s) 'our_first_dag' retrieved from /opt/airflow/dags/our_first_dag.py
[2023-12-19T14:48:48.878+0000] {logging_mixin.py:188} INFO - [2023-12-19T14:48:48.878+0000] {dag.py:3033} INFO - Sync 1 DAGs
[2023-12-19T14:48:48.926+0000] {logging_mixin.py:188} INFO - [2023-12-19T14:48:48.926+0000] {dag.py:3820} INFO - Setting next_dagrun for our_first_dag to 2023-12-19T00:00:00+00:00, run_after=2023-12-20T00:00:00+00:00
[2023-12-19T14:48:48.958+0000] {processor.py:183} INFO - Processing /opt/airflow/dags/our_first_dag.py took 0.177 seconds
[2023-12-19T14:49:19.244+0000] {processor.py:161} INFO - Started process (PID=479) to work on /opt/airflow/dags/our_first_dag.py
[2023-12-19T14:49:19.254+0000] {processor.py:830} INFO - Processing file /opt/airflow/dags/our_first_dag.py for tasks to queue
[2023-12-19T14:49:19.259+0000] {logging_mixin.py:188} INFO - [2023-12-19T14:49:19.258+0000] {dagbag.py:538} INFO - Filling up the DagBag from /opt/airflow/dags/our_first_dag.py
[2023-12-19T14:49:19.324+0000] {processor.py:840} INFO - DAG(s) 'our_first_dag' retrieved from /opt/airflow/dags/our_first_dag.py
[2023-12-19T14:49:19.416+0000] {logging_mixin.py:188} INFO - [2023-12-19T14:49:19.416+0000] {dag.py:3033} INFO - Sync 1 DAGs
[2023-12-19T14:49:19.509+0000] {logging_mixin.py:188} INFO - [2023-12-19T14:49:19.509+0000] {dag.py:3820} INFO - Setting next_dagrun for our_first_dag to 2023-12-19T00:00:00+00:00, run_after=2023-12-20T00:00:00+00:00
[2023-12-19T14:49:19.591+0000] {processor.py:183} INFO - Processing /opt/airflow/dags/our_first_dag.py took 0.366 seconds
[2023-12-19T14:49:49.822+0000] {processor.py:161} INFO - Started process (PID=491) to work on /opt/airflow/dags/our_first_dag.py
[2023-12-19T14:49:49.827+0000] {processor.py:830} INFO - Processing file /opt/airflow/dags/our_first_dag.py for tasks to queue
[2023-12-19T14:49:49.829+0000] {logging_mixin.py:188} INFO - [2023-12-19T14:49:49.829+0000] {dagbag.py:538} INFO - Filling up the DagBag from /opt/airflow/dags/our_first_dag.py
[2023-12-19T14:49:49.866+0000] {processor.py:840} INFO - DAG(s) 'our_first_dag' retrieved from /opt/airflow/dags/our_first_dag.py
[2023-12-19T14:49:49.929+0000] {logging_mixin.py:188} INFO - [2023-12-19T14:49:49.929+0000] {dag.py:3033} INFO - Sync 1 DAGs
[2023-12-19T14:49:49.978+0000] {logging_mixin.py:188} INFO - [2023-12-19T14:49:49.978+0000] {dag.py:3820} INFO - Setting next_dagrun for our_first_dag to 2023-12-19T00:00:00+00:00, run_after=2023-12-20T00:00:00+00:00
[2023-12-19T14:49:50.026+0000] {processor.py:183} INFO - Processing /opt/airflow/dags/our_first_dag.py took 0.211 seconds
[2023-12-19T14:50:20.193+0000] {processor.py:161} INFO - Started process (PID=503) to work on /opt/airflow/dags/our_first_dag.py
[2023-12-19T14:50:20.198+0000] {processor.py:830} INFO - Processing file /opt/airflow/dags/our_first_dag.py for tasks to queue
[2023-12-19T14:50:20.203+0000] {logging_mixin.py:188} INFO - [2023-12-19T14:50:20.202+0000] {dagbag.py:538} INFO - Filling up the DagBag from /opt/airflow/dags/our_first_dag.py
[2023-12-19T14:50:20.243+0000] {processor.py:840} INFO - DAG(s) 'our_first_dag' retrieved from /opt/airflow/dags/our_first_dag.py
[2023-12-19T14:50:20.303+0000] {logging_mixin.py:188} INFO - [2023-12-19T14:50:20.303+0000] {dag.py:3033} INFO - Sync 1 DAGs
[2023-12-19T14:50:20.381+0000] {logging_mixin.py:188} INFO - [2023-12-19T14:50:20.381+0000] {dag.py:3820} INFO - Setting next_dagrun for our_first_dag to 2023-12-19T00:00:00+00:00, run_after=2023-12-20T00:00:00+00:00
[2023-12-19T14:50:20.434+0000] {processor.py:183} INFO - Processing /opt/airflow/dags/our_first_dag.py took 0.249 seconds
[2023-12-19T14:50:32.706+0000] {processor.py:161} INFO - Started process (PID=508) to work on /opt/airflow/dags/our_first_dag.py
[2023-12-19T14:50:32.727+0000] {processor.py:830} INFO - Processing file /opt/airflow/dags/our_first_dag.py for tasks to queue
[2023-12-19T14:50:32.865+0000] {logging_mixin.py:188} INFO - [2023-12-19T14:50:32.843+0000] {dagbag.py:538} INFO - Filling up the DagBag from /opt/airflow/dags/our_first_dag.py
[2023-12-19T14:50:34.028+0000] {processor.py:840} INFO - DAG(s) 'our_first_dag' retrieved from /opt/airflow/dags/our_first_dag.py
[2023-12-19T14:50:34.846+0000] {logging_mixin.py:188} INFO - [2023-12-19T14:50:34.846+0000] {dag.py:3033} INFO - Sync 1 DAGs
[2023-12-19T14:50:35.053+0000] {logging_mixin.py:188} INFO - [2023-12-19T14:50:35.052+0000] {dag.py:3820} INFO - Setting next_dagrun for our_first_dag to 2023-12-19T00:00:00+00:00, run_after=2023-12-20T00:00:00+00:00
[2023-12-19T14:50:35.137+0000] {processor.py:183} INFO - Processing /opt/airflow/dags/our_first_dag.py took 3.304 seconds
[2023-12-19T14:51:05.474+0000] {processor.py:161} INFO - Started process (PID=520) to work on /opt/airflow/dags/our_first_dag.py
[2023-12-19T14:51:05.478+0000] {processor.py:830} INFO - Processing file /opt/airflow/dags/our_first_dag.py for tasks to queue
[2023-12-19T14:51:05.482+0000] {logging_mixin.py:188} INFO - [2023-12-19T14:51:05.481+0000] {dagbag.py:538} INFO - Filling up the DagBag from /opt/airflow/dags/our_first_dag.py
[2023-12-19T14:51:05.526+0000] {processor.py:840} INFO - DAG(s) 'our_first_dag' retrieved from /opt/airflow/dags/our_first_dag.py
[2023-12-19T14:51:05.593+0000] {logging_mixin.py:188} INFO - [2023-12-19T14:51:05.592+0000] {dag.py:3033} INFO - Sync 1 DAGs
[2023-12-19T14:51:05.744+0000] {logging_mixin.py:188} INFO - [2023-12-19T14:51:05.744+0000] {dag.py:3820} INFO - Setting next_dagrun for our_first_dag to 2023-12-19T00:00:00+00:00, run_after=2023-12-20T00:00:00+00:00
[2023-12-19T14:51:05.841+0000] {processor.py:183} INFO - Processing /opt/airflow/dags/our_first_dag.py took 0.373 seconds
[2023-12-19T14:51:18.142+0000] {processor.py:161} INFO - Started process (PID=531) to work on /opt/airflow/dags/our_first_dag.py
[2023-12-19T14:51:18.149+0000] {processor.py:830} INFO - Processing file /opt/airflow/dags/our_first_dag.py for tasks to queue
[2023-12-19T14:51:18.164+0000] {logging_mixin.py:188} INFO - [2023-12-19T14:51:18.162+0000] {dagbag.py:538} INFO - Filling up the DagBag from /opt/airflow/dags/our_first_dag.py
[2023-12-19T14:51:18.402+0000] {processor.py:840} INFO - DAG(s) 'our_first_dag' retrieved from /opt/airflow/dags/our_first_dag.py
[2023-12-19T14:51:20.261+0000] {logging_mixin.py:188} INFO - [2023-12-19T14:51:20.261+0000] {dag.py:3033} INFO - Sync 1 DAGs
[2023-12-19T14:51:20.355+0000] {logging_mixin.py:188} INFO - [2023-12-19T14:51:20.355+0000] {dag.py:3820} INFO - Setting next_dagrun for our_first_dag to 2023-12-19T00:00:00+00:00, run_after=2023-12-20T00:00:00+00:00
[2023-12-19T14:51:20.767+0000] {processor.py:183} INFO - Processing /opt/airflow/dags/our_first_dag.py took 2.645 seconds
[2023-12-19T14:51:48.391+0000] {processor.py:161} INFO - Started process (PID=543) to work on /opt/airflow/dags/our_first_dag.py
[2023-12-19T14:51:48.395+0000] {processor.py:830} INFO - Processing file /opt/airflow/dags/our_first_dag.py for tasks to queue
[2023-12-19T14:51:48.415+0000] {logging_mixin.py:188} INFO - [2023-12-19T14:51:48.414+0000] {dagbag.py:538} INFO - Filling up the DagBag from /opt/airflow/dags/our_first_dag.py
[2023-12-19T14:51:48.505+0000] {processor.py:840} INFO - DAG(s) 'our_first_dag_v2' retrieved from /opt/airflow/dags/our_first_dag.py
[2023-12-19T14:51:48.933+0000] {logging_mixin.py:188} INFO - [2023-12-19T14:51:48.932+0000] {override.py:1769} INFO - Created Permission View: can edit on DAG:our_first_dag_v2
[2023-12-19T14:51:48.966+0000] {logging_mixin.py:188} INFO - [2023-12-19T14:51:48.966+0000] {override.py:1769} INFO - Created Permission View: can delete on DAG:our_first_dag_v2
[2023-12-19T14:51:48.983+0000] {logging_mixin.py:188} INFO - [2023-12-19T14:51:48.983+0000] {override.py:1769} INFO - Created Permission View: can read on DAG:our_first_dag_v2
[2023-12-19T14:51:48.987+0000] {logging_mixin.py:188} INFO - [2023-12-19T14:51:48.987+0000] {dag.py:3033} INFO - Sync 1 DAGs
[2023-12-19T14:51:49.022+0000] {logging_mixin.py:188} INFO - [2023-12-19T14:51:49.022+0000] {dag.py:3055} INFO - Creating ORM DAG for our_first_dag_v2
[2023-12-19T14:51:49.052+0000] {logging_mixin.py:188} INFO - [2023-12-19T14:51:49.052+0000] {dag.py:3820} INFO - Setting next_dagrun for our_first_dag_v2 to 2023-12-18T00:00:00+00:00, run_after=2023-12-19T00:00:00+00:00
[2023-12-19T14:51:49.107+0000] {processor.py:183} INFO - Processing /opt/airflow/dags/our_first_dag.py took 0.728 seconds
[2023-12-19T14:52:20.246+0000] {processor.py:161} INFO - Started process (PID=567) to work on /opt/airflow/dags/our_first_dag.py
[2023-12-19T14:52:20.249+0000] {processor.py:830} INFO - Processing file /opt/airflow/dags/our_first_dag.py for tasks to queue
[2023-12-19T14:52:20.257+0000] {logging_mixin.py:188} INFO - [2023-12-19T14:52:20.253+0000] {dagbag.py:538} INFO - Filling up the DagBag from /opt/airflow/dags/our_first_dag.py
[2023-12-19T14:52:20.427+0000] {processor.py:840} INFO - DAG(s) 'our_first_dag_v2' retrieved from /opt/airflow/dags/our_first_dag.py
[2023-12-19T14:52:20.655+0000] {logging_mixin.py:188} INFO - [2023-12-19T14:52:20.654+0000] {dag.py:3033} INFO - Sync 1 DAGs
[2023-12-19T14:52:20.769+0000] {logging_mixin.py:188} INFO - [2023-12-19T14:52:20.768+0000] {dag.py:3820} INFO - Setting next_dagrun for our_first_dag_v2 to 2023-12-19T00:00:00+00:00, run_after=2023-12-20T00:00:00+00:00
[2023-12-19T14:52:20.858+0000] {processor.py:183} INFO - Processing /opt/airflow/dags/our_first_dag.py took 0.625 seconds
[2023-12-19T14:52:51.289+0000] {processor.py:161} INFO - Started process (PID=580) to work on /opt/airflow/dags/our_first_dag.py
[2023-12-19T14:52:51.293+0000] {processor.py:830} INFO - Processing file /opt/airflow/dags/our_first_dag.py for tasks to queue
[2023-12-19T14:52:51.297+0000] {logging_mixin.py:188} INFO - [2023-12-19T14:52:51.297+0000] {dagbag.py:538} INFO - Filling up the DagBag from /opt/airflow/dags/our_first_dag.py
[2023-12-19T14:52:51.346+0000] {processor.py:840} INFO - DAG(s) 'our_first_dag_v2' retrieved from /opt/airflow/dags/our_first_dag.py
[2023-12-19T14:52:51.787+0000] {logging_mixin.py:188} INFO - [2023-12-19T14:52:51.787+0000] {dag.py:3033} INFO - Sync 1 DAGs
[2023-12-19T14:52:51.873+0000] {logging_mixin.py:188} INFO - [2023-12-19T14:52:51.872+0000] {dag.py:3820} INFO - Setting next_dagrun for our_first_dag_v2 to 2023-12-19T00:00:00+00:00, run_after=2023-12-20T00:00:00+00:00
[2023-12-19T14:52:51.917+0000] {processor.py:183} INFO - Processing /opt/airflow/dags/our_first_dag.py took 0.641 seconds
[2023-12-19T14:53:22.294+0000] {processor.py:161} INFO - Started process (PID=592) to work on /opt/airflow/dags/our_first_dag.py
[2023-12-19T14:53:22.302+0000] {processor.py:830} INFO - Processing file /opt/airflow/dags/our_first_dag.py for tasks to queue
[2023-12-19T14:53:22.313+0000] {logging_mixin.py:188} INFO - [2023-12-19T14:53:22.309+0000] {dagbag.py:538} INFO - Filling up the DagBag from /opt/airflow/dags/our_first_dag.py
[2023-12-19T14:53:22.354+0000] {processor.py:840} INFO - DAG(s) 'our_first_dag_v2' retrieved from /opt/airflow/dags/our_first_dag.py
[2023-12-19T14:53:22.411+0000] {logging_mixin.py:188} INFO - [2023-12-19T14:53:22.411+0000] {dag.py:3033} INFO - Sync 1 DAGs
[2023-12-19T14:53:22.469+0000] {logging_mixin.py:188} INFO - [2023-12-19T14:53:22.468+0000] {dag.py:3820} INFO - Setting next_dagrun for our_first_dag_v2 to 2023-12-19T00:00:00+00:00, run_after=2023-12-20T00:00:00+00:00
[2023-12-19T14:53:22.518+0000] {processor.py:183} INFO - Processing /opt/airflow/dags/our_first_dag.py took 0.244 seconds
[2023-12-19T14:53:52.858+0000] {processor.py:161} INFO - Started process (PID=604) to work on /opt/airflow/dags/our_first_dag.py
[2023-12-19T14:53:52.862+0000] {processor.py:830} INFO - Processing file /opt/airflow/dags/our_first_dag.py for tasks to queue
[2023-12-19T14:53:52.866+0000] {logging_mixin.py:188} INFO - [2023-12-19T14:53:52.865+0000] {dagbag.py:538} INFO - Filling up the DagBag from /opt/airflow/dags/our_first_dag.py
[2023-12-19T14:53:52.916+0000] {processor.py:840} INFO - DAG(s) 'our_first_dag_v2' retrieved from /opt/airflow/dags/our_first_dag.py
[2023-12-19T14:53:52.982+0000] {logging_mixin.py:188} INFO - [2023-12-19T14:53:52.982+0000] {dag.py:3033} INFO - Sync 1 DAGs
[2023-12-19T14:53:53.036+0000] {logging_mixin.py:188} INFO - [2023-12-19T14:53:53.036+0000] {dag.py:3820} INFO - Setting next_dagrun for our_first_dag_v2 to 2023-12-19T00:00:00+00:00, run_after=2023-12-20T00:00:00+00:00
[2023-12-19T14:53:53.078+0000] {processor.py:183} INFO - Processing /opt/airflow/dags/our_first_dag.py took 0.243 seconds
[2023-12-19T14:54:11.001+0000] {processor.py:161} INFO - Started process (PID=609) to work on /opt/airflow/dags/our_first_dag.py
[2023-12-19T14:54:11.009+0000] {processor.py:830} INFO - Processing file /opt/airflow/dags/our_first_dag.py for tasks to queue
[2023-12-19T14:54:11.018+0000] {logging_mixin.py:188} INFO - [2023-12-19T14:54:11.017+0000] {dagbag.py:538} INFO - Filling up the DagBag from /opt/airflow/dags/our_first_dag.py
[2023-12-19T14:54:11.085+0000] {logging_mixin.py:188} INFO - [2023-12-19T14:54:11.077+0000] {dagbag.py:348} ERROR - Failed to import: /opt/airflow/dags/our_first_dag.py
Traceback (most recent call last):
  File "/home/airflow/.local/lib/python3.8/site-packages/airflow/models/dagbag.py", line 344, in parse
    loader.exec_module(new_module)
  File "<frozen importlib._bootstrap_external>", line 843, in exec_module
  File "<frozen importlib._bootstrap>", line 219, in _call_with_frames_removed
  File "/opt/airflow/dags/our_first_dag.py", line 26, in <module>
    task3 = BashOperator(
  File "/home/airflow/.local/lib/python3.8/site-packages/airflow/models/baseoperator.py", line 437, in apply_defaults
    result = func(self, **kwargs, default_args=default_args)
  File "/home/airflow/.local/lib/python3.8/site-packages/airflow/operators/bash.py", line 152, in __init__
    super().__init__(**kwargs)
  File "/home/airflow/.local/lib/python3.8/site-packages/airflow/models/baseoperator.py", line 437, in apply_defaults
    result = func(self, **kwargs, default_args=default_args)
  File "/home/airflow/.local/lib/python3.8/site-packages/airflow/models/baseoperator.py", line 816, in __init__
    task_group.add(self)
  File "/home/airflow/.local/lib/python3.8/site-packages/airflow/utils/task_group.py", line 231, in add
    raise DuplicateTaskIdFound(f"{node_type} id '{key}' has already been added to the DAG")
airflow.exceptions.DuplicateTaskIdFound: Task id 'second_task' has already been added to the DAG
[2023-12-19T14:54:11.088+0000] {processor.py:842} WARNING - No viable dags retrieved from /opt/airflow/dags/our_first_dag.py
[2023-12-19T14:54:11.169+0000] {processor.py:183} INFO - Processing /opt/airflow/dags/our_first_dag.py took 0.179 seconds
[2023-12-19T14:54:37.469+0000] {processor.py:161} INFO - Started process (PID=621) to work on /opt/airflow/dags/our_first_dag.py
[2023-12-19T14:54:37.477+0000] {processor.py:830} INFO - Processing file /opt/airflow/dags/our_first_dag.py for tasks to queue
[2023-12-19T14:54:37.486+0000] {logging_mixin.py:188} INFO - [2023-12-19T14:54:37.486+0000] {dagbag.py:538} INFO - Filling up the DagBag from /opt/airflow/dags/our_first_dag.py
[2023-12-19T14:54:38.622+0000] {logging_mixin.py:188} INFO - [2023-12-19T14:54:38.581+0000] {dagbag.py:348} ERROR - Failed to import: /opt/airflow/dags/our_first_dag.py
Traceback (most recent call last):
  File "/home/airflow/.local/lib/python3.8/site-packages/airflow/models/dagbag.py", line 344, in parse
    loader.exec_module(new_module)
  File "<frozen importlib._bootstrap_external>", line 843, in exec_module
  File "<frozen importlib._bootstrap>", line 219, in _call_with_frames_removed
  File "/opt/airflow/dags/our_first_dag.py", line 26, in <module>
    task3 = BashOperator(
  File "/home/airflow/.local/lib/python3.8/site-packages/airflow/models/baseoperator.py", line 437, in apply_defaults
    result = func(self, **kwargs, default_args=default_args)
  File "/home/airflow/.local/lib/python3.8/site-packages/airflow/operators/bash.py", line 152, in __init__
    super().__init__(**kwargs)
  File "/home/airflow/.local/lib/python3.8/site-packages/airflow/models/baseoperator.py", line 437, in apply_defaults
    result = func(self, **kwargs, default_args=default_args)
  File "/home/airflow/.local/lib/python3.8/site-packages/airflow/models/baseoperator.py", line 816, in __init__
    task_group.add(self)
  File "/home/airflow/.local/lib/python3.8/site-packages/airflow/utils/task_group.py", line 231, in add
    raise DuplicateTaskIdFound(f"{node_type} id '{key}' has already been added to the DAG")
airflow.exceptions.DuplicateTaskIdFound: Task id 'second_task' has already been added to the DAG
[2023-12-19T14:54:38.645+0000] {processor.py:842} WARNING - No viable dags retrieved from /opt/airflow/dags/our_first_dag.py
[2023-12-19T14:54:38.863+0000] {processor.py:183} INFO - Processing /opt/airflow/dags/our_first_dag.py took 1.408 seconds
[2023-12-19T14:54:56.087+0000] {processor.py:161} INFO - Started process (PID=632) to work on /opt/airflow/dags/our_first_dag.py
[2023-12-19T14:54:56.094+0000] {processor.py:830} INFO - Processing file /opt/airflow/dags/our_first_dag.py for tasks to queue
[2023-12-19T14:54:56.100+0000] {logging_mixin.py:188} INFO - [2023-12-19T14:54:56.098+0000] {dagbag.py:538} INFO - Filling up the DagBag from /opt/airflow/dags/our_first_dag.py
[2023-12-19T14:54:56.206+0000] {processor.py:840} INFO - DAG(s) 'our_first_dag_v3' retrieved from /opt/airflow/dags/our_first_dag.py
[2023-12-19T14:54:56.621+0000] {logging_mixin.py:188} INFO - [2023-12-19T14:54:56.618+0000] {override.py:1769} INFO - Created Permission View: can edit on DAG:our_first_dag_v3
[2023-12-19T14:54:56.645+0000] {logging_mixin.py:188} INFO - [2023-12-19T14:54:56.644+0000] {override.py:1769} INFO - Created Permission View: can delete on DAG:our_first_dag_v3
[2023-12-19T14:54:56.661+0000] {logging_mixin.py:188} INFO - [2023-12-19T14:54:56.660+0000] {override.py:1769} INFO - Created Permission View: can read on DAG:our_first_dag_v3
[2023-12-19T14:54:56.663+0000] {logging_mixin.py:188} INFO - [2023-12-19T14:54:56.662+0000] {dag.py:3033} INFO - Sync 1 DAGs
[2023-12-19T14:54:56.689+0000] {logging_mixin.py:188} INFO - [2023-12-19T14:54:56.689+0000] {dag.py:3055} INFO - Creating ORM DAG for our_first_dag_v3
[2023-12-19T14:54:56.713+0000] {logging_mixin.py:188} INFO - [2023-12-19T14:54:56.712+0000] {dag.py:3820} INFO - Setting next_dagrun for our_first_dag_v3 to 2023-12-18T00:00:00+00:00, run_after=2023-12-19T00:00:00+00:00
[2023-12-19T14:54:56.756+0000] {processor.py:183} INFO - Processing /opt/airflow/dags/our_first_dag.py took 0.681 seconds
[2023-12-19T14:55:26.928+0000] {processor.py:161} INFO - Started process (PID=661) to work on /opt/airflow/dags/our_first_dag.py
[2023-12-19T14:55:26.932+0000] {processor.py:830} INFO - Processing file /opt/airflow/dags/our_first_dag.py for tasks to queue
[2023-12-19T14:55:26.935+0000] {logging_mixin.py:188} INFO - [2023-12-19T14:55:26.934+0000] {dagbag.py:538} INFO - Filling up the DagBag from /opt/airflow/dags/our_first_dag.py
[2023-12-19T14:55:26.995+0000] {processor.py:840} INFO - DAG(s) 'our_first_dag_v3' retrieved from /opt/airflow/dags/our_first_dag.py
[2023-12-19T14:55:27.071+0000] {logging_mixin.py:188} INFO - [2023-12-19T14:55:27.071+0000] {dag.py:3033} INFO - Sync 1 DAGs
[2023-12-19T14:55:27.115+0000] {logging_mixin.py:188} INFO - [2023-12-19T14:55:27.115+0000] {dag.py:3820} INFO - Setting next_dagrun for our_first_dag_v3 to 2023-12-19T00:00:00+00:00, run_after=2023-12-20T00:00:00+00:00
[2023-12-19T14:55:27.149+0000] {processor.py:183} INFO - Processing /opt/airflow/dags/our_first_dag.py took 0.227 seconds
[2023-12-19T14:55:57.369+0000] {processor.py:161} INFO - Started process (PID=673) to work on /opt/airflow/dags/our_first_dag.py
[2023-12-19T14:55:57.388+0000] {processor.py:830} INFO - Processing file /opt/airflow/dags/our_first_dag.py for tasks to queue
[2023-12-19T14:55:57.398+0000] {logging_mixin.py:188} INFO - [2023-12-19T14:55:57.397+0000] {dagbag.py:538} INFO - Filling up the DagBag from /opt/airflow/dags/our_first_dag.py
[2023-12-19T14:55:57.470+0000] {processor.py:840} INFO - DAG(s) 'our_first_dag_v3' retrieved from /opt/airflow/dags/our_first_dag.py
[2023-12-19T14:55:57.542+0000] {logging_mixin.py:188} INFO - [2023-12-19T14:55:57.541+0000] {dag.py:3033} INFO - Sync 1 DAGs
[2023-12-19T14:55:57.597+0000] {logging_mixin.py:188} INFO - [2023-12-19T14:55:57.596+0000] {dag.py:3820} INFO - Setting next_dagrun for our_first_dag_v3 to 2023-12-19T00:00:00+00:00, run_after=2023-12-20T00:00:00+00:00
[2023-12-19T14:55:57.643+0000] {processor.py:183} INFO - Processing /opt/airflow/dags/our_first_dag.py took 0.284 seconds
[2023-12-19T14:56:27.935+0000] {processor.py:161} INFO - Started process (PID=684) to work on /opt/airflow/dags/our_first_dag.py
[2023-12-19T14:56:27.941+0000] {processor.py:830} INFO - Processing file /opt/airflow/dags/our_first_dag.py for tasks to queue
[2023-12-19T14:56:27.944+0000] {logging_mixin.py:188} INFO - [2023-12-19T14:56:27.943+0000] {dagbag.py:538} INFO - Filling up the DagBag from /opt/airflow/dags/our_first_dag.py
[2023-12-19T14:56:27.981+0000] {processor.py:840} INFO - DAG(s) 'our_first_dag_v3' retrieved from /opt/airflow/dags/our_first_dag.py
[2023-12-19T14:56:28.040+0000] {logging_mixin.py:188} INFO - [2023-12-19T14:56:28.039+0000] {dag.py:3033} INFO - Sync 1 DAGs
[2023-12-19T14:56:28.097+0000] {logging_mixin.py:188} INFO - [2023-12-19T14:56:28.097+0000] {dag.py:3820} INFO - Setting next_dagrun for our_first_dag_v3 to 2023-12-19T00:00:00+00:00, run_after=2023-12-20T00:00:00+00:00
[2023-12-19T14:56:28.139+0000] {processor.py:183} INFO - Processing /opt/airflow/dags/our_first_dag.py took 0.210 seconds
[2023-12-19T14:56:58.744+0000] {processor.py:161} INFO - Started process (PID=694) to work on /opt/airflow/dags/our_first_dag.py
[2023-12-19T14:56:58.759+0000] {processor.py:830} INFO - Processing file /opt/airflow/dags/our_first_dag.py for tasks to queue
[2023-12-19T14:56:58.763+0000] {logging_mixin.py:188} INFO - [2023-12-19T14:56:58.762+0000] {dagbag.py:538} INFO - Filling up the DagBag from /opt/airflow/dags/our_first_dag.py
[2023-12-19T14:56:58.807+0000] {processor.py:840} INFO - DAG(s) 'our_first_dag_v3' retrieved from /opt/airflow/dags/our_first_dag.py
[2023-12-19T14:56:59.179+0000] {logging_mixin.py:188} INFO - [2023-12-19T14:56:59.178+0000] {dag.py:3033} INFO - Sync 1 DAGs
[2023-12-19T14:56:59.335+0000] {logging_mixin.py:188} INFO - [2023-12-19T14:56:59.334+0000] {dag.py:3820} INFO - Setting next_dagrun for our_first_dag_v3 to 2023-12-19T00:00:00+00:00, run_after=2023-12-20T00:00:00+00:00
[2023-12-19T14:56:59.417+0000] {processor.py:183} INFO - Processing /opt/airflow/dags/our_first_dag.py took 0.684 seconds
[2023-12-19T14:57:29.931+0000] {processor.py:161} INFO - Started process (PID=705) to work on /opt/airflow/dags/our_first_dag.py
[2023-12-19T14:57:29.934+0000] {processor.py:830} INFO - Processing file /opt/airflow/dags/our_first_dag.py for tasks to queue
[2023-12-19T14:57:29.936+0000] {logging_mixin.py:188} INFO - [2023-12-19T14:57:29.936+0000] {dagbag.py:538} INFO - Filling up the DagBag from /opt/airflow/dags/our_first_dag.py
[2023-12-19T14:57:29.969+0000] {processor.py:840} INFO - DAG(s) 'our_first_dag_v3' retrieved from /opt/airflow/dags/our_first_dag.py
[2023-12-19T14:57:30.022+0000] {logging_mixin.py:188} INFO - [2023-12-19T14:57:30.022+0000] {dag.py:3033} INFO - Sync 1 DAGs
[2023-12-19T14:57:30.072+0000] {logging_mixin.py:188} INFO - [2023-12-19T14:57:30.071+0000] {dag.py:3820} INFO - Setting next_dagrun for our_first_dag_v3 to 2023-12-19T00:00:00+00:00, run_after=2023-12-20T00:00:00+00:00
[2023-12-19T14:57:30.114+0000] {processor.py:183} INFO - Processing /opt/airflow/dags/our_first_dag.py took 0.191 seconds
[2023-12-19T14:58:00.355+0000] {processor.py:161} INFO - Started process (PID=716) to work on /opt/airflow/dags/our_first_dag.py
[2023-12-19T14:58:00.360+0000] {processor.py:830} INFO - Processing file /opt/airflow/dags/our_first_dag.py for tasks to queue
[2023-12-19T14:58:00.365+0000] {logging_mixin.py:188} INFO - [2023-12-19T14:58:00.364+0000] {dagbag.py:538} INFO - Filling up the DagBag from /opt/airflow/dags/our_first_dag.py
[2023-12-19T14:58:00.398+0000] {processor.py:840} INFO - DAG(s) 'our_first_dag_v3' retrieved from /opt/airflow/dags/our_first_dag.py
[2023-12-19T14:58:00.446+0000] {logging_mixin.py:188} INFO - [2023-12-19T14:58:00.446+0000] {dag.py:3033} INFO - Sync 1 DAGs
[2023-12-19T14:58:00.491+0000] {logging_mixin.py:188} INFO - [2023-12-19T14:58:00.491+0000] {dag.py:3820} INFO - Setting next_dagrun for our_first_dag_v3 to 2023-12-19T00:00:00+00:00, run_after=2023-12-20T00:00:00+00:00
[2023-12-19T14:58:00.536+0000] {processor.py:183} INFO - Processing /opt/airflow/dags/our_first_dag.py took 0.188 seconds
[2023-12-19T14:58:30.787+0000] {processor.py:161} INFO - Started process (PID=729) to work on /opt/airflow/dags/our_first_dag.py
[2023-12-19T14:58:30.790+0000] {processor.py:830} INFO - Processing file /opt/airflow/dags/our_first_dag.py for tasks to queue
[2023-12-19T14:58:30.793+0000] {logging_mixin.py:188} INFO - [2023-12-19T14:58:30.793+0000] {dagbag.py:538} INFO - Filling up the DagBag from /opt/airflow/dags/our_first_dag.py
[2023-12-19T14:58:30.832+0000] {processor.py:840} INFO - DAG(s) 'our_first_dag_v3' retrieved from /opt/airflow/dags/our_first_dag.py
[2023-12-19T14:58:30.891+0000] {logging_mixin.py:188} INFO - [2023-12-19T14:58:30.890+0000] {dag.py:3033} INFO - Sync 1 DAGs
[2023-12-19T14:58:30.935+0000] {logging_mixin.py:188} INFO - [2023-12-19T14:58:30.935+0000] {dag.py:3820} INFO - Setting next_dagrun for our_first_dag_v3 to 2023-12-19T00:00:00+00:00, run_after=2023-12-20T00:00:00+00:00
[2023-12-19T14:58:30.975+0000] {processor.py:183} INFO - Processing /opt/airflow/dags/our_first_dag.py took 0.199 seconds
[2023-12-19T14:59:01.217+0000] {processor.py:161} INFO - Started process (PID=740) to work on /opt/airflow/dags/our_first_dag.py
[2023-12-19T14:59:01.219+0000] {processor.py:830} INFO - Processing file /opt/airflow/dags/our_first_dag.py for tasks to queue
[2023-12-19T14:59:01.225+0000] {logging_mixin.py:188} INFO - [2023-12-19T14:59:01.223+0000] {dagbag.py:538} INFO - Filling up the DagBag from /opt/airflow/dags/our_first_dag.py
[2023-12-19T14:59:01.282+0000] {processor.py:840} INFO - DAG(s) 'our_first_dag_v3' retrieved from /opt/airflow/dags/our_first_dag.py
[2023-12-19T14:59:01.346+0000] {logging_mixin.py:188} INFO - [2023-12-19T14:59:01.346+0000] {dag.py:3033} INFO - Sync 1 DAGs
[2023-12-19T14:59:01.401+0000] {logging_mixin.py:188} INFO - [2023-12-19T14:59:01.401+0000] {dag.py:3820} INFO - Setting next_dagrun for our_first_dag_v3 to 2023-12-19T00:00:00+00:00, run_after=2023-12-20T00:00:00+00:00
[2023-12-19T14:59:01.449+0000] {processor.py:183} INFO - Processing /opt/airflow/dags/our_first_dag.py took 0.248 seconds
[2023-12-19T14:59:31.704+0000] {processor.py:161} INFO - Started process (PID=752) to work on /opt/airflow/dags/our_first_dag.py
[2023-12-19T14:59:31.709+0000] {processor.py:830} INFO - Processing file /opt/airflow/dags/our_first_dag.py for tasks to queue
[2023-12-19T14:59:31.713+0000] {logging_mixin.py:188} INFO - [2023-12-19T14:59:31.712+0000] {dagbag.py:538} INFO - Filling up the DagBag from /opt/airflow/dags/our_first_dag.py
[2023-12-19T14:59:31.771+0000] {processor.py:840} INFO - DAG(s) 'our_first_dag_v3' retrieved from /opt/airflow/dags/our_first_dag.py
[2023-12-19T14:59:31.833+0000] {logging_mixin.py:188} INFO - [2023-12-19T14:59:31.831+0000] {dag.py:3033} INFO - Sync 1 DAGs
[2023-12-19T14:59:31.896+0000] {logging_mixin.py:188} INFO - [2023-12-19T14:59:31.895+0000] {dag.py:3820} INFO - Setting next_dagrun for our_first_dag_v3 to 2023-12-19T00:00:00+00:00, run_after=2023-12-20T00:00:00+00:00
[2023-12-19T14:59:31.945+0000] {processor.py:183} INFO - Processing /opt/airflow/dags/our_first_dag.py took 0.254 seconds
[2023-12-19T15:00:02.207+0000] {processor.py:161} INFO - Started process (PID=764) to work on /opt/airflow/dags/our_first_dag.py
[2023-12-19T15:00:02.210+0000] {processor.py:830} INFO - Processing file /opt/airflow/dags/our_first_dag.py for tasks to queue
[2023-12-19T15:00:02.213+0000] {logging_mixin.py:188} INFO - [2023-12-19T15:00:02.212+0000] {dagbag.py:538} INFO - Filling up the DagBag from /opt/airflow/dags/our_first_dag.py
[2023-12-19T15:00:02.243+0000] {processor.py:840} INFO - DAG(s) 'our_first_dag_v3' retrieved from /opt/airflow/dags/our_first_dag.py
[2023-12-19T15:00:02.288+0000] {logging_mixin.py:188} INFO - [2023-12-19T15:00:02.288+0000] {dag.py:3033} INFO - Sync 1 DAGs
[2023-12-19T15:00:02.335+0000] {logging_mixin.py:188} INFO - [2023-12-19T15:00:02.334+0000] {dag.py:3820} INFO - Setting next_dagrun for our_first_dag_v3 to 2023-12-19T00:00:00+00:00, run_after=2023-12-20T00:00:00+00:00
[2023-12-19T15:00:02.374+0000] {processor.py:183} INFO - Processing /opt/airflow/dags/our_first_dag.py took 0.176 seconds
[2023-12-19T15:00:32.597+0000] {processor.py:161} INFO - Started process (PID=776) to work on /opt/airflow/dags/our_first_dag.py
[2023-12-19T15:00:32.602+0000] {processor.py:830} INFO - Processing file /opt/airflow/dags/our_first_dag.py for tasks to queue
[2023-12-19T15:00:32.607+0000] {logging_mixin.py:188} INFO - [2023-12-19T15:00:32.606+0000] {dagbag.py:538} INFO - Filling up the DagBag from /opt/airflow/dags/our_first_dag.py
[2023-12-19T15:00:32.638+0000] {processor.py:840} INFO - DAG(s) 'our_first_dag_v3' retrieved from /opt/airflow/dags/our_first_dag.py
[2023-12-19T15:00:32.688+0000] {logging_mixin.py:188} INFO - [2023-12-19T15:00:32.687+0000] {dag.py:3033} INFO - Sync 1 DAGs
[2023-12-19T15:00:32.731+0000] {logging_mixin.py:188} INFO - [2023-12-19T15:00:32.731+0000] {dag.py:3820} INFO - Setting next_dagrun for our_first_dag_v3 to 2023-12-19T00:00:00+00:00, run_after=2023-12-20T00:00:00+00:00
[2023-12-19T15:00:32.762+0000] {processor.py:183} INFO - Processing /opt/airflow/dags/our_first_dag.py took 0.171 seconds
[2023-12-19T15:01:03.094+0000] {processor.py:161} INFO - Started process (PID=789) to work on /opt/airflow/dags/our_first_dag.py
[2023-12-19T15:01:03.097+0000] {processor.py:830} INFO - Processing file /opt/airflow/dags/our_first_dag.py for tasks to queue
[2023-12-19T15:01:03.101+0000] {logging_mixin.py:188} INFO - [2023-12-19T15:01:03.100+0000] {dagbag.py:538} INFO - Filling up the DagBag from /opt/airflow/dags/our_first_dag.py
[2023-12-19T15:01:03.141+0000] {processor.py:840} INFO - DAG(s) 'our_first_dag_v3' retrieved from /opt/airflow/dags/our_first_dag.py
[2023-12-19T15:01:03.209+0000] {logging_mixin.py:188} INFO - [2023-12-19T15:01:03.209+0000] {dag.py:3033} INFO - Sync 1 DAGs
[2023-12-19T15:01:03.268+0000] {logging_mixin.py:188} INFO - [2023-12-19T15:01:03.268+0000] {dag.py:3820} INFO - Setting next_dagrun for our_first_dag_v3 to 2023-12-19T00:00:00+00:00, run_after=2023-12-20T00:00:00+00:00
[2023-12-19T15:01:03.309+0000] {processor.py:183} INFO - Processing /opt/airflow/dags/our_first_dag.py took 0.225 seconds
[2023-12-19T15:01:33.660+0000] {processor.py:161} INFO - Started process (PID=801) to work on /opt/airflow/dags/our_first_dag.py
[2023-12-19T15:01:33.664+0000] {processor.py:830} INFO - Processing file /opt/airflow/dags/our_first_dag.py for tasks to queue
[2023-12-19T15:01:33.666+0000] {logging_mixin.py:188} INFO - [2023-12-19T15:01:33.666+0000] {dagbag.py:538} INFO - Filling up the DagBag from /opt/airflow/dags/our_first_dag.py
[2023-12-19T15:01:33.697+0000] {processor.py:840} INFO - DAG(s) 'our_first_dag_v3' retrieved from /opt/airflow/dags/our_first_dag.py
[2023-12-19T15:01:33.778+0000] {logging_mixin.py:188} INFO - [2023-12-19T15:01:33.778+0000] {dag.py:3033} INFO - Sync 1 DAGs
[2023-12-19T15:01:33.822+0000] {logging_mixin.py:188} INFO - [2023-12-19T15:01:33.822+0000] {dag.py:3820} INFO - Setting next_dagrun for our_first_dag_v3 to 2023-12-19T00:00:00+00:00, run_after=2023-12-20T00:00:00+00:00
[2023-12-19T15:01:33.865+0000] {processor.py:183} INFO - Processing /opt/airflow/dags/our_first_dag.py took 0.212 seconds
[2023-12-19T15:02:03.977+0000] {processor.py:161} INFO - Started process (PID=811) to work on /opt/airflow/dags/our_first_dag.py
[2023-12-19T15:02:03.981+0000] {processor.py:830} INFO - Processing file /opt/airflow/dags/our_first_dag.py for tasks to queue
[2023-12-19T15:02:03.983+0000] {logging_mixin.py:188} INFO - [2023-12-19T15:02:03.983+0000] {dagbag.py:538} INFO - Filling up the DagBag from /opt/airflow/dags/our_first_dag.py
[2023-12-19T15:02:04.014+0000] {processor.py:840} INFO - DAG(s) 'our_first_dag_v3' retrieved from /opt/airflow/dags/our_first_dag.py
[2023-12-19T15:02:04.067+0000] {logging_mixin.py:188} INFO - [2023-12-19T15:02:04.067+0000] {dag.py:3033} INFO - Sync 1 DAGs
[2023-12-19T15:02:04.111+0000] {logging_mixin.py:188} INFO - [2023-12-19T15:02:04.111+0000] {dag.py:3820} INFO - Setting next_dagrun for our_first_dag_v3 to 2023-12-19T00:00:00+00:00, run_after=2023-12-20T00:00:00+00:00
[2023-12-19T15:02:04.145+0000] {processor.py:183} INFO - Processing /opt/airflow/dags/our_first_dag.py took 0.174 seconds
[2023-12-19T15:02:34.357+0000] {processor.py:161} INFO - Started process (PID=823) to work on /opt/airflow/dags/our_first_dag.py
[2023-12-19T15:02:34.360+0000] {processor.py:830} INFO - Processing file /opt/airflow/dags/our_first_dag.py for tasks to queue
[2023-12-19T15:02:34.363+0000] {logging_mixin.py:188} INFO - [2023-12-19T15:02:34.363+0000] {dagbag.py:538} INFO - Filling up the DagBag from /opt/airflow/dags/our_first_dag.py
[2023-12-19T15:02:34.395+0000] {processor.py:840} INFO - DAG(s) 'our_first_dag_v3' retrieved from /opt/airflow/dags/our_first_dag.py
[2023-12-19T15:02:34.458+0000] {logging_mixin.py:188} INFO - [2023-12-19T15:02:34.458+0000] {dag.py:3033} INFO - Sync 1 DAGs
[2023-12-19T15:02:34.514+0000] {logging_mixin.py:188} INFO - [2023-12-19T15:02:34.514+0000] {dag.py:3820} INFO - Setting next_dagrun for our_first_dag_v3 to 2023-12-19T00:00:00+00:00, run_after=2023-12-20T00:00:00+00:00
[2023-12-19T15:02:34.561+0000] {processor.py:183} INFO - Processing /opt/airflow/dags/our_first_dag.py took 0.210 seconds
[2023-12-19T15:03:04.655+0000] {processor.py:161} INFO - Started process (PID=834) to work on /opt/airflow/dags/our_first_dag.py
[2023-12-19T15:03:04.659+0000] {processor.py:830} INFO - Processing file /opt/airflow/dags/our_first_dag.py for tasks to queue
[2023-12-19T15:03:04.662+0000] {logging_mixin.py:188} INFO - [2023-12-19T15:03:04.661+0000] {dagbag.py:538} INFO - Filling up the DagBag from /opt/airflow/dags/our_first_dag.py
[2023-12-19T15:03:04.694+0000] {processor.py:840} INFO - DAG(s) 'our_first_dag_v3' retrieved from /opt/airflow/dags/our_first_dag.py
[2023-12-19T15:03:04.742+0000] {logging_mixin.py:188} INFO - [2023-12-19T15:03:04.741+0000] {dag.py:3033} INFO - Sync 1 DAGs
[2023-12-19T15:03:04.788+0000] {logging_mixin.py:188} INFO - [2023-12-19T15:03:04.787+0000] {dag.py:3820} INFO - Setting next_dagrun for our_first_dag_v3 to 2023-12-19T00:00:00+00:00, run_after=2023-12-20T00:00:00+00:00
[2023-12-19T15:03:04.828+0000] {processor.py:183} INFO - Processing /opt/airflow/dags/our_first_dag.py took 0.179 seconds
[2023-12-19T15:03:35.091+0000] {processor.py:161} INFO - Started process (PID=846) to work on /opt/airflow/dags/our_first_dag.py
[2023-12-19T15:03:35.094+0000] {processor.py:830} INFO - Processing file /opt/airflow/dags/our_first_dag.py for tasks to queue
[2023-12-19T15:03:35.099+0000] {logging_mixin.py:188} INFO - [2023-12-19T15:03:35.097+0000] {dagbag.py:538} INFO - Filling up the DagBag from /opt/airflow/dags/our_first_dag.py
[2023-12-19T15:03:35.136+0000] {processor.py:840} INFO - DAG(s) 'our_first_dag_v3' retrieved from /opt/airflow/dags/our_first_dag.py
[2023-12-19T15:03:35.200+0000] {logging_mixin.py:188} INFO - [2023-12-19T15:03:35.200+0000] {dag.py:3033} INFO - Sync 1 DAGs
[2023-12-19T15:03:35.248+0000] {logging_mixin.py:188} INFO - [2023-12-19T15:03:35.248+0000] {dag.py:3820} INFO - Setting next_dagrun for our_first_dag_v3 to 2023-12-19T00:00:00+00:00, run_after=2023-12-20T00:00:00+00:00
[2023-12-19T15:03:35.281+0000] {processor.py:183} INFO - Processing /opt/airflow/dags/our_first_dag.py took 0.200 seconds
[2023-12-19T15:04:05.378+0000] {processor.py:161} INFO - Started process (PID=857) to work on /opt/airflow/dags/our_first_dag.py
[2023-12-19T15:04:05.381+0000] {processor.py:830} INFO - Processing file /opt/airflow/dags/our_first_dag.py for tasks to queue
[2023-12-19T15:04:05.384+0000] {logging_mixin.py:188} INFO - [2023-12-19T15:04:05.383+0000] {dagbag.py:538} INFO - Filling up the DagBag from /opt/airflow/dags/our_first_dag.py
[2023-12-19T15:04:05.418+0000] {processor.py:840} INFO - DAG(s) 'our_first_dag_v3' retrieved from /opt/airflow/dags/our_first_dag.py
[2023-12-19T15:04:05.471+0000] {logging_mixin.py:188} INFO - [2023-12-19T15:04:05.471+0000] {dag.py:3033} INFO - Sync 1 DAGs
[2023-12-19T15:04:05.510+0000] {logging_mixin.py:188} INFO - [2023-12-19T15:04:05.510+0000] {dag.py:3820} INFO - Setting next_dagrun for our_first_dag_v3 to 2023-12-19T00:00:00+00:00, run_after=2023-12-20T00:00:00+00:00
[2023-12-19T15:04:05.547+0000] {processor.py:183} INFO - Processing /opt/airflow/dags/our_first_dag.py took 0.194 seconds
[2023-12-19T15:04:35.824+0000] {processor.py:161} INFO - Started process (PID=869) to work on /opt/airflow/dags/our_first_dag.py
[2023-12-19T15:04:35.827+0000] {processor.py:830} INFO - Processing file /opt/airflow/dags/our_first_dag.py for tasks to queue
[2023-12-19T15:04:35.831+0000] {logging_mixin.py:188} INFO - [2023-12-19T15:04:35.830+0000] {dagbag.py:538} INFO - Filling up the DagBag from /opt/airflow/dags/our_first_dag.py
[2023-12-19T15:04:35.871+0000] {processor.py:840} INFO - DAG(s) 'our_first_dag_v3' retrieved from /opt/airflow/dags/our_first_dag.py
[2023-12-19T15:04:35.933+0000] {logging_mixin.py:188} INFO - [2023-12-19T15:04:35.933+0000] {dag.py:3033} INFO - Sync 1 DAGs
[2023-12-19T15:04:35.973+0000] {logging_mixin.py:188} INFO - [2023-12-19T15:04:35.973+0000] {dag.py:3820} INFO - Setting next_dagrun for our_first_dag_v3 to 2023-12-19T00:00:00+00:00, run_after=2023-12-20T00:00:00+00:00
[2023-12-19T15:04:36.012+0000] {processor.py:183} INFO - Processing /opt/airflow/dags/our_first_dag.py took 0.197 seconds
[2023-12-19T15:05:06.254+0000] {processor.py:161} INFO - Started process (PID=881) to work on /opt/airflow/dags/our_first_dag.py
[2023-12-19T15:05:06.257+0000] {processor.py:830} INFO - Processing file /opt/airflow/dags/our_first_dag.py for tasks to queue
[2023-12-19T15:05:06.260+0000] {logging_mixin.py:188} INFO - [2023-12-19T15:05:06.259+0000] {dagbag.py:538} INFO - Filling up the DagBag from /opt/airflow/dags/our_first_dag.py
[2023-12-19T15:05:06.291+0000] {processor.py:840} INFO - DAG(s) 'our_first_dag_v3' retrieved from /opt/airflow/dags/our_first_dag.py
[2023-12-19T15:05:06.362+0000] {logging_mixin.py:188} INFO - [2023-12-19T15:05:06.362+0000] {dag.py:3033} INFO - Sync 1 DAGs
[2023-12-19T15:05:06.483+0000] {logging_mixin.py:188} INFO - [2023-12-19T15:05:06.482+0000] {dag.py:3820} INFO - Setting next_dagrun for our_first_dag_v3 to 2023-12-19T00:00:00+00:00, run_after=2023-12-20T00:00:00+00:00
[2023-12-19T15:05:06.525+0000] {processor.py:183} INFO - Processing /opt/airflow/dags/our_first_dag.py took 0.282 seconds
[2023-12-19T15:05:36.820+0000] {processor.py:161} INFO - Started process (PID=894) to work on /opt/airflow/dags/our_first_dag.py
[2023-12-19T15:05:36.823+0000] {processor.py:830} INFO - Processing file /opt/airflow/dags/our_first_dag.py for tasks to queue
[2023-12-19T15:05:36.827+0000] {logging_mixin.py:188} INFO - [2023-12-19T15:05:36.826+0000] {dagbag.py:538} INFO - Filling up the DagBag from /opt/airflow/dags/our_first_dag.py
[2023-12-19T15:05:36.859+0000] {processor.py:840} INFO - DAG(s) 'our_first_dag_v3' retrieved from /opt/airflow/dags/our_first_dag.py
[2023-12-19T15:05:36.916+0000] {logging_mixin.py:188} INFO - [2023-12-19T15:05:36.916+0000] {dag.py:3033} INFO - Sync 1 DAGs
[2023-12-19T15:05:36.956+0000] {logging_mixin.py:188} INFO - [2023-12-19T15:05:36.956+0000] {dag.py:3820} INFO - Setting next_dagrun for our_first_dag_v3 to 2023-12-19T00:00:00+00:00, run_after=2023-12-20T00:00:00+00:00
[2023-12-19T15:05:36.991+0000] {processor.py:183} INFO - Processing /opt/airflow/dags/our_first_dag.py took 0.182 seconds
[2023-12-19T15:06:07.092+0000] {processor.py:161} INFO - Started process (PID=906) to work on /opt/airflow/dags/our_first_dag.py
[2023-12-19T15:06:07.094+0000] {processor.py:830} INFO - Processing file /opt/airflow/dags/our_first_dag.py for tasks to queue
[2023-12-19T15:06:07.097+0000] {logging_mixin.py:188} INFO - [2023-12-19T15:06:07.097+0000] {dagbag.py:538} INFO - Filling up the DagBag from /opt/airflow/dags/our_first_dag.py
[2023-12-19T15:06:07.127+0000] {processor.py:840} INFO - DAG(s) 'our_first_dag_v3' retrieved from /opt/airflow/dags/our_first_dag.py
[2023-12-19T15:06:07.173+0000] {logging_mixin.py:188} INFO - [2023-12-19T15:06:07.173+0000] {dag.py:3033} INFO - Sync 1 DAGs
[2023-12-19T15:06:07.217+0000] {logging_mixin.py:188} INFO - [2023-12-19T15:06:07.216+0000] {dag.py:3820} INFO - Setting next_dagrun for our_first_dag_v3 to 2023-12-19T00:00:00+00:00, run_after=2023-12-20T00:00:00+00:00
[2023-12-19T15:06:07.262+0000] {processor.py:183} INFO - Processing /opt/airflow/dags/our_first_dag.py took 0.176 seconds
[2023-12-19T15:06:37.469+0000] {processor.py:161} INFO - Started process (PID=918) to work on /opt/airflow/dags/our_first_dag.py
[2023-12-19T15:06:37.474+0000] {processor.py:830} INFO - Processing file /opt/airflow/dags/our_first_dag.py for tasks to queue
[2023-12-19T15:06:37.479+0000] {logging_mixin.py:188} INFO - [2023-12-19T15:06:37.478+0000] {dagbag.py:538} INFO - Filling up the DagBag from /opt/airflow/dags/our_first_dag.py
[2023-12-19T15:06:37.523+0000] {processor.py:840} INFO - DAG(s) 'our_first_dag_v3' retrieved from /opt/airflow/dags/our_first_dag.py
[2023-12-19T15:06:37.576+0000] {logging_mixin.py:188} INFO - [2023-12-19T15:06:37.576+0000] {dag.py:3033} INFO - Sync 1 DAGs
[2023-12-19T15:06:37.616+0000] {logging_mixin.py:188} INFO - [2023-12-19T15:06:37.616+0000] {dag.py:3820} INFO - Setting next_dagrun for our_first_dag_v3 to 2023-12-19T00:00:00+00:00, run_after=2023-12-20T00:00:00+00:00
[2023-12-19T15:06:37.650+0000] {processor.py:183} INFO - Processing /opt/airflow/dags/our_first_dag.py took 0.187 seconds
[2023-12-19T15:07:07.853+0000] {processor.py:161} INFO - Started process (PID=930) to work on /opt/airflow/dags/our_first_dag.py
[2023-12-19T15:07:07.856+0000] {processor.py:830} INFO - Processing file /opt/airflow/dags/our_first_dag.py for tasks to queue
[2023-12-19T15:07:07.860+0000] {logging_mixin.py:188} INFO - [2023-12-19T15:07:07.859+0000] {dagbag.py:538} INFO - Filling up the DagBag from /opt/airflow/dags/our_first_dag.py
[2023-12-19T15:07:07.923+0000] {processor.py:840} INFO - DAG(s) 'our_first_dag_v3' retrieved from /opt/airflow/dags/our_first_dag.py
[2023-12-19T15:07:07.981+0000] {logging_mixin.py:188} INFO - [2023-12-19T15:07:07.980+0000] {dag.py:3033} INFO - Sync 1 DAGs
[2023-12-19T15:07:08.035+0000] {logging_mixin.py:188} INFO - [2023-12-19T15:07:08.035+0000] {dag.py:3820} INFO - Setting next_dagrun for our_first_dag_v3 to 2023-12-19T00:00:00+00:00, run_after=2023-12-20T00:00:00+00:00
[2023-12-19T15:07:08.115+0000] {processor.py:183} INFO - Processing /opt/airflow/dags/our_first_dag.py took 0.271 seconds
[2023-12-19T15:07:53.072+0000] {processor.py:161} INFO - Started process (PID=942) to work on /opt/airflow/dags/our_first_dag.py
[2023-12-19T15:07:53.079+0000] {processor.py:830} INFO - Processing file /opt/airflow/dags/our_first_dag.py for tasks to queue
[2023-12-19T15:08:44.658+0000] {logging_mixin.py:188} INFO - [2023-12-19T15:08:44.658+0000] {dagbag.py:538} INFO - Filling up the DagBag from /opt/airflow/dags/our_first_dag.py
[2023-12-19T15:08:45.945+0000] {processor.py:840} INFO - DAG(s) 'our_first_dag_v3' retrieved from /opt/airflow/dags/our_first_dag.py
[2023-12-19T17:09:11.658+0000] {processor.py:161} INFO - Started process (PID=955) to work on /opt/airflow/dags/our_first_dag.py
[2023-12-19T17:09:11.887+0000] {processor.py:830} INFO - Processing file /opt/airflow/dags/our_first_dag.py for tasks to queue
[2023-12-19T17:09:11.914+0000] {logging_mixin.py:188} INFO - [2023-12-19T17:09:11.913+0000] {dagbag.py:538} INFO - Filling up the DagBag from /opt/airflow/dags/our_first_dag.py
[2023-12-19T17:09:12.228+0000] {processor.py:840} INFO - DAG(s) 'our_first_dag_v3' retrieved from /opt/airflow/dags/our_first_dag.py
[2023-12-19T17:09:14.530+0000] {logging_mixin.py:188} INFO - [2023-12-19T17:09:14.523+0000] {dag.py:3033} INFO - Sync 1 DAGs
[2023-12-19T17:09:14.650+0000] {logging_mixin.py:188} INFO - [2023-12-19T17:09:14.649+0000] {dag.py:3820} INFO - Setting next_dagrun for our_first_dag_v3 to 2023-12-19T00:00:00+00:00, run_after=2023-12-20T00:00:00+00:00
[2023-12-19T17:09:14.731+0000] {processor.py:183} INFO - Processing /opt/airflow/dags/our_first_dag.py took 3.217 seconds
