[2023-12-20T11:51:14.113+0000] {processor.py:161} INFO - Started process (PID=14747) to work on /opt/airflow/dags/dag_with_cron_expression.py
[2023-12-20T11:51:14.145+0000] {processor.py:830} INFO - Processing file /opt/airflow/dags/dag_with_cron_expression.py for tasks to queue
[2023-12-20T11:51:14.175+0000] {logging_mixin.py:188} INFO - [2023-12-20T11:51:14.173+0000] {dagbag.py:538} INFO - Filling up the DagBag from /opt/airflow/dags/dag_with_cron_expression.py
[2023-12-20T11:51:14.486+0000] {processor.py:840} INFO - DAG(s) 'dag_with_cron_expression_v01' retrieved from /opt/airflow/dags/dag_with_cron_expression.py
[2023-12-20T11:51:14.819+0000] {logging_mixin.py:188} INFO - [2023-12-20T11:51:14.817+0000] {override.py:1769} INFO - Created Permission View: can edit on DAG:dag_with_cron_expression_v01
[2023-12-20T11:51:14.847+0000] {logging_mixin.py:188} INFO - [2023-12-20T11:51:14.846+0000] {override.py:1769} INFO - Created Permission View: can delete on DAG:dag_with_cron_expression_v01
[2023-12-20T11:51:14.875+0000] {logging_mixin.py:188} INFO - [2023-12-20T11:51:14.875+0000] {override.py:1769} INFO - Created Permission View: can read on DAG:dag_with_cron_expression_v01
[2023-12-20T11:51:14.878+0000] {logging_mixin.py:188} INFO - [2023-12-20T11:51:14.878+0000] {dag.py:3033} INFO - Sync 1 DAGs
[2023-12-20T11:51:14.923+0000] {logging_mixin.py:188} INFO - [2023-12-20T11:51:14.923+0000] {dag.py:3055} INFO - Creating ORM DAG for dag_with_cron_expression_v01
[2023-12-20T11:51:14.955+0000] {logging_mixin.py:188} INFO - [2023-12-20T11:51:14.954+0000] {dag.py:3820} INFO - Setting next_dagrun for dag_with_cron_expression_v01 to 2023-12-10T00:00:00+00:00, run_after=2023-12-11T00:00:00+00:00
[2023-12-20T11:51:15.009+0000] {processor.py:183} INFO - Processing /opt/airflow/dags/dag_with_cron_expression.py took 0.961 seconds
[2023-12-20T11:51:45.158+0000] {processor.py:161} INFO - Started process (PID=14781) to work on /opt/airflow/dags/dag_with_cron_expression.py
[2023-12-20T11:51:45.161+0000] {processor.py:830} INFO - Processing file /opt/airflow/dags/dag_with_cron_expression.py for tasks to queue
[2023-12-20T11:51:45.164+0000] {logging_mixin.py:188} INFO - [2023-12-20T11:51:45.163+0000] {dagbag.py:538} INFO - Filling up the DagBag from /opt/airflow/dags/dag_with_cron_expression.py
[2023-12-20T11:51:45.200+0000] {processor.py:840} INFO - DAG(s) 'dag_with_cron_expression_v01' retrieved from /opt/airflow/dags/dag_with_cron_expression.py
[2023-12-20T11:51:45.249+0000] {logging_mixin.py:188} INFO - [2023-12-20T11:51:45.249+0000] {dag.py:3033} INFO - Sync 1 DAGs
[2023-12-20T11:51:45.291+0000] {logging_mixin.py:188} INFO - [2023-12-20T11:51:45.291+0000] {dag.py:3820} INFO - Setting next_dagrun for dag_with_cron_expression_v01 to 2023-12-10T00:00:00+00:00, run_after=2023-12-11T00:00:00+00:00
[2023-12-20T11:51:45.330+0000] {processor.py:183} INFO - Processing /opt/airflow/dags/dag_with_cron_expression.py took 0.180 seconds
[2023-12-20T11:52:15.857+0000] {processor.py:161} INFO - Started process (PID=14840) to work on /opt/airflow/dags/dag_with_cron_expression.py
[2023-12-20T11:52:15.866+0000] {processor.py:830} INFO - Processing file /opt/airflow/dags/dag_with_cron_expression.py for tasks to queue
[2023-12-20T11:52:15.871+0000] {logging_mixin.py:188} INFO - [2023-12-20T11:52:15.870+0000] {dagbag.py:538} INFO - Filling up the DagBag from /opt/airflow/dags/dag_with_cron_expression.py
[2023-12-20T11:52:15.922+0000] {processor.py:840} INFO - DAG(s) 'dag_with_cron_expression_v01' retrieved from /opt/airflow/dags/dag_with_cron_expression.py
[2023-12-20T11:52:15.998+0000] {logging_mixin.py:188} INFO - [2023-12-20T11:52:15.998+0000] {dag.py:3033} INFO - Sync 1 DAGs
[2023-12-20T11:52:16.204+0000] {logging_mixin.py:188} INFO - [2023-12-20T11:52:16.204+0000] {dag.py:3820} INFO - Setting next_dagrun for dag_with_cron_expression_v01 to 2023-12-20T00:00:00+00:00, run_after=2023-12-21T00:00:00+00:00
[2023-12-20T11:52:16.307+0000] {processor.py:183} INFO - Processing /opt/airflow/dags/dag_with_cron_expression.py took 0.464 seconds
[2023-12-20T11:52:47.089+0000] {processor.py:161} INFO - Started process (PID=14873) to work on /opt/airflow/dags/dag_with_cron_expression.py
[2023-12-20T11:52:47.094+0000] {processor.py:830} INFO - Processing file /opt/airflow/dags/dag_with_cron_expression.py for tasks to queue
[2023-12-20T11:52:47.100+0000] {logging_mixin.py:188} INFO - [2023-12-20T11:52:47.099+0000] {dagbag.py:538} INFO - Filling up the DagBag from /opt/airflow/dags/dag_with_cron_expression.py
[2023-12-20T11:52:47.158+0000] {processor.py:840} INFO - DAG(s) 'dag_with_cron_expression_v01' retrieved from /opt/airflow/dags/dag_with_cron_expression.py
[2023-12-20T11:52:47.274+0000] {logging_mixin.py:188} INFO - [2023-12-20T11:52:47.272+0000] {dag.py:3033} INFO - Sync 1 DAGs
[2023-12-20T11:52:47.359+0000] {logging_mixin.py:188} INFO - [2023-12-20T11:52:47.357+0000] {dag.py:3820} INFO - Setting next_dagrun for dag_with_cron_expression_v01 to 2023-12-20T00:00:00+00:00, run_after=2023-12-21T00:00:00+00:00
[2023-12-20T11:52:47.416+0000] {processor.py:183} INFO - Processing /opt/airflow/dags/dag_with_cron_expression.py took 0.339 seconds
[2023-12-20T11:53:17.564+0000] {processor.py:161} INFO - Started process (PID=14905) to work on /opt/airflow/dags/dag_with_cron_expression.py
[2023-12-20T11:53:17.568+0000] {processor.py:830} INFO - Processing file /opt/airflow/dags/dag_with_cron_expression.py for tasks to queue
[2023-12-20T11:53:17.573+0000] {logging_mixin.py:188} INFO - [2023-12-20T11:53:17.572+0000] {dagbag.py:538} INFO - Filling up the DagBag from /opt/airflow/dags/dag_with_cron_expression.py
[2023-12-20T11:53:17.633+0000] {processor.py:840} INFO - DAG(s) 'dag_with_cron_expression_v01' retrieved from /opt/airflow/dags/dag_with_cron_expression.py
[2023-12-20T11:53:17.745+0000] {logging_mixin.py:188} INFO - [2023-12-20T11:53:17.744+0000] {dag.py:3033} INFO - Sync 1 DAGs
[2023-12-20T11:53:17.817+0000] {logging_mixin.py:188} INFO - [2023-12-20T11:53:17.816+0000] {dag.py:3820} INFO - Setting next_dagrun for dag_with_cron_expression_v01 to 2023-12-20T00:00:00+00:00, run_after=2023-12-21T00:00:00+00:00
[2023-12-20T11:53:17.888+0000] {processor.py:183} INFO - Processing /opt/airflow/dags/dag_with_cron_expression.py took 0.335 seconds
[2023-12-20T11:53:48.272+0000] {processor.py:161} INFO - Started process (PID=14937) to work on /opt/airflow/dags/dag_with_cron_expression.py
[2023-12-20T11:53:48.285+0000] {processor.py:830} INFO - Processing file /opt/airflow/dags/dag_with_cron_expression.py for tasks to queue
[2023-12-20T11:53:48.305+0000] {logging_mixin.py:188} INFO - [2023-12-20T11:53:48.303+0000] {dagbag.py:538} INFO - Filling up the DagBag from /opt/airflow/dags/dag_with_cron_expression.py
[2023-12-20T11:53:48.390+0000] {processor.py:840} INFO - DAG(s) 'dag_with_cron_expression_v01' retrieved from /opt/airflow/dags/dag_with_cron_expression.py
[2023-12-20T11:53:48.447+0000] {logging_mixin.py:188} INFO - [2023-12-20T11:53:48.447+0000] {dag.py:3033} INFO - Sync 1 DAGs
[2023-12-20T11:53:48.588+0000] {logging_mixin.py:188} INFO - [2023-12-20T11:53:48.588+0000] {dag.py:3820} INFO - Setting next_dagrun for dag_with_cron_expression_v01 to 2023-12-20T00:00:00+00:00, run_after=2023-12-21T00:00:00+00:00
[2023-12-20T11:53:48.629+0000] {processor.py:183} INFO - Processing /opt/airflow/dags/dag_with_cron_expression.py took 0.371 seconds
[2023-12-20T11:54:19.408+0000] {processor.py:161} INFO - Started process (PID=14969) to work on /opt/airflow/dags/dag_with_cron_expression.py
[2023-12-20T11:54:19.413+0000] {processor.py:830} INFO - Processing file /opt/airflow/dags/dag_with_cron_expression.py for tasks to queue
[2023-12-20T11:54:19.418+0000] {logging_mixin.py:188} INFO - [2023-12-20T11:54:19.416+0000] {dagbag.py:538} INFO - Filling up the DagBag from /opt/airflow/dags/dag_with_cron_expression.py
[2023-12-20T11:54:19.470+0000] {processor.py:840} INFO - DAG(s) 'dag_with_cron_expression_v01' retrieved from /opt/airflow/dags/dag_with_cron_expression.py
[2023-12-20T11:54:19.550+0000] {logging_mixin.py:188} INFO - [2023-12-20T11:54:19.550+0000] {dag.py:3033} INFO - Sync 1 DAGs
[2023-12-20T11:54:19.627+0000] {logging_mixin.py:188} INFO - [2023-12-20T11:54:19.626+0000] {dag.py:3820} INFO - Setting next_dagrun for dag_with_cron_expression_v01 to 2023-12-20T00:00:00+00:00, run_after=2023-12-21T00:00:00+00:00
[2023-12-20T11:54:19.694+0000] {processor.py:183} INFO - Processing /opt/airflow/dags/dag_with_cron_expression.py took 0.298 seconds
[2023-12-20T11:54:49.942+0000] {processor.py:161} INFO - Started process (PID=14999) to work on /opt/airflow/dags/dag_with_cron_expression.py
[2023-12-20T11:54:49.946+0000] {processor.py:830} INFO - Processing file /opt/airflow/dags/dag_with_cron_expression.py for tasks to queue
[2023-12-20T11:54:49.949+0000] {logging_mixin.py:188} INFO - [2023-12-20T11:54:49.948+0000] {dagbag.py:538} INFO - Filling up the DagBag from /opt/airflow/dags/dag_with_cron_expression.py
[2023-12-20T11:54:50.007+0000] {processor.py:840} INFO - DAG(s) 'dag_with_cron_expression_v01' retrieved from /opt/airflow/dags/dag_with_cron_expression.py
[2023-12-20T11:54:50.107+0000] {logging_mixin.py:188} INFO - [2023-12-20T11:54:50.107+0000] {dag.py:3033} INFO - Sync 1 DAGs
[2023-12-20T11:54:50.169+0000] {logging_mixin.py:188} INFO - [2023-12-20T11:54:50.168+0000] {dag.py:3820} INFO - Setting next_dagrun for dag_with_cron_expression_v01 to 2023-12-20T00:00:00+00:00, run_after=2023-12-21T00:00:00+00:00
[2023-12-20T11:54:50.212+0000] {processor.py:183} INFO - Processing /opt/airflow/dags/dag_with_cron_expression.py took 0.276 seconds
[2023-12-20T11:55:20.305+0000] {processor.py:161} INFO - Started process (PID=15031) to work on /opt/airflow/dags/dag_with_cron_expression.py
[2023-12-20T11:55:20.309+0000] {processor.py:830} INFO - Processing file /opt/airflow/dags/dag_with_cron_expression.py for tasks to queue
[2023-12-20T11:55:20.314+0000] {logging_mixin.py:188} INFO - [2023-12-20T11:55:20.312+0000] {dagbag.py:538} INFO - Filling up the DagBag from /opt/airflow/dags/dag_with_cron_expression.py
[2023-12-20T11:55:20.348+0000] {processor.py:840} INFO - DAG(s) 'dag_with_cron_expression_v01' retrieved from /opt/airflow/dags/dag_with_cron_expression.py
[2023-12-20T11:55:20.404+0000] {logging_mixin.py:188} INFO - [2023-12-20T11:55:20.404+0000] {dag.py:3033} INFO - Sync 1 DAGs
[2023-12-20T11:55:20.454+0000] {logging_mixin.py:188} INFO - [2023-12-20T11:55:20.454+0000] {dag.py:3820} INFO - Setting next_dagrun for dag_with_cron_expression_v01 to 2023-12-20T00:00:00+00:00, run_after=2023-12-21T00:00:00+00:00
[2023-12-20T11:55:20.495+0000] {processor.py:183} INFO - Processing /opt/airflow/dags/dag_with_cron_expression.py took 0.198 seconds
[2023-12-20T11:55:50.638+0000] {processor.py:161} INFO - Started process (PID=15062) to work on /opt/airflow/dags/dag_with_cron_expression.py
[2023-12-20T11:55:50.641+0000] {processor.py:830} INFO - Processing file /opt/airflow/dags/dag_with_cron_expression.py for tasks to queue
[2023-12-20T11:55:50.643+0000] {logging_mixin.py:188} INFO - [2023-12-20T11:55:50.643+0000] {dagbag.py:538} INFO - Filling up the DagBag from /opt/airflow/dags/dag_with_cron_expression.py
[2023-12-20T11:55:50.673+0000] {processor.py:840} INFO - DAG(s) 'dag_with_cron_expression_v01' retrieved from /opt/airflow/dags/dag_with_cron_expression.py
[2023-12-20T11:55:50.719+0000] {logging_mixin.py:188} INFO - [2023-12-20T11:55:50.719+0000] {dag.py:3033} INFO - Sync 1 DAGs
[2023-12-20T11:55:50.766+0000] {logging_mixin.py:188} INFO - [2023-12-20T11:55:50.765+0000] {dag.py:3820} INFO - Setting next_dagrun for dag_with_cron_expression_v01 to 2023-12-20T00:00:00+00:00, run_after=2023-12-21T00:00:00+00:00
[2023-12-20T11:55:50.812+0000] {processor.py:183} INFO - Processing /opt/airflow/dags/dag_with_cron_expression.py took 0.180 seconds
[2023-12-20T11:56:21.615+0000] {processor.py:161} INFO - Started process (PID=15099) to work on /opt/airflow/dags/dag_with_cron_expression.py
[2023-12-20T11:56:21.619+0000] {processor.py:830} INFO - Processing file /opt/airflow/dags/dag_with_cron_expression.py for tasks to queue
[2023-12-20T11:56:21.623+0000] {logging_mixin.py:188} INFO - [2023-12-20T11:56:21.622+0000] {dagbag.py:538} INFO - Filling up the DagBag from /opt/airflow/dags/dag_with_cron_expression.py
[2023-12-20T11:56:21.679+0000] {processor.py:840} INFO - DAG(s) 'dag_with_cron_expression_v01' retrieved from /opt/airflow/dags/dag_with_cron_expression.py
[2023-12-20T11:56:21.785+0000] {logging_mixin.py:188} INFO - [2023-12-20T11:56:21.784+0000] {dag.py:3033} INFO - Sync 1 DAGs
[2023-12-20T11:56:21.830+0000] {logging_mixin.py:188} INFO - [2023-12-20T11:56:21.829+0000] {dag.py:3820} INFO - Setting next_dagrun for dag_with_cron_expression_v01 to 2023-12-20T00:00:00+00:00, run_after=2023-12-21T00:00:00+00:00
[2023-12-20T11:56:21.863+0000] {processor.py:183} INFO - Processing /opt/airflow/dags/dag_with_cron_expression.py took 0.256 seconds
[2023-12-20T11:56:52.453+0000] {processor.py:161} INFO - Started process (PID=15132) to work on /opt/airflow/dags/dag_with_cron_expression.py
[2023-12-20T11:56:52.456+0000] {processor.py:830} INFO - Processing file /opt/airflow/dags/dag_with_cron_expression.py for tasks to queue
[2023-12-20T11:56:52.460+0000] {logging_mixin.py:188} INFO - [2023-12-20T11:56:52.459+0000] {dagbag.py:538} INFO - Filling up the DagBag from /opt/airflow/dags/dag_with_cron_expression.py
[2023-12-20T11:56:52.516+0000] {processor.py:840} INFO - DAG(s) 'dag_with_cron_expression_v01' retrieved from /opt/airflow/dags/dag_with_cron_expression.py
[2023-12-20T11:56:52.583+0000] {logging_mixin.py:188} INFO - [2023-12-20T11:56:52.582+0000] {dag.py:3033} INFO - Sync 1 DAGs
[2023-12-20T11:56:52.641+0000] {logging_mixin.py:188} INFO - [2023-12-20T11:56:52.640+0000] {dag.py:3820} INFO - Setting next_dagrun for dag_with_cron_expression_v01 to 2023-12-20T00:00:00+00:00, run_after=2023-12-21T00:00:00+00:00
[2023-12-20T11:56:52.691+0000] {processor.py:183} INFO - Processing /opt/airflow/dags/dag_with_cron_expression.py took 0.246 seconds
[2023-12-20T11:57:23.326+0000] {processor.py:161} INFO - Started process (PID=15164) to work on /opt/airflow/dags/dag_with_cron_expression.py
[2023-12-20T11:57:23.332+0000] {processor.py:830} INFO - Processing file /opt/airflow/dags/dag_with_cron_expression.py for tasks to queue
[2023-12-20T11:57:23.335+0000] {logging_mixin.py:188} INFO - [2023-12-20T11:57:23.334+0000] {dagbag.py:538} INFO - Filling up the DagBag from /opt/airflow/dags/dag_with_cron_expression.py
[2023-12-20T11:57:23.381+0000] {processor.py:840} INFO - DAG(s) 'dag_with_cron_expression_v01' retrieved from /opt/airflow/dags/dag_with_cron_expression.py
[2023-12-20T11:57:23.433+0000] {logging_mixin.py:188} INFO - [2023-12-20T11:57:23.432+0000] {dag.py:3033} INFO - Sync 1 DAGs
[2023-12-20T11:57:23.483+0000] {logging_mixin.py:188} INFO - [2023-12-20T11:57:23.483+0000] {dag.py:3820} INFO - Setting next_dagrun for dag_with_cron_expression_v01 to 2023-12-20T00:00:00+00:00, run_after=2023-12-21T00:00:00+00:00
[2023-12-20T11:57:23.545+0000] {processor.py:183} INFO - Processing /opt/airflow/dags/dag_with_cron_expression.py took 0.226 seconds
[2023-12-20T11:57:54.271+0000] {processor.py:161} INFO - Started process (PID=15195) to work on /opt/airflow/dags/dag_with_cron_expression.py
[2023-12-20T11:57:54.276+0000] {processor.py:830} INFO - Processing file /opt/airflow/dags/dag_with_cron_expression.py for tasks to queue
[2023-12-20T11:57:54.286+0000] {logging_mixin.py:188} INFO - [2023-12-20T11:57:54.284+0000] {dagbag.py:538} INFO - Filling up the DagBag from /opt/airflow/dags/dag_with_cron_expression.py
[2023-12-20T11:57:54.349+0000] {processor.py:840} INFO - DAG(s) 'dag_with_cron_expression_v01' retrieved from /opt/airflow/dags/dag_with_cron_expression.py
[2023-12-20T11:57:54.605+0000] {logging_mixin.py:188} INFO - [2023-12-20T11:57:54.604+0000] {dag.py:3033} INFO - Sync 1 DAGs
[2023-12-20T11:57:54.819+0000] {logging_mixin.py:188} INFO - [2023-12-20T11:57:54.818+0000] {dag.py:3820} INFO - Setting next_dagrun for dag_with_cron_expression_v01 to 2023-12-20T00:00:00+00:00, run_after=2023-12-21T00:00:00+00:00
[2023-12-20T11:57:54.901+0000] {processor.py:183} INFO - Processing /opt/airflow/dags/dag_with_cron_expression.py took 0.646 seconds
[2023-12-20T11:58:25.688+0000] {processor.py:161} INFO - Started process (PID=15227) to work on /opt/airflow/dags/dag_with_cron_expression.py
[2023-12-20T11:58:25.693+0000] {processor.py:830} INFO - Processing file /opt/airflow/dags/dag_with_cron_expression.py for tasks to queue
[2023-12-20T11:58:25.698+0000] {logging_mixin.py:188} INFO - [2023-12-20T11:58:25.697+0000] {dagbag.py:538} INFO - Filling up the DagBag from /opt/airflow/dags/dag_with_cron_expression.py
[2023-12-20T11:58:25.735+0000] {processor.py:840} INFO - DAG(s) 'dag_with_cron_expression_v01' retrieved from /opt/airflow/dags/dag_with_cron_expression.py
[2023-12-20T11:58:25.813+0000] {logging_mixin.py:188} INFO - [2023-12-20T11:58:25.813+0000] {dag.py:3033} INFO - Sync 1 DAGs
[2023-12-20T11:58:25.864+0000] {logging_mixin.py:188} INFO - [2023-12-20T11:58:25.863+0000] {dag.py:3820} INFO - Setting next_dagrun for dag_with_cron_expression_v01 to 2023-12-20T00:00:00+00:00, run_after=2023-12-21T00:00:00+00:00
[2023-12-20T11:58:25.896+0000] {processor.py:183} INFO - Processing /opt/airflow/dags/dag_with_cron_expression.py took 0.228 seconds
[2023-12-20T11:58:56.485+0000] {processor.py:161} INFO - Started process (PID=15262) to work on /opt/airflow/dags/dag_with_cron_expression.py
[2023-12-20T11:58:56.492+0000] {processor.py:830} INFO - Processing file /opt/airflow/dags/dag_with_cron_expression.py for tasks to queue
[2023-12-20T11:58:56.497+0000] {logging_mixin.py:188} INFO - [2023-12-20T11:58:56.497+0000] {dagbag.py:538} INFO - Filling up the DagBag from /opt/airflow/dags/dag_with_cron_expression.py
[2023-12-20T11:58:56.542+0000] {processor.py:840} INFO - DAG(s) 'dag_with_cron_expression_v01' retrieved from /opt/airflow/dags/dag_with_cron_expression.py
[2023-12-20T11:58:56.599+0000] {logging_mixin.py:188} INFO - [2023-12-20T11:58:56.599+0000] {dag.py:3033} INFO - Sync 1 DAGs
[2023-12-20T11:58:56.650+0000] {logging_mixin.py:188} INFO - [2023-12-20T11:58:56.649+0000] {dag.py:3820} INFO - Setting next_dagrun for dag_with_cron_expression_v01 to 2023-12-20T00:00:00+00:00, run_after=2023-12-21T00:00:00+00:00
[2023-12-20T11:58:56.724+0000] {processor.py:183} INFO - Processing /opt/airflow/dags/dag_with_cron_expression.py took 0.252 seconds
[2023-12-20T11:59:27.395+0000] {processor.py:161} INFO - Started process (PID=15293) to work on /opt/airflow/dags/dag_with_cron_expression.py
[2023-12-20T11:59:27.401+0000] {processor.py:830} INFO - Processing file /opt/airflow/dags/dag_with_cron_expression.py for tasks to queue
[2023-12-20T11:59:27.404+0000] {logging_mixin.py:188} INFO - [2023-12-20T11:59:27.404+0000] {dagbag.py:538} INFO - Filling up the DagBag from /opt/airflow/dags/dag_with_cron_expression.py
[2023-12-20T11:59:27.460+0000] {processor.py:840} INFO - DAG(s) 'dag_with_cron_expression_v01' retrieved from /opt/airflow/dags/dag_with_cron_expression.py
[2023-12-20T11:59:27.525+0000] {logging_mixin.py:188} INFO - [2023-12-20T11:59:27.524+0000] {dag.py:3033} INFO - Sync 1 DAGs
[2023-12-20T11:59:27.592+0000] {logging_mixin.py:188} INFO - [2023-12-20T11:59:27.592+0000] {dag.py:3820} INFO - Setting next_dagrun for dag_with_cron_expression_v01 to 2023-12-20T00:00:00+00:00, run_after=2023-12-21T00:00:00+00:00
[2023-12-20T11:59:27.643+0000] {processor.py:183} INFO - Processing /opt/airflow/dags/dag_with_cron_expression.py took 0.267 seconds
[2023-12-20T11:59:57.832+0000] {processor.py:161} INFO - Started process (PID=15325) to work on /opt/airflow/dags/dag_with_cron_expression.py
[2023-12-20T11:59:57.843+0000] {processor.py:830} INFO - Processing file /opt/airflow/dags/dag_with_cron_expression.py for tasks to queue
[2023-12-20T11:59:57.846+0000] {logging_mixin.py:188} INFO - [2023-12-20T11:59:57.845+0000] {dagbag.py:538} INFO - Filling up the DagBag from /opt/airflow/dags/dag_with_cron_expression.py
[2023-12-20T11:59:57.889+0000] {processor.py:840} INFO - DAG(s) 'dag_with_cron_expression_v01' retrieved from /opt/airflow/dags/dag_with_cron_expression.py
[2023-12-20T11:59:57.959+0000] {logging_mixin.py:188} INFO - [2023-12-20T11:59:57.958+0000] {dag.py:3033} INFO - Sync 1 DAGs
[2023-12-20T11:59:58.004+0000] {logging_mixin.py:188} INFO - [2023-12-20T11:59:58.003+0000] {dag.py:3820} INFO - Setting next_dagrun for dag_with_cron_expression_v01 to 2023-12-20T00:00:00+00:00, run_after=2023-12-21T00:00:00+00:00
[2023-12-20T11:59:58.060+0000] {processor.py:183} INFO - Processing /opt/airflow/dags/dag_with_cron_expression.py took 0.240 seconds
[2023-12-20T12:00:28.397+0000] {processor.py:161} INFO - Started process (PID=15356) to work on /opt/airflow/dags/dag_with_cron_expression.py
[2023-12-20T12:00:28.405+0000] {processor.py:830} INFO - Processing file /opt/airflow/dags/dag_with_cron_expression.py for tasks to queue
[2023-12-20T12:00:28.409+0000] {logging_mixin.py:188} INFO - [2023-12-20T12:00:28.409+0000] {dagbag.py:538} INFO - Filling up the DagBag from /opt/airflow/dags/dag_with_cron_expression.py
[2023-12-20T12:00:28.452+0000] {processor.py:840} INFO - DAG(s) 'dag_with_cron_expression_v01' retrieved from /opt/airflow/dags/dag_with_cron_expression.py
[2023-12-20T12:00:28.505+0000] {logging_mixin.py:188} INFO - [2023-12-20T12:00:28.505+0000] {dag.py:3033} INFO - Sync 1 DAGs
[2023-12-20T12:00:28.554+0000] {logging_mixin.py:188} INFO - [2023-12-20T12:00:28.554+0000] {dag.py:3820} INFO - Setting next_dagrun for dag_with_cron_expression_v01 to 2023-12-20T00:00:00+00:00, run_after=2023-12-21T00:00:00+00:00
[2023-12-20T12:00:28.599+0000] {processor.py:183} INFO - Processing /opt/airflow/dags/dag_with_cron_expression.py took 0.213 seconds
[2023-12-20T12:00:59.562+0000] {processor.py:161} INFO - Started process (PID=15388) to work on /opt/airflow/dags/dag_with_cron_expression.py
[2023-12-20T12:00:59.571+0000] {processor.py:830} INFO - Processing file /opt/airflow/dags/dag_with_cron_expression.py for tasks to queue
[2023-12-20T12:00:59.585+0000] {logging_mixin.py:188} INFO - [2023-12-20T12:00:59.579+0000] {dagbag.py:538} INFO - Filling up the DagBag from /opt/airflow/dags/dag_with_cron_expression.py
[2023-12-20T12:00:59.721+0000] {processor.py:840} INFO - DAG(s) 'dag_with_cron_expression_v01' retrieved from /opt/airflow/dags/dag_with_cron_expression.py
[2023-12-20T12:00:59.823+0000] {logging_mixin.py:188} INFO - [2023-12-20T12:00:59.822+0000] {dag.py:3033} INFO - Sync 1 DAGs
[2023-12-20T12:00:59.923+0000] {logging_mixin.py:188} INFO - [2023-12-20T12:00:59.923+0000] {dag.py:3820} INFO - Setting next_dagrun for dag_with_cron_expression_v01 to 2023-12-20T00:00:00+00:00, run_after=2023-12-21T00:00:00+00:00
[2023-12-20T12:00:59.982+0000] {processor.py:183} INFO - Processing /opt/airflow/dags/dag_with_cron_expression.py took 0.453 seconds
[2023-12-20T12:01:30.485+0000] {processor.py:161} INFO - Started process (PID=15420) to work on /opt/airflow/dags/dag_with_cron_expression.py
[2023-12-20T12:01:30.489+0000] {processor.py:830} INFO - Processing file /opt/airflow/dags/dag_with_cron_expression.py for tasks to queue
[2023-12-20T12:01:30.496+0000] {logging_mixin.py:188} INFO - [2023-12-20T12:01:30.495+0000] {dagbag.py:538} INFO - Filling up the DagBag from /opt/airflow/dags/dag_with_cron_expression.py
[2023-12-20T12:01:30.563+0000] {processor.py:840} INFO - DAG(s) 'dag_with_cron_expression_v01' retrieved from /opt/airflow/dags/dag_with_cron_expression.py
[2023-12-20T12:01:30.661+0000] {logging_mixin.py:188} INFO - [2023-12-20T12:01:30.661+0000] {dag.py:3033} INFO - Sync 1 DAGs
[2023-12-20T12:01:30.763+0000] {logging_mixin.py:188} INFO - [2023-12-20T12:01:30.763+0000] {dag.py:3820} INFO - Setting next_dagrun for dag_with_cron_expression_v01 to 2023-12-20T00:00:00+00:00, run_after=2023-12-21T00:00:00+00:00
[2023-12-20T12:01:30.811+0000] {processor.py:183} INFO - Processing /opt/airflow/dags/dag_with_cron_expression.py took 0.346 seconds
[2023-12-20T12:02:01.467+0000] {processor.py:161} INFO - Started process (PID=15452) to work on /opt/airflow/dags/dag_with_cron_expression.py
[2023-12-20T12:02:01.472+0000] {processor.py:830} INFO - Processing file /opt/airflow/dags/dag_with_cron_expression.py for tasks to queue
[2023-12-20T12:02:01.476+0000] {logging_mixin.py:188} INFO - [2023-12-20T12:02:01.476+0000] {dagbag.py:538} INFO - Filling up the DagBag from /opt/airflow/dags/dag_with_cron_expression.py
[2023-12-20T12:02:01.549+0000] {processor.py:840} INFO - DAG(s) 'dag_with_cron_expression_v01' retrieved from /opt/airflow/dags/dag_with_cron_expression.py
[2023-12-20T12:02:01.628+0000] {logging_mixin.py:188} INFO - [2023-12-20T12:02:01.627+0000] {dag.py:3033} INFO - Sync 1 DAGs
[2023-12-20T12:02:01.725+0000] {logging_mixin.py:188} INFO - [2023-12-20T12:02:01.723+0000] {dag.py:3820} INFO - Setting next_dagrun for dag_with_cron_expression_v01 to 2023-12-20T00:00:00+00:00, run_after=2023-12-21T00:00:00+00:00
[2023-12-20T12:02:01.794+0000] {processor.py:183} INFO - Processing /opt/airflow/dags/dag_with_cron_expression.py took 0.346 seconds
[2023-12-20T12:02:32.478+0000] {processor.py:161} INFO - Started process (PID=15483) to work on /opt/airflow/dags/dag_with_cron_expression.py
[2023-12-20T12:02:32.483+0000] {processor.py:830} INFO - Processing file /opt/airflow/dags/dag_with_cron_expression.py for tasks to queue
[2023-12-20T12:02:32.488+0000] {logging_mixin.py:188} INFO - [2023-12-20T12:02:32.487+0000] {dagbag.py:538} INFO - Filling up the DagBag from /opt/airflow/dags/dag_with_cron_expression.py
[2023-12-20T12:02:32.532+0000] {processor.py:840} INFO - DAG(s) 'dag_with_cron_expression_v01' retrieved from /opt/airflow/dags/dag_with_cron_expression.py
[2023-12-20T12:02:32.640+0000] {logging_mixin.py:188} INFO - [2023-12-20T12:02:32.638+0000] {dag.py:3033} INFO - Sync 1 DAGs
[2023-12-20T12:02:32.727+0000] {logging_mixin.py:188} INFO - [2023-12-20T12:02:32.726+0000] {dag.py:3820} INFO - Setting next_dagrun for dag_with_cron_expression_v01 to 2023-12-20T00:00:00+00:00, run_after=2023-12-21T00:00:00+00:00
[2023-12-20T12:02:32.797+0000] {processor.py:183} INFO - Processing /opt/airflow/dags/dag_with_cron_expression.py took 0.330 seconds
[2023-12-20T12:03:02.973+0000] {processor.py:161} INFO - Started process (PID=15514) to work on /opt/airflow/dags/dag_with_cron_expression.py
[2023-12-20T12:03:02.977+0000] {processor.py:830} INFO - Processing file /opt/airflow/dags/dag_with_cron_expression.py for tasks to queue
[2023-12-20T12:03:02.980+0000] {logging_mixin.py:188} INFO - [2023-12-20T12:03:02.980+0000] {dagbag.py:538} INFO - Filling up the DagBag from /opt/airflow/dags/dag_with_cron_expression.py
[2023-12-20T12:03:03.077+0000] {processor.py:840} INFO - DAG(s) 'dag_with_cron_expression_v01' retrieved from /opt/airflow/dags/dag_with_cron_expression.py
[2023-12-20T12:03:03.139+0000] {logging_mixin.py:188} INFO - [2023-12-20T12:03:03.138+0000] {dag.py:3033} INFO - Sync 1 DAGs
[2023-12-20T12:03:03.187+0000] {logging_mixin.py:188} INFO - [2023-12-20T12:03:03.187+0000] {dag.py:3820} INFO - Setting next_dagrun for dag_with_cron_expression_v01 to 2023-12-20T00:00:00+00:00, run_after=2023-12-21T00:00:00+00:00
[2023-12-20T12:03:03.226+0000] {processor.py:183} INFO - Processing /opt/airflow/dags/dag_with_cron_expression.py took 0.261 seconds
[2023-12-20T12:03:34.111+0000] {processor.py:161} INFO - Started process (PID=15545) to work on /opt/airflow/dags/dag_with_cron_expression.py
[2023-12-20T12:03:34.117+0000] {processor.py:830} INFO - Processing file /opt/airflow/dags/dag_with_cron_expression.py for tasks to queue
[2023-12-20T12:03:34.123+0000] {logging_mixin.py:188} INFO - [2023-12-20T12:03:34.123+0000] {dagbag.py:538} INFO - Filling up the DagBag from /opt/airflow/dags/dag_with_cron_expression.py
[2023-12-20T12:03:34.157+0000] {processor.py:840} INFO - DAG(s) 'dag_with_cron_expression_v01' retrieved from /opt/airflow/dags/dag_with_cron_expression.py
[2023-12-20T12:03:34.230+0000] {logging_mixin.py:188} INFO - [2023-12-20T12:03:34.230+0000] {dag.py:3033} INFO - Sync 1 DAGs
[2023-12-20T12:03:34.277+0000] {logging_mixin.py:188} INFO - [2023-12-20T12:03:34.277+0000] {dag.py:3820} INFO - Setting next_dagrun for dag_with_cron_expression_v01 to 2023-12-20T00:00:00+00:00, run_after=2023-12-21T00:00:00+00:00
[2023-12-20T12:03:34.325+0000] {processor.py:183} INFO - Processing /opt/airflow/dags/dag_with_cron_expression.py took 0.230 seconds
[2023-12-20T12:04:04.943+0000] {processor.py:161} INFO - Started process (PID=15576) to work on /opt/airflow/dags/dag_with_cron_expression.py
[2023-12-20T12:04:04.949+0000] {processor.py:830} INFO - Processing file /opt/airflow/dags/dag_with_cron_expression.py for tasks to queue
[2023-12-20T12:04:04.957+0000] {logging_mixin.py:188} INFO - [2023-12-20T12:04:04.956+0000] {dagbag.py:538} INFO - Filling up the DagBag from /opt/airflow/dags/dag_with_cron_expression.py
[2023-12-20T12:04:05.007+0000] {processor.py:840} INFO - DAG(s) 'dag_with_cron_expression_v01' retrieved from /opt/airflow/dags/dag_with_cron_expression.py
[2023-12-20T12:04:05.077+0000] {logging_mixin.py:188} INFO - [2023-12-20T12:04:05.076+0000] {dag.py:3033} INFO - Sync 1 DAGs
[2023-12-20T12:04:05.139+0000] {logging_mixin.py:188} INFO - [2023-12-20T12:04:05.138+0000] {dag.py:3820} INFO - Setting next_dagrun for dag_with_cron_expression_v01 to 2023-12-20T00:00:00+00:00, run_after=2023-12-21T00:00:00+00:00
[2023-12-20T12:04:05.199+0000] {processor.py:183} INFO - Processing /opt/airflow/dags/dag_with_cron_expression.py took 0.276 seconds
[2023-12-20T12:04:36.615+0000] {processor.py:161} INFO - Started process (PID=15607) to work on /opt/airflow/dags/dag_with_cron_expression.py
[2023-12-20T12:04:36.633+0000] {processor.py:830} INFO - Processing file /opt/airflow/dags/dag_with_cron_expression.py for tasks to queue
[2023-12-20T12:04:36.642+0000] {logging_mixin.py:188} INFO - [2023-12-20T12:04:36.640+0000] {dagbag.py:538} INFO - Filling up the DagBag from /opt/airflow/dags/dag_with_cron_expression.py
[2023-12-20T12:04:36.809+0000] {processor.py:840} INFO - DAG(s) 'dag_with_cron_expression_v01' retrieved from /opt/airflow/dags/dag_with_cron_expression.py
[2023-12-20T12:04:38.115+0000] {logging_mixin.py:188} INFO - [2023-12-20T12:04:38.115+0000] {dag.py:3033} INFO - Sync 1 DAGs
[2023-12-20T12:04:38.405+0000] {logging_mixin.py:188} INFO - [2023-12-20T12:04:38.404+0000] {dag.py:3820} INFO - Setting next_dagrun for dag_with_cron_expression_v01 to 2023-12-20T00:00:00+00:00, run_after=2023-12-21T00:00:00+00:00
[2023-12-20T12:04:38.733+0000] {processor.py:183} INFO - Processing /opt/airflow/dags/dag_with_cron_expression.py took 2.164 seconds
[2023-12-20T12:05:09.610+0000] {processor.py:161} INFO - Started process (PID=15638) to work on /opt/airflow/dags/dag_with_cron_expression.py
[2023-12-20T12:05:09.616+0000] {processor.py:830} INFO - Processing file /opt/airflow/dags/dag_with_cron_expression.py for tasks to queue
[2023-12-20T12:05:09.621+0000] {logging_mixin.py:188} INFO - [2023-12-20T12:05:09.620+0000] {dagbag.py:538} INFO - Filling up the DagBag from /opt/airflow/dags/dag_with_cron_expression.py
[2023-12-20T12:05:09.686+0000] {processor.py:840} INFO - DAG(s) 'dag_with_cron_expression_v01' retrieved from /opt/airflow/dags/dag_with_cron_expression.py
[2023-12-20T12:05:09.755+0000] {logging_mixin.py:188} INFO - [2023-12-20T12:05:09.754+0000] {dag.py:3033} INFO - Sync 1 DAGs
[2023-12-20T12:05:10.038+0000] {logging_mixin.py:188} INFO - [2023-12-20T12:05:10.026+0000] {dag.py:3820} INFO - Setting next_dagrun for dag_with_cron_expression_v01 to 2023-12-20T00:00:00+00:00, run_after=2023-12-21T00:00:00+00:00
[2023-12-20T12:05:10.505+0000] {processor.py:183} INFO - Processing /opt/airflow/dags/dag_with_cron_expression.py took 0.911 seconds
[2023-12-20T12:06:26.610+0000] {processor.py:161} INFO - Started process (PID=15653) to work on /opt/airflow/dags/dag_with_cron_expression.py
[2023-12-20T12:06:26.623+0000] {processor.py:830} INFO - Processing file /opt/airflow/dags/dag_with_cron_expression.py for tasks to queue
[2023-12-20T12:06:26.723+0000] {logging_mixin.py:188} INFO - [2023-12-20T12:06:26.723+0000] {dagbag.py:538} INFO - Filling up the DagBag from /opt/airflow/dags/dag_with_cron_expression.py
[2023-12-20T12:06:26.954+0000] {processor.py:840} INFO - DAG(s) 'dag_with_cron_expression_v01' retrieved from /opt/airflow/dags/dag_with_cron_expression.py
[2023-12-20T12:06:27.233+0000] {logging_mixin.py:188} INFO - [2023-12-20T12:06:27.232+0000] {dag.py:3033} INFO - Sync 1 DAGs
[2023-12-20T12:06:27.357+0000] {logging_mixin.py:188} INFO - [2023-12-20T12:06:27.357+0000] {dag.py:3820} INFO - Setting next_dagrun for dag_with_cron_expression_v01 to 2023-12-20T00:00:00+00:00, run_after=2023-12-21T00:00:00+00:00
[2023-12-20T12:06:27.533+0000] {processor.py:183} INFO - Processing /opt/airflow/dags/dag_with_cron_expression.py took 0.955 seconds
[2023-12-20T12:17:13.161+0000] {processor.py:161} INFO - Started process (PID=15690) to work on /opt/airflow/dags/dag_with_cron_expression.py
[2023-12-20T12:17:13.176+0000] {processor.py:830} INFO - Processing file /opt/airflow/dags/dag_with_cron_expression.py for tasks to queue
[2023-12-20T12:17:13.182+0000] {logging_mixin.py:188} INFO - [2023-12-20T12:17:13.182+0000] {dagbag.py:538} INFO - Filling up the DagBag from /opt/airflow/dags/dag_with_cron_expression.py
[2023-12-20T12:17:13.446+0000] {processor.py:840} INFO - DAG(s) 'dag_with_cron_expression_v01' retrieved from /opt/airflow/dags/dag_with_cron_expression.py
[2023-12-20T12:17:13.696+0000] {logging_mixin.py:188} INFO - [2023-12-20T12:17:13.696+0000] {dag.py:3033} INFO - Sync 1 DAGs
[2023-12-20T12:17:13.915+0000] {logging_mixin.py:188} INFO - [2023-12-20T12:17:13.915+0000] {dag.py:3820} INFO - Setting next_dagrun for dag_with_cron_expression_v01 to 2023-12-20T00:00:00+00:00, run_after=2023-12-21T00:00:00+00:00
[2023-12-20T12:17:14.014+0000] {processor.py:183} INFO - Processing /opt/airflow/dags/dag_with_cron_expression.py took 0.903 seconds
[2023-12-20T13:44:48.424+0000] {processor.py:161} INFO - Started process (PID=15728) to work on /opt/airflow/dags/dag_with_cron_expression.py
[2023-12-20T13:44:48.436+0000] {processor.py:830} INFO - Processing file /opt/airflow/dags/dag_with_cron_expression.py for tasks to queue
[2023-12-20T13:44:48.515+0000] {logging_mixin.py:188} INFO - [2023-12-20T13:44:48.447+0000] {dagbag.py:538} INFO - Filling up the DagBag from /opt/airflow/dags/dag_with_cron_expression.py
[2023-12-20T13:44:48.668+0000] {processor.py:840} INFO - DAG(s) 'dag_with_cron_expression_v01' retrieved from /opt/airflow/dags/dag_with_cron_expression.py
[2023-12-20T13:44:48.822+0000] {logging_mixin.py:188} INFO - [2023-12-20T13:44:48.822+0000] {dag.py:3033} INFO - Sync 1 DAGs
[2023-12-20T13:44:49.023+0000] {logging_mixin.py:188} INFO - [2023-12-20T13:44:49.022+0000] {dag.py:3820} INFO - Setting next_dagrun for dag_with_cron_expression_v01 to 2023-12-20T00:00:00+00:00, run_after=2023-12-21T00:00:00+00:00
[2023-12-20T13:44:49.172+0000] {processor.py:183} INFO - Processing /opt/airflow/dags/dag_with_cron_expression.py took 0.804 seconds
[2023-12-20T14:49:33.297+0000] {processor.py:161} INFO - Started process (PID=15753) to work on /opt/airflow/dags/dag_with_cron_expression.py
[2023-12-20T14:49:33.302+0000] {processor.py:830} INFO - Processing file /opt/airflow/dags/dag_with_cron_expression.py for tasks to queue
[2023-12-20T14:49:33.311+0000] {logging_mixin.py:188} INFO - [2023-12-20T14:49:33.306+0000] {dagbag.py:538} INFO - Filling up the DagBag from /opt/airflow/dags/dag_with_cron_expression.py
[2023-12-20T14:49:33.379+0000] {processor.py:840} INFO - DAG(s) 'dag_with_cron_expression_v01' retrieved from /opt/airflow/dags/dag_with_cron_expression.py
[2023-12-20T14:49:33.439+0000] {logging_mixin.py:188} INFO - [2023-12-20T14:49:33.438+0000] {dag.py:3033} INFO - Sync 1 DAGs
[2023-12-20T14:49:33.520+0000] {logging_mixin.py:188} INFO - [2023-12-20T14:49:33.519+0000] {dag.py:3820} INFO - Setting next_dagrun for dag_with_cron_expression_v01 to 2023-12-20T00:00:00+00:00, run_after=2023-12-21T00:00:00+00:00
[2023-12-20T14:49:33.570+0000] {processor.py:183} INFO - Processing /opt/airflow/dags/dag_with_cron_expression.py took 0.284 seconds
[2023-12-20T14:50:03.898+0000] {processor.py:161} INFO - Started process (PID=15790) to work on /opt/airflow/dags/dag_with_cron_expression.py
[2023-12-20T14:50:03.901+0000] {processor.py:830} INFO - Processing file /opt/airflow/dags/dag_with_cron_expression.py for tasks to queue
[2023-12-20T14:50:03.903+0000] {logging_mixin.py:188} INFO - [2023-12-20T14:50:03.903+0000] {dagbag.py:538} INFO - Filling up the DagBag from /opt/airflow/dags/dag_with_cron_expression.py
[2023-12-20T14:50:03.931+0000] {processor.py:840} INFO - DAG(s) 'dag_with_cron_expression_v01' retrieved from /opt/airflow/dags/dag_with_cron_expression.py
[2023-12-20T14:50:03.978+0000] {logging_mixin.py:188} INFO - [2023-12-20T14:50:03.978+0000] {dag.py:3033} INFO - Sync 1 DAGs
[2023-12-20T14:50:04.042+0000] {logging_mixin.py:188} INFO - [2023-12-20T14:50:04.042+0000] {dag.py:3820} INFO - Setting next_dagrun for dag_with_cron_expression_v01 to 2023-12-20T00:00:00+00:00, run_after=2023-12-21T00:00:00+00:00
[2023-12-20T14:50:04.084+0000] {processor.py:183} INFO - Processing /opt/airflow/dags/dag_with_cron_expression.py took 0.198 seconds
[2023-12-20T20:25:30.391+0000] {processor.py:161} INFO - Started process (PID=15818) to work on /opt/airflow/dags/dag_with_cron_expression.py
[2023-12-20T20:25:30.406+0000] {processor.py:830} INFO - Processing file /opt/airflow/dags/dag_with_cron_expression.py for tasks to queue
[2023-12-20T20:25:30.428+0000] {logging_mixin.py:188} INFO - [2023-12-20T20:25:30.427+0000] {dagbag.py:538} INFO - Filling up the DagBag from /opt/airflow/dags/dag_with_cron_expression.py
[2023-12-20T20:25:30.545+0000] {processor.py:840} INFO - DAG(s) 'dag_with_cron_expression_v01' retrieved from /opt/airflow/dags/dag_with_cron_expression.py
[2023-12-20T20:25:30.627+0000] {logging_mixin.py:188} INFO - [2023-12-20T20:25:30.627+0000] {dag.py:3033} INFO - Sync 1 DAGs
[2023-12-20T20:25:30.707+0000] {logging_mixin.py:188} INFO - [2023-12-20T20:25:30.707+0000] {dag.py:3820} INFO - Setting next_dagrun for dag_with_cron_expression_v01 to 2023-12-20T00:00:00+00:00, run_after=2023-12-21T00:00:00+00:00
[2023-12-20T20:25:30.781+0000] {processor.py:183} INFO - Processing /opt/airflow/dags/dag_with_cron_expression.py took 0.417 seconds
