[2023-12-22T03:54:33.930+0000] {taskinstance.py:1957} INFO - Dependencies all met for dep_context=non-requeueable deps ti=<TaskInstance: dag_with_postgres_operator_v02.create_postgres_table scheduled__2023-12-17T00:00:00+00:00 [queued]>
[2023-12-22T03:54:34.204+0000] {taskinstance.py:1957} INFO - Dependencies all met for dep_context=requeueable deps ti=<TaskInstance: dag_with_postgres_operator_v02.create_postgres_table scheduled__2023-12-17T00:00:00+00:00 [queued]>
[2023-12-22T03:54:34.211+0000] {taskinstance.py:2171} INFO - Starting attempt 1 of 1
[2023-12-22T03:54:36.582+0000] {taskinstance.py:2192} INFO - Executing <Task(PostgresOperator): create_postgres_table> on 2023-12-17 00:00:00+00:00
[2023-12-22T03:54:36.671+0000] {standard_task_runner.py:60} INFO - Started process 9327 to run task
[2023-12-22T03:54:37.006+0000] {standard_task_runner.py:87} INFO - Running: ['***', 'tasks', 'run', 'dag_with_postgres_operator_v02', 'create_postgres_table', 'scheduled__2023-12-17T00:00:00+00:00', '--job-id', '104', '--raw', '--subdir', 'DAGS_FOLDER/dag_with_postgres_operator.py', '--cfg-path', '/tmp/tmpwo6hbye1']
[2023-12-22T03:54:37.181+0000] {standard_task_runner.py:88} INFO - Job 104: Subtask create_postgres_table
[2023-12-22T03:54:38.731+0000] {task_command.py:423} INFO - Running <TaskInstance: dag_with_postgres_operator_v02.create_postgres_table scheduled__2023-12-17T00:00:00+00:00 [running]> on host dd88aaafc1d9
[2023-12-22T03:54:41.043+0000] {taskinstance.py:2481} INFO - Exporting env vars: AIRFLOW_CTX_DAG_OWNER='sarwar' AIRFLOW_CTX_DAG_ID='dag_with_postgres_operator_v02' AIRFLOW_CTX_TASK_ID='create_postgres_table' AIRFLOW_CTX_EXECUTION_DATE='2023-12-17T00:00:00+00:00' AIRFLOW_CTX_TRY_NUMBER='1' AIRFLOW_CTX_DAG_RUN_ID='scheduled__2023-12-17T00:00:00+00:00'
[2023-12-22T03:54:41.047+0000] {sql.py:276} INFO - Executing: 
        create table if not exists dag_runs (
        dt date,
        dag_id varchar,
        primary key(dt, dag_id)
        )
        
[2023-12-22T03:54:41.461+0000] {base.py:83} INFO - Using connection ID 'postgres_localhost' for task execution.
[2023-12-22T03:54:42.143+0000] {base.py:83} INFO - Using connection ID 'postgres_localhost' for task execution.
[2023-12-22T03:54:42.587+0000] {sql.py:432} INFO - Running statement: 
        create table if not exists dag_runs (
        dt date,
        dag_id varchar,
        primary key(dt, dag_id)
        )
        , parameters: None
[2023-12-22T03:54:42.845+0000] {taskinstance.py:1138} INFO - Marking task as SUCCESS. dag_id=dag_with_postgres_operator_v02, task_id=create_postgres_table, execution_date=20231217T000000, start_date=20231222T035433, end_date=20231222T035442
[2023-12-22T03:54:43.179+0000] {local_task_job_runner.py:234} INFO - Task exited with return code 0
[2023-12-22T03:54:43.666+0000] {taskinstance.py:3281} INFO - 1 downstream tasks scheduled from follow-on schedule check
