[2023-12-22T15:26:53.567+0000] {taskinstance.py:1957} INFO - Dependencies all met for dep_context=non-requeueable deps ti=<TaskInstance: dag_with_postgres_hooks_v04.postgres_to_s3 scheduled__2023-12-10T00:00:00+00:00 [queued]>
[2023-12-22T15:26:53.950+0000] {taskinstance.py:1957} INFO - Dependencies all met for dep_context=requeueable deps ti=<TaskInstance: dag_with_postgres_hooks_v04.postgres_to_s3 scheduled__2023-12-10T00:00:00+00:00 [queued]>
[2023-12-22T15:26:53.963+0000] {taskinstance.py:2171} INFO - Starting attempt 1 of 1
[2023-12-22T15:26:54.650+0000] {taskinstance.py:2192} INFO - Executing <Task(PythonOperator): postgres_to_s3> on 2023-12-10 00:00:00+00:00
[2023-12-22T15:26:54.754+0000] {standard_task_runner.py:60} INFO - Started process 61725 to run task
[2023-12-22T15:26:54.805+0000] {standard_task_runner.py:87} INFO - Running: ['***', 'tasks', 'run', 'dag_with_postgres_hooks_v04', 'postgres_to_s3', 'scheduled__2023-12-10T00:00:00+00:00', '--job-id', '287', '--raw', '--subdir', 'DAGS_FOLDER/dag_with_postgres_hooks.py', '--cfg-path', '/tmp/tmpnoukpu9q']
[2023-12-22T15:26:54.880+0000] {standard_task_runner.py:88} INFO - Job 287: Subtask postgres_to_s3
[2023-12-22T15:26:55.398+0000] {task_command.py:423} INFO - Running <TaskInstance: dag_with_postgres_hooks_v04.postgres_to_s3 scheduled__2023-12-10T00:00:00+00:00 [running]> on host dd88aaafc1d9
[2023-12-22T15:26:56.823+0000] {taskinstance.py:2481} INFO - Exporting env vars: AIRFLOW_CTX_DAG_OWNER='sarwar' AIRFLOW_CTX_DAG_ID='dag_with_postgres_hooks_v04' AIRFLOW_CTX_TASK_ID='postgres_to_s3' AIRFLOW_CTX_EXECUTION_DATE='2023-12-10T00:00:00+00:00' AIRFLOW_CTX_TRY_NUMBER='1' AIRFLOW_CTX_DAG_RUN_ID='scheduled__2023-12-10T00:00:00+00:00'
[2023-12-22T15:26:56.920+0000] {logging_mixin.py:188} WARNING - /home/***/.local/lib/python3.8/site-packages/***/utils/context.py:207 AirflowContextDeprecationWarning: Accessing 'next_ds_nodash' from the template is deprecated and will be removed in a future version. Please use '{{ data_interval_end | ds_nodash }}' instead.
[2023-12-22T15:26:57.033+0000] {base.py:83} INFO - Using connection ID 'postgres_localhost' for task execution.
[2023-12-22T15:26:57.095+0000] {dag_with_postgres_hooks.py:30} INFO - Saved orders in file: dags/get_orders_20231210.txt
[2023-12-22T15:26:57.173+0000] {base.py:83} INFO - Using connection ID 'minio_conn' for task execution.
[2023-12-22T15:26:57.179+0000] {connection_wrapper.py:378} INFO - AWS Connection (conn_id='minio_conn', conn_type='aws') credentials retrieved from login and password.
[2023-12-22T15:26:57.198+0000] {logging_mixin.py:188} WARNING - <string>:9 AirflowProviderDeprecationWarning: extra['host'] is deprecated and will be removed in a future release. Please set extra['endpoint_url'] instead
[2023-12-22T15:27:12.297+0000] {dag_with_postgres_hooks.py:41} INFO - Orders file /tmp/tmplhd86i0x20231210 is pushed to s3
[2023-12-22T15:27:12.307+0000] {python.py:201} INFO - Done. Returned value was: None
[2023-12-22T15:27:12.441+0000] {taskinstance.py:1138} INFO - Marking task as SUCCESS. dag_id=dag_with_postgres_hooks_v04, task_id=postgres_to_s3, execution_date=20231210T000000, start_date=20231222T152653, end_date=20231222T152712
[2023-12-22T15:27:12.762+0000] {local_task_job_runner.py:234} INFO - Task exited with return code 0
[2023-12-22T15:27:13.065+0000] {taskinstance.py:3281} INFO - 0 downstream tasks scheduled from follow-on schedule check
[2023-12-22T15:31:36.288+0000] {taskinstance.py:1957} INFO - Dependencies all met for dep_context=non-requeueable deps ti=<TaskInstance: dag_with_postgres_hooks_v04.postgres_to_s3 scheduled__2023-12-10T00:00:00+00:00 [queued]>
[2023-12-22T15:31:36.365+0000] {taskinstance.py:1957} INFO - Dependencies all met for dep_context=requeueable deps ti=<TaskInstance: dag_with_postgres_hooks_v04.postgres_to_s3 scheduled__2023-12-10T00:00:00+00:00 [queued]>
[2023-12-22T15:31:36.379+0000] {taskinstance.py:2171} INFO - Starting attempt 1 of 1
[2023-12-22T15:31:36.513+0000] {taskinstance.py:2192} INFO - Executing <Task(PythonOperator): postgres_to_s3> on 2023-12-10 00:00:00+00:00
[2023-12-22T15:31:36.567+0000] {standard_task_runner.py:60} INFO - Started process 62206 to run task
[2023-12-22T15:31:36.618+0000] {standard_task_runner.py:87} INFO - Running: ['***', 'tasks', 'run', 'dag_with_postgres_hooks_v04', 'postgres_to_s3', 'scheduled__2023-12-10T00:00:00+00:00', '--job-id', '302', '--raw', '--subdir', 'DAGS_FOLDER/dag_with_postgres_hooks.py', '--cfg-path', '/tmp/tmp_w5cxgdn']
[2023-12-22T15:31:36.649+0000] {standard_task_runner.py:88} INFO - Job 302: Subtask postgres_to_s3
[2023-12-22T15:31:37.222+0000] {task_command.py:423} INFO - Running <TaskInstance: dag_with_postgres_hooks_v04.postgres_to_s3 scheduled__2023-12-10T00:00:00+00:00 [running]> on host dd88aaafc1d9
[2023-12-22T15:31:38.421+0000] {taskinstance.py:2481} INFO - Exporting env vars: AIRFLOW_CTX_DAG_OWNER='sarwar' AIRFLOW_CTX_DAG_ID='dag_with_postgres_hooks_v04' AIRFLOW_CTX_TASK_ID='postgres_to_s3' AIRFLOW_CTX_EXECUTION_DATE='2023-12-10T00:00:00+00:00' AIRFLOW_CTX_TRY_NUMBER='1' AIRFLOW_CTX_DAG_RUN_ID='scheduled__2023-12-10T00:00:00+00:00'
[2023-12-22T15:31:38.492+0000] {logging_mixin.py:188} WARNING - /home/***/.local/lib/python3.8/site-packages/***/utils/context.py:207 AirflowContextDeprecationWarning: Accessing 'next_ds_nodash' from the template is deprecated and will be removed in a future version. Please use '{{ data_interval_end | ds_nodash }}' instead.
[2023-12-22T15:31:38.617+0000] {base.py:83} INFO - Using connection ID 'postgres_localhost' for task execution.
[2023-12-22T15:31:38.730+0000] {dag_with_postgres_hooks.py:30} INFO - Saved orders in file: dags/get_orders_20231210.txt
[2023-12-22T15:31:38.811+0000] {base.py:83} INFO - Using connection ID 'minio_conn' for task execution.
[2023-12-22T15:31:38.835+0000] {connection_wrapper.py:378} INFO - AWS Connection (conn_id='minio_conn', conn_type='aws') credentials retrieved from login and password.
[2023-12-22T15:31:38.873+0000] {logging_mixin.py:188} WARNING - <string>:9 AirflowProviderDeprecationWarning: extra['host'] is deprecated and will be removed in a future release. Please set extra['endpoint_url'] instead
[2023-12-22T15:31:51.595+0000] {dag_with_postgres_hooks.py:41} INFO - Orders file /tmp/tmpm5kg07s720231210 is pushed to s3
[2023-12-22T15:31:51.605+0000] {python.py:201} INFO - Done. Returned value was: None
[2023-12-22T15:31:51.650+0000] {taskinstance.py:1138} INFO - Marking task as SUCCESS. dag_id=dag_with_postgres_hooks_v04, task_id=postgres_to_s3, execution_date=20231210T000000, start_date=20231222T153136, end_date=20231222T153151
[2023-12-22T15:31:51.877+0000] {local_task_job_runner.py:234} INFO - Task exited with return code 0
[2023-12-22T15:31:52.017+0000] {taskinstance.py:3281} INFO - 0 downstream tasks scheduled from follow-on schedule check
