[2023-12-22T15:26:54.757+0000] {taskinstance.py:1957} INFO - Dependencies all met for dep_context=non-requeueable deps ti=<TaskInstance: dag_with_postgres_hooks_v04.postgres_to_s3 scheduled__2023-12-12T00:00:00+00:00 [queued]>
[2023-12-22T15:26:54.881+0000] {taskinstance.py:1957} INFO - Dependencies all met for dep_context=requeueable deps ti=<TaskInstance: dag_with_postgres_hooks_v04.postgres_to_s3 scheduled__2023-12-12T00:00:00+00:00 [queued]>
[2023-12-22T15:26:54.887+0000] {taskinstance.py:2171} INFO - Starting attempt 1 of 1
[2023-12-22T15:26:55.078+0000] {taskinstance.py:2192} INFO - Executing <Task(PythonOperator): postgres_to_s3> on 2023-12-12 00:00:00+00:00
[2023-12-22T15:26:55.144+0000] {standard_task_runner.py:60} INFO - Started process 61727 to run task
[2023-12-22T15:26:55.204+0000] {standard_task_runner.py:87} INFO - Running: ['***', 'tasks', 'run', 'dag_with_postgres_hooks_v04', 'postgres_to_s3', 'scheduled__2023-12-12T00:00:00+00:00', '--job-id', '289', '--raw', '--subdir', 'DAGS_FOLDER/dag_with_postgres_hooks.py', '--cfg-path', '/tmp/tmp2e5060tw']
[2023-12-22T15:26:55.266+0000] {standard_task_runner.py:88} INFO - Job 289: Subtask postgres_to_s3
[2023-12-22T15:26:56.226+0000] {task_command.py:423} INFO - Running <TaskInstance: dag_with_postgres_hooks_v04.postgres_to_s3 scheduled__2023-12-12T00:00:00+00:00 [running]> on host dd88aaafc1d9
[2023-12-22T15:26:57.769+0000] {taskinstance.py:2481} INFO - Exporting env vars: AIRFLOW_CTX_DAG_OWNER='sarwar' AIRFLOW_CTX_DAG_ID='dag_with_postgres_hooks_v04' AIRFLOW_CTX_TASK_ID='postgres_to_s3' AIRFLOW_CTX_EXECUTION_DATE='2023-12-12T00:00:00+00:00' AIRFLOW_CTX_TRY_NUMBER='1' AIRFLOW_CTX_DAG_RUN_ID='scheduled__2023-12-12T00:00:00+00:00'
[2023-12-22T15:26:57.970+0000] {logging_mixin.py:188} WARNING - /home/***/.local/lib/python3.8/site-packages/***/utils/context.py:207 AirflowContextDeprecationWarning: Accessing 'next_ds_nodash' from the template is deprecated and will be removed in a future version. Please use '{{ data_interval_end | ds_nodash }}' instead.
[2023-12-22T15:26:58.055+0000] {base.py:83} INFO - Using connection ID 'postgres_localhost' for task execution.
[2023-12-22T15:26:58.182+0000] {dag_with_postgres_hooks.py:30} INFO - Saved orders in file: dags/get_orders_20231212.txt
[2023-12-22T15:26:58.287+0000] {base.py:83} INFO - Using connection ID 'minio_conn' for task execution.
[2023-12-22T15:26:58.298+0000] {connection_wrapper.py:378} INFO - AWS Connection (conn_id='minio_conn', conn_type='aws') credentials retrieved from login and password.
[2023-12-22T15:26:58.340+0000] {logging_mixin.py:188} WARNING - <string>:9 AirflowProviderDeprecationWarning: extra['host'] is deprecated and will be removed in a future release. Please set extra['endpoint_url'] instead
[2023-12-22T15:27:11.984+0000] {dag_with_postgres_hooks.py:41} INFO - Orders file /tmp/tmpozrsodgi20231212 is pushed to s3
[2023-12-22T15:27:11.986+0000] {python.py:201} INFO - Done. Returned value was: None
[2023-12-22T15:27:12.094+0000] {taskinstance.py:1138} INFO - Marking task as SUCCESS. dag_id=dag_with_postgres_hooks_v04, task_id=postgres_to_s3, execution_date=20231212T000000, start_date=20231222T152654, end_date=20231222T152712
[2023-12-22T15:27:12.721+0000] {local_task_job_runner.py:234} INFO - Task exited with return code 0
[2023-12-22T15:27:13.131+0000] {taskinstance.py:3281} INFO - 0 downstream tasks scheduled from follow-on schedule check
[2023-12-22T15:31:37.425+0000] {taskinstance.py:1957} INFO - Dependencies all met for dep_context=non-requeueable deps ti=<TaskInstance: dag_with_postgres_hooks_v04.postgres_to_s3 scheduled__2023-12-12T00:00:00+00:00 [queued]>
[2023-12-22T15:31:37.521+0000] {taskinstance.py:1957} INFO - Dependencies all met for dep_context=requeueable deps ti=<TaskInstance: dag_with_postgres_hooks_v04.postgres_to_s3 scheduled__2023-12-12T00:00:00+00:00 [queued]>
[2023-12-22T15:31:37.534+0000] {taskinstance.py:2171} INFO - Starting attempt 1 of 1
[2023-12-22T15:31:37.621+0000] {taskinstance.py:2192} INFO - Executing <Task(PythonOperator): postgres_to_s3> on 2023-12-12 00:00:00+00:00
[2023-12-22T15:31:37.652+0000] {standard_task_runner.py:60} INFO - Started process 62208 to run task
[2023-12-22T15:31:37.750+0000] {standard_task_runner.py:87} INFO - Running: ['***', 'tasks', 'run', 'dag_with_postgres_hooks_v04', 'postgres_to_s3', 'scheduled__2023-12-12T00:00:00+00:00', '--job-id', '304', '--raw', '--subdir', 'DAGS_FOLDER/dag_with_postgres_hooks.py', '--cfg-path', '/tmp/tmpl3a3k2oq']
[2023-12-22T15:31:37.769+0000] {standard_task_runner.py:88} INFO - Job 304: Subtask postgres_to_s3
[2023-12-22T15:31:38.588+0000] {task_command.py:423} INFO - Running <TaskInstance: dag_with_postgres_hooks_v04.postgres_to_s3 scheduled__2023-12-12T00:00:00+00:00 [running]> on host dd88aaafc1d9
[2023-12-22T15:31:39.734+0000] {taskinstance.py:2481} INFO - Exporting env vars: AIRFLOW_CTX_DAG_OWNER='sarwar' AIRFLOW_CTX_DAG_ID='dag_with_postgres_hooks_v04' AIRFLOW_CTX_TASK_ID='postgres_to_s3' AIRFLOW_CTX_EXECUTION_DATE='2023-12-12T00:00:00+00:00' AIRFLOW_CTX_TRY_NUMBER='1' AIRFLOW_CTX_DAG_RUN_ID='scheduled__2023-12-12T00:00:00+00:00'
[2023-12-22T15:31:39.871+0000] {logging_mixin.py:188} WARNING - /home/***/.local/lib/python3.8/site-packages/***/utils/context.py:207 AirflowContextDeprecationWarning: Accessing 'next_ds_nodash' from the template is deprecated and will be removed in a future version. Please use '{{ data_interval_end | ds_nodash }}' instead.
[2023-12-22T15:31:39.977+0000] {base.py:83} INFO - Using connection ID 'postgres_localhost' for task execution.
[2023-12-22T15:31:40.025+0000] {dag_with_postgres_hooks.py:30} INFO - Saved orders in file: dags/get_orders_20231212.txt
[2023-12-22T15:31:40.122+0000] {base.py:83} INFO - Using connection ID 'minio_conn' for task execution.
[2023-12-22T15:31:40.134+0000] {connection_wrapper.py:378} INFO - AWS Connection (conn_id='minio_conn', conn_type='aws') credentials retrieved from login and password.
[2023-12-22T15:31:40.153+0000] {logging_mixin.py:188} WARNING - <string>:9 AirflowProviderDeprecationWarning: extra['host'] is deprecated and will be removed in a future release. Please set extra['endpoint_url'] instead
[2023-12-22T15:31:53.570+0000] {dag_with_postgres_hooks.py:41} INFO - Orders file /tmp/tmp5tu116lt20231212 is pushed to s3
[2023-12-22T15:31:53.595+0000] {python.py:201} INFO - Done. Returned value was: None
[2023-12-22T15:31:54.006+0000] {taskinstance.py:1138} INFO - Marking task as SUCCESS. dag_id=dag_with_postgres_hooks_v04, task_id=postgres_to_s3, execution_date=20231212T000000, start_date=20231222T153137, end_date=20231222T153154
[2023-12-22T15:31:55.474+0000] {local_task_job_runner.py:234} INFO - Task exited with return code 0
[2023-12-22T15:31:55.932+0000] {taskinstance.py:3281} INFO - 0 downstream tasks scheduled from follow-on schedule check
