[2023-12-22T03:54:39.560+0000] {taskinstance.py:1957} INFO - Dependencies all met for dep_context=non-requeueable deps ti=<TaskInstance: dag_with_postgres_operator_v02.insert_into_postgres_table scheduled__2023-12-11T00:00:00+00:00 [queued]>
[2023-12-22T03:54:39.729+0000] {taskinstance.py:1957} INFO - Dependencies all met for dep_context=requeueable deps ti=<TaskInstance: dag_with_postgres_operator_v02.insert_into_postgres_table scheduled__2023-12-11T00:00:00+00:00 [queued]>
[2023-12-22T03:54:40.531+0000] {taskinstance.py:2171} INFO - Starting attempt 1 of 1
[2023-12-22T03:54:41.478+0000] {taskinstance.py:2192} INFO - Executing <Task(PostgresOperator): insert_into_postgres_table> on 2023-12-11 00:00:00+00:00
[2023-12-22T03:54:41.732+0000] {standard_task_runner.py:60} INFO - Started process 9352 to run task
[2023-12-22T03:54:42.194+0000] {standard_task_runner.py:87} INFO - Running: ['***', 'tasks', 'run', 'dag_with_postgres_operator_v02', 'insert_into_postgres_table', 'scheduled__2023-12-11T00:00:00+00:00', '--job-id', '106', '--raw', '--subdir', 'DAGS_FOLDER/dag_with_postgres_operator.py', '--cfg-path', '/tmp/tmpjsn0nctu']
[2023-12-22T03:54:42.474+0000] {standard_task_runner.py:88} INFO - Job 106: Subtask insert_into_postgres_table
[2023-12-22T03:54:43.518+0000] {task_command.py:423} INFO - Running <TaskInstance: dag_with_postgres_operator_v02.insert_into_postgres_table scheduled__2023-12-11T00:00:00+00:00 [running]> on host dd88aaafc1d9
[2023-12-22T03:54:46.437+0000] {taskinstance.py:2481} INFO - Exporting env vars: AIRFLOW_CTX_DAG_OWNER='sarwar' AIRFLOW_CTX_DAG_ID='dag_with_postgres_operator_v02' AIRFLOW_CTX_TASK_ID='insert_into_postgres_table' AIRFLOW_CTX_EXECUTION_DATE='2023-12-11T00:00:00+00:00' AIRFLOW_CTX_TRY_NUMBER='1' AIRFLOW_CTX_DAG_RUN_ID='scheduled__2023-12-11T00:00:00+00:00'
[2023-12-22T03:54:46.470+0000] {sql.py:276} INFO - Executing: 
            insert into dag_runs (dt, dag_id) values(<method 'date' of 'datetime.datetime' objects>, dag_with_postgres_operator_v02 )
        
[2023-12-22T03:54:46.781+0000] {base.py:83} INFO - Using connection ID 'postgres_localhost' for task execution.
[2023-12-22T03:54:47.722+0000] {base.py:83} INFO - Using connection ID 'postgres_localhost' for task execution.
[2023-12-22T03:54:47.892+0000] {sql.py:432} INFO - Running statement: 
            insert into dag_runs (dt, dag_id) values(<method 'date' of 'datetime.datetime' objects>, dag_with_postgres_operator_v02 )
        , parameters: None
[2023-12-22T03:54:47.929+0000] {taskinstance.py:2699} ERROR - Task failed with exception
Traceback (most recent call last):
  File "/home/airflow/.local/lib/python3.8/site-packages/airflow/models/taskinstance.py", line 433, in _execute_task
    result = execute_callable(context=context, **execute_callable_kwargs)
  File "/home/airflow/.local/lib/python3.8/site-packages/airflow/providers/common/sql/operators/sql.py", line 282, in execute
    output = hook.run(
  File "/home/airflow/.local/lib/python3.8/site-packages/airflow/providers/common/sql/hooks/sql.py", line 392, in run
    self._run_command(cur, sql_statement, parameters)
  File "/home/airflow/.local/lib/python3.8/site-packages/airflow/providers/common/sql/hooks/sql.py", line 437, in _run_command
    cur.execute(sql_statement)
psycopg2.errors.SyntaxError: syntax error at or near "<"
LINE 2: ...         insert into dag_runs (dt, dag_id) values(<method 'd...
                                                             ^

[2023-12-22T03:54:48.320+0000] {taskinstance.py:1138} INFO - Marking task as FAILED. dag_id=dag_with_postgres_operator_v02, task_id=insert_into_postgres_table, execution_date=20231211T000000, start_date=20231222T035439, end_date=20231222T035448
[2023-12-22T03:54:48.655+0000] {standard_task_runner.py:107} ERROR - Failed to execute job 106 for task insert_into_postgres_table (syntax error at or near "<"
LINE 2: ...         insert into dag_runs (dt, dag_id) values(<method 'd...
                                                             ^
; 9352)
[2023-12-22T03:54:49.036+0000] {local_task_job_runner.py:234} INFO - Task exited with return code 1
[2023-12-22T03:54:51.858+0000] {taskinstance.py:3281} INFO - 0 downstream tasks scheduled from follow-on schedule check
