[2023-12-22T04:06:01.560+0000] {taskinstance.py:1957} INFO - Dependencies all met for dep_context=non-requeueable deps ti=<TaskInstance: dag_with_postgres_operator_v02.create_postgres_table manual__2023-12-22T04:05:59.558223+00:00 [queued]>
[2023-12-22T04:06:01.620+0000] {taskinstance.py:1957} INFO - Dependencies all met for dep_context=requeueable deps ti=<TaskInstance: dag_with_postgres_operator_v02.create_postgres_table manual__2023-12-22T04:05:59.558223+00:00 [queued]>
[2023-12-22T04:06:01.623+0000] {taskinstance.py:2171} INFO - Starting attempt 1 of 1
[2023-12-22T04:06:01.756+0000] {taskinstance.py:2192} INFO - Executing <Task(PostgresOperator): create_postgres_table> on 2023-12-22 04:05:59.558223+00:00
[2023-12-22T04:06:01.786+0000] {standard_task_runner.py:60} INFO - Started process 10184 to run task
[2023-12-22T04:06:01.814+0000] {standard_task_runner.py:87} INFO - Running: ['***', 'tasks', 'run', 'dag_with_postgres_operator_v02', 'create_postgres_table', 'manual__2023-12-22T04:05:59.558223+00:00', '--job-id', '125', '--raw', '--subdir', 'DAGS_FOLDER/dag_with_postgres_operator.py', '--cfg-path', '/tmp/tmpihgdlz_i']
[2023-12-22T04:06:01.826+0000] {standard_task_runner.py:88} INFO - Job 125: Subtask create_postgres_table
[2023-12-22T04:06:02.229+0000] {task_command.py:423} INFO - Running <TaskInstance: dag_with_postgres_operator_v02.create_postgres_table manual__2023-12-22T04:05:59.558223+00:00 [running]> on host dd88aaafc1d9
[2023-12-22T04:06:03.542+0000] {taskinstance.py:2481} INFO - Exporting env vars: AIRFLOW_CTX_DAG_OWNER='sarwar' AIRFLOW_CTX_DAG_ID='dag_with_postgres_operator_v02' AIRFLOW_CTX_TASK_ID='create_postgres_table' AIRFLOW_CTX_EXECUTION_DATE='2023-12-22T04:05:59.558223+00:00' AIRFLOW_CTX_TRY_NUMBER='1' AIRFLOW_CTX_DAG_RUN_ID='manual__2023-12-22T04:05:59.558223+00:00'
[2023-12-22T04:06:03.545+0000] {sql.py:276} INFO - Executing: 
        create table if not exists dag_runs (
        dt date,
        dag_id varchar,
        primary key(dt, dag_id)
        )
        
[2023-12-22T04:06:03.579+0000] {base.py:83} INFO - Using connection ID 'postgres_localhost' for task execution.
[2023-12-22T04:06:03.617+0000] {base.py:83} INFO - Using connection ID 'postgres_localhost' for task execution.
[2023-12-22T04:06:03.663+0000] {sql.py:432} INFO - Running statement: 
        create table if not exists dag_runs (
        dt date,
        dag_id varchar,
        primary key(dt, dag_id)
        )
        , parameters: None
[2023-12-22T04:06:03.700+0000] {taskinstance.py:1138} INFO - Marking task as SUCCESS. dag_id=dag_with_postgres_operator_v02, task_id=create_postgres_table, execution_date=20231222T040559, start_date=20231222T040601, end_date=20231222T040603
[2023-12-22T04:06:03.796+0000] {local_task_job_runner.py:234} INFO - Task exited with return code 0
[2023-12-22T04:06:03.858+0000] {taskinstance.py:3281} INFO - 1 downstream tasks scheduled from follow-on schedule check
