[2023-12-22T03:54:49.470+0000] {taskinstance.py:1957} INFO - Dependencies all met for dep_context=non-requeueable deps ti=<TaskInstance: dag_with_postgres_operator_v02.create_postgres_table scheduled__2023-12-20T00:00:00+00:00 [queued]>
[2023-12-22T03:54:49.627+0000] {taskinstance.py:1957} INFO - Dependencies all met for dep_context=requeueable deps ti=<TaskInstance: dag_with_postgres_operator_v02.create_postgres_table scheduled__2023-12-20T00:00:00+00:00 [queued]>
[2023-12-22T03:54:49.638+0000] {taskinstance.py:2171} INFO - Starting attempt 1 of 1
[2023-12-22T03:54:51.624+0000] {taskinstance.py:2192} INFO - Executing <Task(PostgresOperator): create_postgres_table> on 2023-12-20 00:00:00+00:00
[2023-12-22T03:54:51.887+0000] {standard_task_runner.py:60} INFO - Started process 9376 to run task
[2023-12-22T03:54:52.046+0000] {standard_task_runner.py:87} INFO - Running: ['***', 'tasks', 'run', 'dag_with_postgres_operator_v02', 'create_postgres_table', 'scheduled__2023-12-20T00:00:00+00:00', '--job-id', '112', '--raw', '--subdir', 'DAGS_FOLDER/dag_with_postgres_operator.py', '--cfg-path', '/tmp/tmpy9n3_1zk']
[2023-12-22T03:54:52.070+0000] {standard_task_runner.py:88} INFO - Job 112: Subtask create_postgres_table
[2023-12-22T03:54:53.553+0000] {task_command.py:423} INFO - Running <TaskInstance: dag_with_postgres_operator_v02.create_postgres_table scheduled__2023-12-20T00:00:00+00:00 [running]> on host dd88aaafc1d9
[2023-12-22T03:54:54.808+0000] {taskinstance.py:2481} INFO - Exporting env vars: AIRFLOW_CTX_DAG_OWNER='sarwar' AIRFLOW_CTX_DAG_ID='dag_with_postgres_operator_v02' AIRFLOW_CTX_TASK_ID='create_postgres_table' AIRFLOW_CTX_EXECUTION_DATE='2023-12-20T00:00:00+00:00' AIRFLOW_CTX_TRY_NUMBER='1' AIRFLOW_CTX_DAG_RUN_ID='scheduled__2023-12-20T00:00:00+00:00'
[2023-12-22T03:54:54.813+0000] {sql.py:276} INFO - Executing: 
        create table if not exists dag_runs (
        dt date,
        dag_id varchar,
        primary key(dt, dag_id)
        )
        
[2023-12-22T03:54:54.839+0000] {base.py:83} INFO - Using connection ID 'postgres_localhost' for task execution.
[2023-12-22T03:54:54.882+0000] {base.py:83} INFO - Using connection ID 'postgres_localhost' for task execution.
[2023-12-22T03:54:54.907+0000] {sql.py:432} INFO - Running statement: 
        create table if not exists dag_runs (
        dt date,
        dag_id varchar,
        primary key(dt, dag_id)
        )
        , parameters: None
[2023-12-22T03:54:54.940+0000] {taskinstance.py:1138} INFO - Marking task as SUCCESS. dag_id=dag_with_postgres_operator_v02, task_id=create_postgres_table, execution_date=20231220T000000, start_date=20231222T035449, end_date=20231222T035454
[2023-12-22T03:54:55.133+0000] {local_task_job_runner.py:234} INFO - Task exited with return code 0
[2023-12-22T03:54:55.443+0000] {taskinstance.py:3281} INFO - 1 downstream tasks scheduled from follow-on schedule check
