[2023-12-22T15:27:01.416+0000] {taskinstance.py:1957} INFO - Dependencies all met for dep_context=non-requeueable deps ti=<TaskInstance: dag_with_postgres_hooks_v04.postgres_to_s3 scheduled__2023-12-15T00:00:00+00:00 [queued]>
[2023-12-22T15:27:01.583+0000] {taskinstance.py:1957} INFO - Dependencies all met for dep_context=requeueable deps ti=<TaskInstance: dag_with_postgres_hooks_v04.postgres_to_s3 scheduled__2023-12-15T00:00:00+00:00 [queued]>
[2023-12-22T15:27:01.591+0000] {taskinstance.py:2171} INFO - Starting attempt 1 of 1
[2023-12-22T15:27:02.271+0000] {taskinstance.py:2192} INFO - Executing <Task(PythonOperator): postgres_to_s3> on 2023-12-15 00:00:00+00:00
[2023-12-22T15:27:02.329+0000] {standard_task_runner.py:60} INFO - Started process 61749 to run task
[2023-12-22T15:27:02.423+0000] {standard_task_runner.py:87} INFO - Running: ['***', 'tasks', 'run', 'dag_with_postgres_hooks_v04', 'postgres_to_s3', 'scheduled__2023-12-15T00:00:00+00:00', '--job-id', '293', '--raw', '--subdir', 'DAGS_FOLDER/dag_with_postgres_hooks.py', '--cfg-path', '/tmp/tmpp189sxsd']
[2023-12-22T15:27:02.475+0000] {standard_task_runner.py:88} INFO - Job 293: Subtask postgres_to_s3
[2023-12-22T15:27:03.201+0000] {task_command.py:423} INFO - Running <TaskInstance: dag_with_postgres_hooks_v04.postgres_to_s3 scheduled__2023-12-15T00:00:00+00:00 [running]> on host dd88aaafc1d9
[2023-12-22T15:27:03.991+0000] {taskinstance.py:2481} INFO - Exporting env vars: AIRFLOW_CTX_DAG_OWNER='sarwar' AIRFLOW_CTX_DAG_ID='dag_with_postgres_hooks_v04' AIRFLOW_CTX_TASK_ID='postgres_to_s3' AIRFLOW_CTX_EXECUTION_DATE='2023-12-15T00:00:00+00:00' AIRFLOW_CTX_TRY_NUMBER='1' AIRFLOW_CTX_DAG_RUN_ID='scheduled__2023-12-15T00:00:00+00:00'
[2023-12-22T15:27:04.179+0000] {logging_mixin.py:188} WARNING - /home/***/.local/lib/python3.8/site-packages/***/utils/context.py:207 AirflowContextDeprecationWarning: Accessing 'next_ds_nodash' from the template is deprecated and will be removed in a future version. Please use '{{ data_interval_end | ds_nodash }}' instead.
[2023-12-22T15:27:04.322+0000] {base.py:83} INFO - Using connection ID 'postgres_localhost' for task execution.
[2023-12-22T15:27:04.429+0000] {dag_with_postgres_hooks.py:30} INFO - Saved orders in file: dags/get_orders_20231215.txt
[2023-12-22T15:27:04.482+0000] {base.py:83} INFO - Using connection ID 'minio_conn' for task execution.
[2023-12-22T15:27:04.499+0000] {connection_wrapper.py:378} INFO - AWS Connection (conn_id='minio_conn', conn_type='aws') credentials retrieved from login and password.
[2023-12-22T15:27:04.518+0000] {logging_mixin.py:188} WARNING - <string>:9 AirflowProviderDeprecationWarning: extra['host'] is deprecated and will be removed in a future release. Please set extra['endpoint_url'] instead
[2023-12-22T15:27:16.803+0000] {dag_with_postgres_hooks.py:41} INFO - Orders file /tmp/tmpkioi2yds20231215 is pushed to s3
[2023-12-22T15:27:16.823+0000] {python.py:201} INFO - Done. Returned value was: None
[2023-12-22T15:27:16.972+0000] {taskinstance.py:1138} INFO - Marking task as SUCCESS. dag_id=dag_with_postgres_hooks_v04, task_id=postgres_to_s3, execution_date=20231215T000000, start_date=20231222T152701, end_date=20231222T152716
[2023-12-22T15:27:19.444+0000] {local_task_job_runner.py:234} INFO - Task exited with return code 0
[2023-12-22T15:27:19.690+0000] {taskinstance.py:3281} INFO - 0 downstream tasks scheduled from follow-on schedule check
[2023-12-22T15:31:40.570+0000] {taskinstance.py:1957} INFO - Dependencies all met for dep_context=non-requeueable deps ti=<TaskInstance: dag_with_postgres_hooks_v04.postgres_to_s3 scheduled__2023-12-15T00:00:00+00:00 [queued]>
[2023-12-22T15:31:40.678+0000] {taskinstance.py:1957} INFO - Dependencies all met for dep_context=requeueable deps ti=<TaskInstance: dag_with_postgres_hooks_v04.postgres_to_s3 scheduled__2023-12-15T00:00:00+00:00 [queued]>
[2023-12-22T15:31:40.698+0000] {taskinstance.py:2171} INFO - Starting attempt 1 of 1
[2023-12-22T15:31:41.279+0000] {taskinstance.py:2192} INFO - Executing <Task(PythonOperator): postgres_to_s3> on 2023-12-15 00:00:00+00:00
[2023-12-22T15:31:41.330+0000] {standard_task_runner.py:60} INFO - Started process 62225 to run task
[2023-12-22T15:31:41.350+0000] {standard_task_runner.py:87} INFO - Running: ['***', 'tasks', 'run', 'dag_with_postgres_hooks_v04', 'postgres_to_s3', 'scheduled__2023-12-15T00:00:00+00:00', '--job-id', '308', '--raw', '--subdir', 'DAGS_FOLDER/dag_with_postgres_hooks.py', '--cfg-path', '/tmp/tmp857ppxjo']
[2023-12-22T15:31:41.388+0000] {standard_task_runner.py:88} INFO - Job 308: Subtask postgres_to_s3
[2023-12-22T15:31:42.190+0000] {task_command.py:423} INFO - Running <TaskInstance: dag_with_postgres_hooks_v04.postgres_to_s3 scheduled__2023-12-15T00:00:00+00:00 [running]> on host dd88aaafc1d9
[2023-12-22T15:31:43.445+0000] {taskinstance.py:2481} INFO - Exporting env vars: AIRFLOW_CTX_DAG_OWNER='sarwar' AIRFLOW_CTX_DAG_ID='dag_with_postgres_hooks_v04' AIRFLOW_CTX_TASK_ID='postgres_to_s3' AIRFLOW_CTX_EXECUTION_DATE='2023-12-15T00:00:00+00:00' AIRFLOW_CTX_TRY_NUMBER='1' AIRFLOW_CTX_DAG_RUN_ID='scheduled__2023-12-15T00:00:00+00:00'
[2023-12-22T15:31:43.593+0000] {logging_mixin.py:188} WARNING - /home/***/.local/lib/python3.8/site-packages/***/utils/context.py:207 AirflowContextDeprecationWarning: Accessing 'next_ds_nodash' from the template is deprecated and will be removed in a future version. Please use '{{ data_interval_end | ds_nodash }}' instead.
[2023-12-22T15:31:43.719+0000] {base.py:83} INFO - Using connection ID 'postgres_localhost' for task execution.
[2023-12-22T15:31:43.802+0000] {dag_with_postgres_hooks.py:30} INFO - Saved orders in file: dags/get_orders_20231215.txt
[2023-12-22T15:31:43.919+0000] {base.py:83} INFO - Using connection ID 'minio_conn' for task execution.
[2023-12-22T15:31:43.927+0000] {connection_wrapper.py:378} INFO - AWS Connection (conn_id='minio_conn', conn_type='aws') credentials retrieved from login and password.
[2023-12-22T15:31:43.968+0000] {logging_mixin.py:188} WARNING - <string>:9 AirflowProviderDeprecationWarning: extra['host'] is deprecated and will be removed in a future release. Please set extra['endpoint_url'] instead
[2023-12-22T15:31:55.639+0000] {dag_with_postgres_hooks.py:41} INFO - Orders file /tmp/tmpmejiwhp420231215 is pushed to s3
[2023-12-22T15:31:55.644+0000] {python.py:201} INFO - Done. Returned value was: None
[2023-12-22T15:31:55.856+0000] {taskinstance.py:1138} INFO - Marking task as SUCCESS. dag_id=dag_with_postgres_hooks_v04, task_id=postgres_to_s3, execution_date=20231215T000000, start_date=20231222T153140, end_date=20231222T153155
[2023-12-22T15:31:56.360+0000] {local_task_job_runner.py:234} INFO - Task exited with return code 0
[2023-12-22T15:31:56.508+0000] {taskinstance.py:3281} INFO - 0 downstream tasks scheduled from follow-on schedule check
