[2023-12-22T03:54:39.206+0000] {taskinstance.py:1957} INFO - Dependencies all met for dep_context=non-requeueable deps ti=<TaskInstance: dag_with_postgres_operator_v02.create_postgres_table scheduled__2023-12-18T00:00:00+00:00 [queued]>
[2023-12-22T03:54:39.256+0000] {taskinstance.py:1957} INFO - Dependencies all met for dep_context=requeueable deps ti=<TaskInstance: dag_with_postgres_operator_v02.create_postgres_table scheduled__2023-12-18T00:00:00+00:00 [queued]>
[2023-12-22T03:54:39.258+0000] {taskinstance.py:2171} INFO - Starting attempt 1 of 1
[2023-12-22T03:54:41.010+0000] {taskinstance.py:2192} INFO - Executing <Task(PostgresOperator): create_postgres_table> on 2023-12-18 00:00:00+00:00
[2023-12-22T03:54:41.559+0000] {standard_task_runner.py:60} INFO - Started process 9351 to run task
[2023-12-22T03:54:42.788+0000] {standard_task_runner.py:87} INFO - Running: ['***', 'tasks', 'run', 'dag_with_postgres_operator_v02', 'create_postgres_table', 'scheduled__2023-12-18T00:00:00+00:00', '--job-id', '107', '--raw', '--subdir', 'DAGS_FOLDER/dag_with_postgres_operator.py', '--cfg-path', '/tmp/tmpgp5w14w8']
[2023-12-22T03:54:42.928+0000] {standard_task_runner.py:88} INFO - Job 107: Subtask create_postgres_table
[2023-12-22T03:54:44.096+0000] {task_command.py:423} INFO - Running <TaskInstance: dag_with_postgres_operator_v02.create_postgres_table scheduled__2023-12-18T00:00:00+00:00 [running]> on host dd88aaafc1d9
[2023-12-22T03:54:48.349+0000] {taskinstance.py:2481} INFO - Exporting env vars: AIRFLOW_CTX_DAG_OWNER='sarwar' AIRFLOW_CTX_DAG_ID='dag_with_postgres_operator_v02' AIRFLOW_CTX_TASK_ID='create_postgres_table' AIRFLOW_CTX_EXECUTION_DATE='2023-12-18T00:00:00+00:00' AIRFLOW_CTX_TRY_NUMBER='1' AIRFLOW_CTX_DAG_RUN_ID='scheduled__2023-12-18T00:00:00+00:00'
[2023-12-22T03:54:48.382+0000] {sql.py:276} INFO - Executing: 
        create table if not exists dag_runs (
        dt date,
        dag_id varchar,
        primary key(dt, dag_id)
        )
        
[2023-12-22T03:54:48.513+0000] {base.py:83} INFO - Using connection ID 'postgres_localhost' for task execution.
[2023-12-22T03:54:48.744+0000] {base.py:83} INFO - Using connection ID 'postgres_localhost' for task execution.
[2023-12-22T03:54:48.806+0000] {sql.py:432} INFO - Running statement: 
        create table if not exists dag_runs (
        dt date,
        dag_id varchar,
        primary key(dt, dag_id)
        )
        , parameters: None
[2023-12-22T03:54:48.969+0000] {taskinstance.py:1138} INFO - Marking task as SUCCESS. dag_id=dag_with_postgres_operator_v02, task_id=create_postgres_table, execution_date=20231218T000000, start_date=20231222T035439, end_date=20231222T035448
[2023-12-22T03:54:51.942+0000] {local_task_job_runner.py:234} INFO - Task exited with return code 0
[2023-12-22T03:54:52.818+0000] {taskinstance.py:3281} INFO - 1 downstream tasks scheduled from follow-on schedule check
