[2023-12-22T15:27:12.527+0000] {taskinstance.py:1957} INFO - Dependencies all met for dep_context=non-requeueable deps ti=<TaskInstance: dag_with_postgres_hooks_v04.postgres_to_s3 scheduled__2023-12-20T00:00:00+00:00 [queued]>
[2023-12-22T15:27:12.635+0000] {taskinstance.py:1957} INFO - Dependencies all met for dep_context=requeueable deps ti=<TaskInstance: dag_with_postgres_hooks_v04.postgres_to_s3 scheduled__2023-12-20T00:00:00+00:00 [queued]>
[2023-12-22T15:27:12.649+0000] {taskinstance.py:2171} INFO - Starting attempt 1 of 1
[2023-12-22T15:27:13.088+0000] {taskinstance.py:2192} INFO - Executing <Task(PythonOperator): postgres_to_s3> on 2023-12-20 00:00:00+00:00
[2023-12-22T15:27:13.195+0000] {standard_task_runner.py:60} INFO - Started process 61768 to run task
[2023-12-22T15:27:13.329+0000] {standard_task_runner.py:87} INFO - Running: ['***', 'tasks', 'run', 'dag_with_postgres_hooks_v04', 'postgres_to_s3', 'scheduled__2023-12-20T00:00:00+00:00', '--job-id', '298', '--raw', '--subdir', 'DAGS_FOLDER/dag_with_postgres_hooks.py', '--cfg-path', '/tmp/tmpamvpjw0f']
[2023-12-22T15:27:13.373+0000] {standard_task_runner.py:88} INFO - Job 298: Subtask postgres_to_s3
[2023-12-22T15:27:14.098+0000] {task_command.py:423} INFO - Running <TaskInstance: dag_with_postgres_hooks_v04.postgres_to_s3 scheduled__2023-12-20T00:00:00+00:00 [running]> on host dd88aaafc1d9
[2023-12-22T15:27:15.310+0000] {taskinstance.py:2481} INFO - Exporting env vars: AIRFLOW_CTX_DAG_OWNER='sarwar' AIRFLOW_CTX_DAG_ID='dag_with_postgres_hooks_v04' AIRFLOW_CTX_TASK_ID='postgres_to_s3' AIRFLOW_CTX_EXECUTION_DATE='2023-12-20T00:00:00+00:00' AIRFLOW_CTX_TRY_NUMBER='1' AIRFLOW_CTX_DAG_RUN_ID='scheduled__2023-12-20T00:00:00+00:00'
[2023-12-22T15:27:15.478+0000] {logging_mixin.py:188} WARNING - /home/***/.local/lib/python3.8/site-packages/***/utils/context.py:207 AirflowContextDeprecationWarning: Accessing 'next_ds_nodash' from the template is deprecated and will be removed in a future version. Please use '{{ data_interval_end | ds_nodash }}' instead.
[2023-12-22T15:27:15.581+0000] {base.py:83} INFO - Using connection ID 'postgres_localhost' for task execution.
[2023-12-22T15:27:15.689+0000] {dag_with_postgres_hooks.py:30} INFO - Saved orders in file: dags/get_orders_20231220.txt
[2023-12-22T15:27:15.885+0000] {base.py:83} INFO - Using connection ID 'minio_conn' for task execution.
[2023-12-22T15:27:15.899+0000] {connection_wrapper.py:378} INFO - AWS Connection (conn_id='minio_conn', conn_type='aws') credentials retrieved from login and password.
[2023-12-22T15:27:15.918+0000] {logging_mixin.py:188} WARNING - <string>:9 AirflowProviderDeprecationWarning: extra['host'] is deprecated and will be removed in a future release. Please set extra['endpoint_url'] instead
[2023-12-22T15:27:26.213+0000] {dag_with_postgres_hooks.py:41} INFO - Orders file /tmp/tmpeosxtmjb20231220 is pushed to s3
[2023-12-22T15:27:26.229+0000] {python.py:201} INFO - Done. Returned value was: None
[2023-12-22T15:27:26.270+0000] {taskinstance.py:1138} INFO - Marking task as SUCCESS. dag_id=dag_with_postgres_hooks_v04, task_id=postgres_to_s3, execution_date=20231220T000000, start_date=20231222T152712, end_date=20231222T152726
[2023-12-22T15:27:26.386+0000] {local_task_job_runner.py:234} INFO - Task exited with return code 0
[2023-12-22T15:27:26.457+0000] {taskinstance.py:3281} INFO - 0 downstream tasks scheduled from follow-on schedule check
[2023-12-22T15:31:47.196+0000] {taskinstance.py:1957} INFO - Dependencies all met for dep_context=non-requeueable deps ti=<TaskInstance: dag_with_postgres_hooks_v04.postgres_to_s3 scheduled__2023-12-20T00:00:00+00:00 [queued]>
[2023-12-22T15:31:47.711+0000] {taskinstance.py:1957} INFO - Dependencies all met for dep_context=requeueable deps ti=<TaskInstance: dag_with_postgres_hooks_v04.postgres_to_s3 scheduled__2023-12-20T00:00:00+00:00 [queued]>
[2023-12-22T15:31:47.743+0000] {taskinstance.py:2171} INFO - Starting attempt 1 of 1
[2023-12-22T15:31:51.257+0000] {taskinstance.py:2192} INFO - Executing <Task(PythonOperator): postgres_to_s3> on 2023-12-20 00:00:00+00:00
[2023-12-22T15:31:51.329+0000] {standard_task_runner.py:60} INFO - Started process 62238 to run task
[2023-12-22T15:31:51.376+0000] {standard_task_runner.py:87} INFO - Running: ['***', 'tasks', 'run', 'dag_with_postgres_hooks_v04', 'postgres_to_s3', 'scheduled__2023-12-20T00:00:00+00:00', '--job-id', '312', '--raw', '--subdir', 'DAGS_FOLDER/dag_with_postgres_hooks.py', '--cfg-path', '/tmp/tmp9jrvtggs']
[2023-12-22T15:31:51.528+0000] {standard_task_runner.py:88} INFO - Job 312: Subtask postgres_to_s3
[2023-12-22T15:31:52.637+0000] {task_command.py:423} INFO - Running <TaskInstance: dag_with_postgres_hooks_v04.postgres_to_s3 scheduled__2023-12-20T00:00:00+00:00 [running]> on host dd88aaafc1d9
[2023-12-22T15:31:54.198+0000] {taskinstance.py:2481} INFO - Exporting env vars: AIRFLOW_CTX_DAG_OWNER='sarwar' AIRFLOW_CTX_DAG_ID='dag_with_postgres_hooks_v04' AIRFLOW_CTX_TASK_ID='postgres_to_s3' AIRFLOW_CTX_EXECUTION_DATE='2023-12-20T00:00:00+00:00' AIRFLOW_CTX_TRY_NUMBER='1' AIRFLOW_CTX_DAG_RUN_ID='scheduled__2023-12-20T00:00:00+00:00'
[2023-12-22T15:31:54.318+0000] {logging_mixin.py:188} WARNING - /home/***/.local/lib/python3.8/site-packages/***/utils/context.py:207 AirflowContextDeprecationWarning: Accessing 'next_ds_nodash' from the template is deprecated and will be removed in a future version. Please use '{{ data_interval_end | ds_nodash }}' instead.
[2023-12-22T15:31:54.428+0000] {base.py:83} INFO - Using connection ID 'postgres_localhost' for task execution.
[2023-12-22T15:31:54.574+0000] {dag_with_postgres_hooks.py:30} INFO - Saved orders in file: dags/get_orders_20231220.txt
[2023-12-22T15:31:54.651+0000] {base.py:83} INFO - Using connection ID 'minio_conn' for task execution.
[2023-12-22T15:31:54.657+0000] {connection_wrapper.py:378} INFO - AWS Connection (conn_id='minio_conn', conn_type='aws') credentials retrieved from login and password.
[2023-12-22T15:31:54.677+0000] {logging_mixin.py:188} WARNING - <string>:9 AirflowProviderDeprecationWarning: extra['host'] is deprecated and will be removed in a future release. Please set extra['endpoint_url'] instead
[2023-12-22T15:32:01.895+0000] {dag_with_postgres_hooks.py:41} INFO - Orders file /tmp/tmpbx3_b3pt20231220 is pushed to s3
[2023-12-22T15:32:01.899+0000] {python.py:201} INFO - Done. Returned value was: None
[2023-12-22T15:32:01.949+0000] {taskinstance.py:1138} INFO - Marking task as SUCCESS. dag_id=dag_with_postgres_hooks_v04, task_id=postgres_to_s3, execution_date=20231220T000000, start_date=20231222T153147, end_date=20231222T153201
[2023-12-22T15:32:02.068+0000] {local_task_job_runner.py:234} INFO - Task exited with return code 0
[2023-12-22T15:32:02.118+0000] {taskinstance.py:3281} INFO - 0 downstream tasks scheduled from follow-on schedule check
