[2023-12-22T03:28:24.861+0000] {taskinstance.py:1957} INFO - Dependencies all met for dep_context=non-requeueable deps ti=<TaskInstance: dag_with_postgres_operator_v01.create_postgres_table scheduled__2023-12-21T00:00:00+00:00 [queued]>
[2023-12-22T03:28:25.007+0000] {taskinstance.py:1957} INFO - Dependencies all met for dep_context=requeueable deps ti=<TaskInstance: dag_with_postgres_operator_v01.create_postgres_table scheduled__2023-12-21T00:00:00+00:00 [queued]>
[2023-12-22T03:28:25.018+0000] {taskinstance.py:2171} INFO - Starting attempt 1 of 1
[2023-12-22T03:28:25.136+0000] {taskinstance.py:2192} INFO - Executing <Task(PostgresOperator): create_postgres_table> on 2023-12-21 00:00:00+00:00
[2023-12-22T03:28:25.171+0000] {standard_task_runner.py:60} INFO - Started process 7376 to run task
[2023-12-22T03:28:25.351+0000] {standard_task_runner.py:87} INFO - Running: ['***', 'tasks', 'run', 'dag_with_postgres_operator_v01', 'create_postgres_table', 'scheduled__2023-12-21T00:00:00+00:00', '--job-id', '92', '--raw', '--subdir', 'DAGS_FOLDER/dag_with_postgres_operator.py', '--cfg-path', '/tmp/tmpy1z6mc99']
[2023-12-22T03:28:25.398+0000] {standard_task_runner.py:88} INFO - Job 92: Subtask create_postgres_table
[2023-12-22T03:28:26.136+0000] {task_command.py:423} INFO - Running <TaskInstance: dag_with_postgres_operator_v01.create_postgres_table scheduled__2023-12-21T00:00:00+00:00 [running]> on host dd88aaafc1d9
[2023-12-22T03:28:26.892+0000] {taskinstance.py:2481} INFO - Exporting env vars: AIRFLOW_CTX_DAG_OWNER='sarwar' AIRFLOW_CTX_DAG_ID='dag_with_postgres_operator_v01' AIRFLOW_CTX_TASK_ID='create_postgres_table' AIRFLOW_CTX_EXECUTION_DATE='2023-12-21T00:00:00+00:00' AIRFLOW_CTX_TRY_NUMBER='1' AIRFLOW_CTX_DAG_RUN_ID='scheduled__2023-12-21T00:00:00+00:00'
[2023-12-22T03:28:26.902+0000] {sql.py:276} INFO - Executing: 
        select 'select date'
        
[2023-12-22T03:28:26.976+0000] {base.py:83} INFO - Using connection ID 'postgres_localhost' for task execution.
[2023-12-22T03:28:27.033+0000] {base.py:83} INFO - Using connection ID 'postgres_localhost' for task execution.
[2023-12-22T03:28:37.061+0000] {taskinstance.py:2699} ERROR - Task failed with exception
Traceback (most recent call last):
  File "/home/airflow/.local/lib/python3.8/site-packages/airflow/models/taskinstance.py", line 433, in _execute_task
    result = execute_callable(context=context, **execute_callable_kwargs)
  File "/home/airflow/.local/lib/python3.8/site-packages/airflow/providers/common/sql/operators/sql.py", line 282, in execute
    output = hook.run(
  File "/home/airflow/.local/lib/python3.8/site-packages/airflow/providers/common/sql/hooks/sql.py", line 385, in run
    with closing(self.get_conn()) as conn:
  File "/home/airflow/.local/lib/python3.8/site-packages/airflow/providers/postgres/hooks/postgres.py", line 158, in get_conn
    self.conn = psycopg2.connect(**conn_args)
  File "/home/airflow/.local/lib/python3.8/site-packages/psycopg2/__init__.py", line 122, in connect
    conn = _connect(dsn, connection_factory=connection_factory, **kwasync)
psycopg2.OperationalError: could not translate host name "host.docker.local" to address: Temporary failure in name resolution

[2023-12-22T03:28:37.083+0000] {taskinstance.py:1138} INFO - Marking task as FAILED. dag_id=dag_with_postgres_operator_v01, task_id=create_postgres_table, execution_date=20231221T000000, start_date=20231222T032824, end_date=20231222T032837
[2023-12-22T03:28:37.112+0000] {standard_task_runner.py:107} ERROR - Failed to execute job 92 for task create_postgres_table (could not translate host name "host.docker.local" to address: Temporary failure in name resolution
; 7376)
[2023-12-22T03:28:37.154+0000] {local_task_job_runner.py:234} INFO - Task exited with return code 1
[2023-12-22T03:28:37.187+0000] {taskinstance.py:3281} INFO - 0 downstream tasks scheduled from follow-on schedule check
