[2023-12-22T15:26:59.188+0000] {taskinstance.py:1957} INFO - Dependencies all met for dep_context=non-requeueable deps ti=<TaskInstance: dag_with_postgres_hooks_v04.postgres_to_s3 scheduled__2023-12-14T00:00:00+00:00 [queued]>
[2023-12-22T15:26:59.286+0000] {taskinstance.py:1957} INFO - Dependencies all met for dep_context=requeueable deps ti=<TaskInstance: dag_with_postgres_hooks_v04.postgres_to_s3 scheduled__2023-12-14T00:00:00+00:00 [queued]>
[2023-12-22T15:26:59.296+0000] {taskinstance.py:2171} INFO - Starting attempt 1 of 1
[2023-12-22T15:26:59.487+0000] {taskinstance.py:2192} INFO - Executing <Task(PythonOperator): postgres_to_s3> on 2023-12-14 00:00:00+00:00
[2023-12-22T15:26:59.507+0000] {standard_task_runner.py:60} INFO - Started process 61742 to run task
[2023-12-22T15:26:59.551+0000] {standard_task_runner.py:87} INFO - Running: ['***', 'tasks', 'run', 'dag_with_postgres_hooks_v04', 'postgres_to_s3', 'scheduled__2023-12-14T00:00:00+00:00', '--job-id', '292', '--raw', '--subdir', 'DAGS_FOLDER/dag_with_postgres_hooks.py', '--cfg-path', '/tmp/tmpar3ssxq6']
[2023-12-22T15:26:59.651+0000] {standard_task_runner.py:88} INFO - Job 292: Subtask postgres_to_s3
[2023-12-22T15:27:00.823+0000] {task_command.py:423} INFO - Running <TaskInstance: dag_with_postgres_hooks_v04.postgres_to_s3 scheduled__2023-12-14T00:00:00+00:00 [running]> on host dd88aaafc1d9
[2023-12-22T15:27:01.974+0000] {taskinstance.py:2481} INFO - Exporting env vars: AIRFLOW_CTX_DAG_OWNER='sarwar' AIRFLOW_CTX_DAG_ID='dag_with_postgres_hooks_v04' AIRFLOW_CTX_TASK_ID='postgres_to_s3' AIRFLOW_CTX_EXECUTION_DATE='2023-12-14T00:00:00+00:00' AIRFLOW_CTX_TRY_NUMBER='1' AIRFLOW_CTX_DAG_RUN_ID='scheduled__2023-12-14T00:00:00+00:00'
[2023-12-22T15:27:02.082+0000] {logging_mixin.py:188} WARNING - /home/***/.local/lib/python3.8/site-packages/***/utils/context.py:207 AirflowContextDeprecationWarning: Accessing 'next_ds_nodash' from the template is deprecated and will be removed in a future version. Please use '{{ data_interval_end | ds_nodash }}' instead.
[2023-12-22T15:27:02.255+0000] {base.py:83} INFO - Using connection ID 'postgres_localhost' for task execution.
[2023-12-22T15:27:02.353+0000] {dag_with_postgres_hooks.py:30} INFO - Saved orders in file: dags/get_orders_20231214.txt
[2023-12-22T15:27:02.471+0000] {base.py:83} INFO - Using connection ID 'minio_conn' for task execution.
[2023-12-22T15:27:02.494+0000] {connection_wrapper.py:378} INFO - AWS Connection (conn_id='minio_conn', conn_type='aws') credentials retrieved from login and password.
[2023-12-22T15:27:02.517+0000] {logging_mixin.py:188} WARNING - <string>:9 AirflowProviderDeprecationWarning: extra['host'] is deprecated and will be removed in a future release. Please set extra['endpoint_url'] instead
[2023-12-22T15:27:14.562+0000] {dag_with_postgres_hooks.py:41} INFO - Orders file /tmp/tmp6skzcpr820231214 is pushed to s3
[2023-12-22T15:27:14.566+0000] {python.py:201} INFO - Done. Returned value was: None
[2023-12-22T15:27:14.666+0000] {taskinstance.py:1138} INFO - Marking task as SUCCESS. dag_id=dag_with_postgres_hooks_v04, task_id=postgres_to_s3, execution_date=20231214T000000, start_date=20231222T152659, end_date=20231222T152714
[2023-12-22T15:27:15.592+0000] {local_task_job_runner.py:234} INFO - Task exited with return code 0
[2023-12-22T15:27:15.815+0000] {taskinstance.py:3281} INFO - 0 downstream tasks scheduled from follow-on schedule check
[2023-12-22T15:31:40.067+0000] {taskinstance.py:1957} INFO - Dependencies all met for dep_context=non-requeueable deps ti=<TaskInstance: dag_with_postgres_hooks_v04.postgres_to_s3 scheduled__2023-12-14T00:00:00+00:00 [queued]>
[2023-12-22T15:31:40.181+0000] {taskinstance.py:1957} INFO - Dependencies all met for dep_context=requeueable deps ti=<TaskInstance: dag_with_postgres_hooks_v04.postgres_to_s3 scheduled__2023-12-14T00:00:00+00:00 [queued]>
[2023-12-22T15:31:40.211+0000] {taskinstance.py:2171} INFO - Starting attempt 1 of 1
[2023-12-22T15:31:40.459+0000] {taskinstance.py:2192} INFO - Executing <Task(PythonOperator): postgres_to_s3> on 2023-12-14 00:00:00+00:00
[2023-12-22T15:31:40.509+0000] {standard_task_runner.py:60} INFO - Started process 62224 to run task
[2023-12-22T15:31:40.585+0000] {standard_task_runner.py:87} INFO - Running: ['***', 'tasks', 'run', 'dag_with_postgres_hooks_v04', 'postgres_to_s3', 'scheduled__2023-12-14T00:00:00+00:00', '--job-id', '306', '--raw', '--subdir', 'DAGS_FOLDER/dag_with_postgres_hooks.py', '--cfg-path', '/tmp/tmp7mhn3s9a']
[2023-12-22T15:31:40.618+0000] {standard_task_runner.py:88} INFO - Job 306: Subtask postgres_to_s3
[2023-12-22T15:31:41.089+0000] {task_command.py:423} INFO - Running <TaskInstance: dag_with_postgres_hooks_v04.postgres_to_s3 scheduled__2023-12-14T00:00:00+00:00 [running]> on host dd88aaafc1d9
[2023-12-22T15:31:42.310+0000] {taskinstance.py:2481} INFO - Exporting env vars: AIRFLOW_CTX_DAG_OWNER='sarwar' AIRFLOW_CTX_DAG_ID='dag_with_postgres_hooks_v04' AIRFLOW_CTX_TASK_ID='postgres_to_s3' AIRFLOW_CTX_EXECUTION_DATE='2023-12-14T00:00:00+00:00' AIRFLOW_CTX_TRY_NUMBER='1' AIRFLOW_CTX_DAG_RUN_ID='scheduled__2023-12-14T00:00:00+00:00'
[2023-12-22T15:31:42.359+0000] {logging_mixin.py:188} WARNING - /home/***/.local/lib/python3.8/site-packages/***/utils/context.py:207 AirflowContextDeprecationWarning: Accessing 'next_ds_nodash' from the template is deprecated and will be removed in a future version. Please use '{{ data_interval_end | ds_nodash }}' instead.
[2023-12-22T15:31:42.417+0000] {base.py:83} INFO - Using connection ID 'postgres_localhost' for task execution.
[2023-12-22T15:31:42.465+0000] {dag_with_postgres_hooks.py:30} INFO - Saved orders in file: dags/get_orders_20231214.txt
[2023-12-22T15:31:42.537+0000] {base.py:83} INFO - Using connection ID 'minio_conn' for task execution.
[2023-12-22T15:31:42.540+0000] {connection_wrapper.py:378} INFO - AWS Connection (conn_id='minio_conn', conn_type='aws') credentials retrieved from login and password.
[2023-12-22T15:31:42.547+0000] {logging_mixin.py:188} WARNING - <string>:9 AirflowProviderDeprecationWarning: extra['host'] is deprecated and will be removed in a future release. Please set extra['endpoint_url'] instead
[2023-12-22T15:31:53.983+0000] {dag_with_postgres_hooks.py:41} INFO - Orders file /tmp/tmp2zi3ugjo20231214 is pushed to s3
[2023-12-22T15:31:53.987+0000] {python.py:201} INFO - Done. Returned value was: None
[2023-12-22T15:31:54.076+0000] {taskinstance.py:1138} INFO - Marking task as SUCCESS. dag_id=dag_with_postgres_hooks_v04, task_id=postgres_to_s3, execution_date=20231214T000000, start_date=20231222T153140, end_date=20231222T153154
[2023-12-22T15:31:55.390+0000] {local_task_job_runner.py:234} INFO - Task exited with return code 0
[2023-12-22T15:31:55.756+0000] {taskinstance.py:3281} INFO - 0 downstream tasks scheduled from follow-on schedule check
