[2023-12-22T15:27:03.541+0000] {taskinstance.py:1957} INFO - Dependencies all met for dep_context=non-requeueable deps ti=<TaskInstance: dag_with_postgres_hooks_v04.postgres_to_s3 scheduled__2023-12-17T00:00:00+00:00 [queued]>
[2023-12-22T15:27:03.590+0000] {taskinstance.py:1957} INFO - Dependencies all met for dep_context=requeueable deps ti=<TaskInstance: dag_with_postgres_hooks_v04.postgres_to_s3 scheduled__2023-12-17T00:00:00+00:00 [queued]>
[2023-12-22T15:27:03.593+0000] {taskinstance.py:2171} INFO - Starting attempt 1 of 1
[2023-12-22T15:27:03.688+0000] {taskinstance.py:2192} INFO - Executing <Task(PythonOperator): postgres_to_s3> on 2023-12-17 00:00:00+00:00
[2023-12-22T15:27:03.725+0000] {standard_task_runner.py:60} INFO - Started process 61754 to run task
[2023-12-22T15:27:03.781+0000] {standard_task_runner.py:87} INFO - Running: ['***', 'tasks', 'run', 'dag_with_postgres_hooks_v04', 'postgres_to_s3', 'scheduled__2023-12-17T00:00:00+00:00', '--job-id', '295', '--raw', '--subdir', 'DAGS_FOLDER/dag_with_postgres_hooks.py', '--cfg-path', '/tmp/tmp76qrpg3m']
[2023-12-22T15:27:03.826+0000] {standard_task_runner.py:88} INFO - Job 295: Subtask postgres_to_s3
[2023-12-22T15:27:04.723+0000] {task_command.py:423} INFO - Running <TaskInstance: dag_with_postgres_hooks_v04.postgres_to_s3 scheduled__2023-12-17T00:00:00+00:00 [running]> on host dd88aaafc1d9
[2023-12-22T15:27:06.072+0000] {taskinstance.py:2481} INFO - Exporting env vars: AIRFLOW_CTX_DAG_OWNER='sarwar' AIRFLOW_CTX_DAG_ID='dag_with_postgres_hooks_v04' AIRFLOW_CTX_TASK_ID='postgres_to_s3' AIRFLOW_CTX_EXECUTION_DATE='2023-12-17T00:00:00+00:00' AIRFLOW_CTX_TRY_NUMBER='1' AIRFLOW_CTX_DAG_RUN_ID='scheduled__2023-12-17T00:00:00+00:00'
[2023-12-22T15:27:06.370+0000] {logging_mixin.py:188} WARNING - /home/***/.local/lib/python3.8/site-packages/***/utils/context.py:207 AirflowContextDeprecationWarning: Accessing 'next_ds_nodash' from the template is deprecated and will be removed in a future version. Please use '{{ data_interval_end | ds_nodash }}' instead.
[2023-12-22T15:27:06.547+0000] {base.py:83} INFO - Using connection ID 'postgres_localhost' for task execution.
[2023-12-22T15:27:06.634+0000] {dag_with_postgres_hooks.py:30} INFO - Saved orders in file: dags/get_orders_20231217.txt
[2023-12-22T15:27:06.758+0000] {base.py:83} INFO - Using connection ID 'minio_conn' for task execution.
[2023-12-22T15:27:06.798+0000] {connection_wrapper.py:378} INFO - AWS Connection (conn_id='minio_conn', conn_type='aws') credentials retrieved from login and password.
[2023-12-22T15:27:06.806+0000] {logging_mixin.py:188} WARNING - <string>:9 AirflowProviderDeprecationWarning: extra['host'] is deprecated and will be removed in a future release. Please set extra['endpoint_url'] instead
[2023-12-22T15:27:23.459+0000] {dag_with_postgres_hooks.py:41} INFO - Orders file /tmp/tmp4rnewv2l20231217 is pushed to s3
[2023-12-22T15:27:23.470+0000] {python.py:201} INFO - Done. Returned value was: None
[2023-12-22T15:27:23.596+0000] {taskinstance.py:1138} INFO - Marking task as SUCCESS. dag_id=dag_with_postgres_hooks_v04, task_id=postgres_to_s3, execution_date=20231217T000000, start_date=20231222T152703, end_date=20231222T152723
[2023-12-22T15:27:24.160+0000] {local_task_job_runner.py:234} INFO - Task exited with return code 0
[2023-12-22T15:27:24.372+0000] {taskinstance.py:3281} INFO - 0 downstream tasks scheduled from follow-on schedule check
[2023-12-22T15:31:42.057+0000] {taskinstance.py:1957} INFO - Dependencies all met for dep_context=non-requeueable deps ti=<TaskInstance: dag_with_postgres_hooks_v04.postgres_to_s3 scheduled__2023-12-17T00:00:00+00:00 [queued]>
[2023-12-22T15:31:42.253+0000] {taskinstance.py:1957} INFO - Dependencies all met for dep_context=requeueable deps ti=<TaskInstance: dag_with_postgres_hooks_v04.postgres_to_s3 scheduled__2023-12-17T00:00:00+00:00 [queued]>
[2023-12-22T15:31:42.262+0000] {taskinstance.py:2171} INFO - Starting attempt 1 of 1
[2023-12-22T15:31:42.881+0000] {taskinstance.py:2192} INFO - Executing <Task(PythonOperator): postgres_to_s3> on 2023-12-17 00:00:00+00:00
[2023-12-22T15:31:42.948+0000] {standard_task_runner.py:60} INFO - Started process 62230 to run task
[2023-12-22T15:31:42.998+0000] {standard_task_runner.py:87} INFO - Running: ['***', 'tasks', 'run', 'dag_with_postgres_hooks_v04', 'postgres_to_s3', 'scheduled__2023-12-17T00:00:00+00:00', '--job-id', '309', '--raw', '--subdir', 'DAGS_FOLDER/dag_with_postgres_hooks.py', '--cfg-path', '/tmp/tmprlzxecv4']
[2023-12-22T15:31:43.034+0000] {standard_task_runner.py:88} INFO - Job 309: Subtask postgres_to_s3
[2023-12-22T15:31:43.529+0000] {task_command.py:423} INFO - Running <TaskInstance: dag_with_postgres_hooks_v04.postgres_to_s3 scheduled__2023-12-17T00:00:00+00:00 [running]> on host dd88aaafc1d9
[2023-12-22T15:31:44.743+0000] {taskinstance.py:2481} INFO - Exporting env vars: AIRFLOW_CTX_DAG_OWNER='sarwar' AIRFLOW_CTX_DAG_ID='dag_with_postgres_hooks_v04' AIRFLOW_CTX_TASK_ID='postgres_to_s3' AIRFLOW_CTX_EXECUTION_DATE='2023-12-17T00:00:00+00:00' AIRFLOW_CTX_TRY_NUMBER='1' AIRFLOW_CTX_DAG_RUN_ID='scheduled__2023-12-17T00:00:00+00:00'
[2023-12-22T15:31:44.797+0000] {logging_mixin.py:188} WARNING - /home/***/.local/lib/python3.8/site-packages/***/utils/context.py:207 AirflowContextDeprecationWarning: Accessing 'next_ds_nodash' from the template is deprecated and will be removed in a future version. Please use '{{ data_interval_end | ds_nodash }}' instead.
[2023-12-22T15:31:44.867+0000] {base.py:83} INFO - Using connection ID 'postgres_localhost' for task execution.
[2023-12-22T15:31:44.944+0000] {dag_with_postgres_hooks.py:30} INFO - Saved orders in file: dags/get_orders_20231217.txt
[2023-12-22T15:31:45.003+0000] {base.py:83} INFO - Using connection ID 'minio_conn' for task execution.
[2023-12-22T15:31:45.009+0000] {connection_wrapper.py:378} INFO - AWS Connection (conn_id='minio_conn', conn_type='aws') credentials retrieved from login and password.
[2023-12-22T15:31:45.049+0000] {logging_mixin.py:188} WARNING - <string>:9 AirflowProviderDeprecationWarning: extra['host'] is deprecated and will be removed in a future release. Please set extra['endpoint_url'] instead
[2023-12-22T15:31:59.979+0000] {dag_with_postgres_hooks.py:41} INFO - Orders file /tmp/tmpyzaelylv20231217 is pushed to s3
[2023-12-22T15:31:59.991+0000] {python.py:201} INFO - Done. Returned value was: None
[2023-12-22T15:32:00.140+0000] {taskinstance.py:1138} INFO - Marking task as SUCCESS. dag_id=dag_with_postgres_hooks_v04, task_id=postgres_to_s3, execution_date=20231217T000000, start_date=20231222T153142, end_date=20231222T153200
[2023-12-22T15:32:00.640+0000] {local_task_job_runner.py:234} INFO - Task exited with return code 0
[2023-12-22T15:32:00.715+0000] {taskinstance.py:3281} INFO - 0 downstream tasks scheduled from follow-on schedule check
