[2023-12-22T15:26:54.080+0000] {taskinstance.py:1957} INFO - Dependencies all met for dep_context=non-requeueable deps ti=<TaskInstance: dag_with_postgres_hooks_v04.postgres_to_s3 scheduled__2023-12-11T00:00:00+00:00 [queued]>
[2023-12-22T15:26:54.268+0000] {taskinstance.py:1957} INFO - Dependencies all met for dep_context=requeueable deps ti=<TaskInstance: dag_with_postgres_hooks_v04.postgres_to_s3 scheduled__2023-12-11T00:00:00+00:00 [queued]>
[2023-12-22T15:26:54.273+0000] {taskinstance.py:2171} INFO - Starting attempt 1 of 1
[2023-12-22T15:26:54.630+0000] {taskinstance.py:2192} INFO - Executing <Task(PythonOperator): postgres_to_s3> on 2023-12-11 00:00:00+00:00
[2023-12-22T15:26:54.662+0000] {standard_task_runner.py:60} INFO - Started process 61724 to run task
[2023-12-22T15:26:54.764+0000] {standard_task_runner.py:87} INFO - Running: ['***', 'tasks', 'run', 'dag_with_postgres_hooks_v04', 'postgres_to_s3', 'scheduled__2023-12-11T00:00:00+00:00', '--job-id', '288', '--raw', '--subdir', 'DAGS_FOLDER/dag_with_postgres_hooks.py', '--cfg-path', '/tmp/tmpbrvsz7gw']
[2023-12-22T15:26:54.826+0000] {standard_task_runner.py:88} INFO - Job 288: Subtask postgres_to_s3
[2023-12-22T15:26:55.636+0000] {task_command.py:423} INFO - Running <TaskInstance: dag_with_postgres_hooks_v04.postgres_to_s3 scheduled__2023-12-11T00:00:00+00:00 [running]> on host dd88aaafc1d9
[2023-12-22T15:26:57.623+0000] {taskinstance.py:2481} INFO - Exporting env vars: AIRFLOW_CTX_DAG_OWNER='sarwar' AIRFLOW_CTX_DAG_ID='dag_with_postgres_hooks_v04' AIRFLOW_CTX_TASK_ID='postgres_to_s3' AIRFLOW_CTX_EXECUTION_DATE='2023-12-11T00:00:00+00:00' AIRFLOW_CTX_TRY_NUMBER='1' AIRFLOW_CTX_DAG_RUN_ID='scheduled__2023-12-11T00:00:00+00:00'
[2023-12-22T15:26:57.852+0000] {logging_mixin.py:188} WARNING - /home/***/.local/lib/python3.8/site-packages/***/utils/context.py:207 AirflowContextDeprecationWarning: Accessing 'next_ds_nodash' from the template is deprecated and will be removed in a future version. Please use '{{ data_interval_end | ds_nodash }}' instead.
[2023-12-22T15:26:58.006+0000] {base.py:83} INFO - Using connection ID 'postgres_localhost' for task execution.
[2023-12-22T15:26:58.086+0000] {dag_with_postgres_hooks.py:30} INFO - Saved orders in file: dags/get_orders_20231211.txt
[2023-12-22T15:26:58.324+0000] {base.py:83} INFO - Using connection ID 'minio_conn' for task execution.
[2023-12-22T15:26:58.336+0000] {connection_wrapper.py:378} INFO - AWS Connection (conn_id='minio_conn', conn_type='aws') credentials retrieved from login and password.
[2023-12-22T15:26:58.443+0000] {logging_mixin.py:188} WARNING - <string>:9 AirflowProviderDeprecationWarning: extra['host'] is deprecated and will be removed in a future release. Please set extra['endpoint_url'] instead
[2023-12-22T15:27:11.294+0000] {dag_with_postgres_hooks.py:41} INFO - Orders file /tmp/tmpd81_oj4620231211 is pushed to s3
[2023-12-22T15:27:11.303+0000] {python.py:201} INFO - Done. Returned value was: None
[2023-12-22T15:27:11.421+0000] {taskinstance.py:1138} INFO - Marking task as SUCCESS. dag_id=dag_with_postgres_hooks_v04, task_id=postgres_to_s3, execution_date=20231211T000000, start_date=20231222T152654, end_date=20231222T152711
[2023-12-22T15:27:12.615+0000] {local_task_job_runner.py:234} INFO - Task exited with return code 0
[2023-12-22T15:27:12.724+0000] {taskinstance.py:3281} INFO - 0 downstream tasks scheduled from follow-on schedule check
[2023-12-22T15:31:36.442+0000] {taskinstance.py:1957} INFO - Dependencies all met for dep_context=non-requeueable deps ti=<TaskInstance: dag_with_postgres_hooks_v04.postgres_to_s3 scheduled__2023-12-11T00:00:00+00:00 [queued]>
[2023-12-22T15:31:36.545+0000] {taskinstance.py:1957} INFO - Dependencies all met for dep_context=requeueable deps ti=<TaskInstance: dag_with_postgres_hooks_v04.postgres_to_s3 scheduled__2023-12-11T00:00:00+00:00 [queued]>
[2023-12-22T15:31:36.556+0000] {taskinstance.py:2171} INFO - Starting attempt 1 of 1
[2023-12-22T15:31:36.682+0000] {taskinstance.py:2192} INFO - Executing <Task(PythonOperator): postgres_to_s3> on 2023-12-11 00:00:00+00:00
[2023-12-22T15:31:36.702+0000] {standard_task_runner.py:60} INFO - Started process 62207 to run task
[2023-12-22T15:31:36.767+0000] {standard_task_runner.py:87} INFO - Running: ['***', 'tasks', 'run', 'dag_with_postgres_hooks_v04', 'postgres_to_s3', 'scheduled__2023-12-11T00:00:00+00:00', '--job-id', '303', '--raw', '--subdir', 'DAGS_FOLDER/dag_with_postgres_hooks.py', '--cfg-path', '/tmp/tmp0cw1gpa7']
[2023-12-22T15:31:36.803+0000] {standard_task_runner.py:88} INFO - Job 303: Subtask postgres_to_s3
[2023-12-22T15:31:37.366+0000] {task_command.py:423} INFO - Running <TaskInstance: dag_with_postgres_hooks_v04.postgres_to_s3 scheduled__2023-12-11T00:00:00+00:00 [running]> on host dd88aaafc1d9
[2023-12-22T15:31:38.430+0000] {taskinstance.py:2481} INFO - Exporting env vars: AIRFLOW_CTX_DAG_OWNER='sarwar' AIRFLOW_CTX_DAG_ID='dag_with_postgres_hooks_v04' AIRFLOW_CTX_TASK_ID='postgres_to_s3' AIRFLOW_CTX_EXECUTION_DATE='2023-12-11T00:00:00+00:00' AIRFLOW_CTX_TRY_NUMBER='1' AIRFLOW_CTX_DAG_RUN_ID='scheduled__2023-12-11T00:00:00+00:00'
[2023-12-22T15:31:38.569+0000] {logging_mixin.py:188} WARNING - /home/***/.local/lib/python3.8/site-packages/***/utils/context.py:207 AirflowContextDeprecationWarning: Accessing 'next_ds_nodash' from the template is deprecated and will be removed in a future version. Please use '{{ data_interval_end | ds_nodash }}' instead.
[2023-12-22T15:31:38.694+0000] {base.py:83} INFO - Using connection ID 'postgres_localhost' for task execution.
[2023-12-22T15:31:38.763+0000] {dag_with_postgres_hooks.py:30} INFO - Saved orders in file: dags/get_orders_20231211.txt
[2023-12-22T15:31:38.808+0000] {base.py:83} INFO - Using connection ID 'minio_conn' for task execution.
[2023-12-22T15:31:38.814+0000] {connection_wrapper.py:378} INFO - AWS Connection (conn_id='minio_conn', conn_type='aws') credentials retrieved from login and password.
[2023-12-22T15:31:38.856+0000] {logging_mixin.py:188} WARNING - <string>:9 AirflowProviderDeprecationWarning: extra['host'] is deprecated and will be removed in a future release. Please set extra['endpoint_url'] instead
[2023-12-22T15:31:51.510+0000] {dag_with_postgres_hooks.py:41} INFO - Orders file /tmp/tmpz3qv4hro20231211 is pushed to s3
[2023-12-22T15:31:51.527+0000] {python.py:201} INFO - Done. Returned value was: None
[2023-12-22T15:31:51.649+0000] {taskinstance.py:1138} INFO - Marking task as SUCCESS. dag_id=dag_with_postgres_hooks_v04, task_id=postgres_to_s3, execution_date=20231211T000000, start_date=20231222T153136, end_date=20231222T153151
[2023-12-22T15:31:51.958+0000] {local_task_job_runner.py:234} INFO - Task exited with return code 0
[2023-12-22T15:31:52.204+0000] {taskinstance.py:3281} INFO - 0 downstream tasks scheduled from follow-on schedule check
