[2023-12-22T15:27:04.855+0000] {taskinstance.py:1957} INFO - Dependencies all met for dep_context=non-requeueable deps ti=<TaskInstance: dag_with_postgres_hooks_v04.postgres_to_s3 scheduled__2023-12-18T00:00:00+00:00 [queued]>
[2023-12-22T15:27:05.026+0000] {taskinstance.py:1957} INFO - Dependencies all met for dep_context=requeueable deps ti=<TaskInstance: dag_with_postgres_hooks_v04.postgres_to_s3 scheduled__2023-12-18T00:00:00+00:00 [queued]>
[2023-12-22T15:27:05.032+0000] {taskinstance.py:2171} INFO - Starting attempt 1 of 1
[2023-12-22T15:27:05.573+0000] {taskinstance.py:2192} INFO - Executing <Task(PythonOperator): postgres_to_s3> on 2023-12-18 00:00:00+00:00
[2023-12-22T15:27:05.660+0000] {standard_task_runner.py:60} INFO - Started process 61759 to run task
[2023-12-22T15:27:05.683+0000] {standard_task_runner.py:87} INFO - Running: ['***', 'tasks', 'run', 'dag_with_postgres_hooks_v04', 'postgres_to_s3', 'scheduled__2023-12-18T00:00:00+00:00', '--job-id', '296', '--raw', '--subdir', 'DAGS_FOLDER/dag_with_postgres_hooks.py', '--cfg-path', '/tmp/tmpuh4wypl1']
[2023-12-22T15:27:05.787+0000] {standard_task_runner.py:88} INFO - Job 296: Subtask postgres_to_s3
[2023-12-22T15:27:06.611+0000] {task_command.py:423} INFO - Running <TaskInstance: dag_with_postgres_hooks_v04.postgres_to_s3 scheduled__2023-12-18T00:00:00+00:00 [running]> on host dd88aaafc1d9
[2023-12-22T15:27:08.825+0000] {taskinstance.py:2481} INFO - Exporting env vars: AIRFLOW_CTX_DAG_OWNER='sarwar' AIRFLOW_CTX_DAG_ID='dag_with_postgres_hooks_v04' AIRFLOW_CTX_TASK_ID='postgres_to_s3' AIRFLOW_CTX_EXECUTION_DATE='2023-12-18T00:00:00+00:00' AIRFLOW_CTX_TRY_NUMBER='1' AIRFLOW_CTX_DAG_RUN_ID='scheduled__2023-12-18T00:00:00+00:00'
[2023-12-22T15:27:09.276+0000] {logging_mixin.py:188} WARNING - /home/***/.local/lib/python3.8/site-packages/***/utils/context.py:207 AirflowContextDeprecationWarning: Accessing 'next_ds_nodash' from the template is deprecated and will be removed in a future version. Please use '{{ data_interval_end | ds_nodash }}' instead.
[2023-12-22T15:27:09.658+0000] {base.py:83} INFO - Using connection ID 'postgres_localhost' for task execution.
[2023-12-22T15:27:09.811+0000] {dag_with_postgres_hooks.py:30} INFO - Saved orders in file: dags/get_orders_20231218.txt
[2023-12-22T15:27:09.995+0000] {base.py:83} INFO - Using connection ID 'minio_conn' for task execution.
[2023-12-22T15:27:10.011+0000] {connection_wrapper.py:378} INFO - AWS Connection (conn_id='minio_conn', conn_type='aws') credentials retrieved from login and password.
[2023-12-22T15:27:10.113+0000] {logging_mixin.py:188} WARNING - <string>:9 AirflowProviderDeprecationWarning: extra['host'] is deprecated and will be removed in a future release. Please set extra['endpoint_url'] instead
[2023-12-22T15:27:22.368+0000] {dag_with_postgres_hooks.py:41} INFO - Orders file /tmp/tmpwvrwh7qo20231218 is pushed to s3
[2023-12-22T15:27:22.568+0000] {python.py:201} INFO - Done. Returned value was: None
[2023-12-22T15:27:22.886+0000] {taskinstance.py:1138} INFO - Marking task as SUCCESS. dag_id=dag_with_postgres_hooks_v04, task_id=postgres_to_s3, execution_date=20231218T000000, start_date=20231222T152704, end_date=20231222T152722
[2023-12-22T15:27:23.694+0000] {local_task_job_runner.py:234} INFO - Task exited with return code 0
[2023-12-22T15:27:24.026+0000] {taskinstance.py:3281} INFO - 0 downstream tasks scheduled from follow-on schedule check
[2023-12-22T15:31:44.351+0000] {taskinstance.py:1957} INFO - Dependencies all met for dep_context=non-requeueable deps ti=<TaskInstance: dag_with_postgres_hooks_v04.postgres_to_s3 scheduled__2023-12-18T00:00:00+00:00 [queued]>
[2023-12-22T15:31:44.527+0000] {taskinstance.py:1957} INFO - Dependencies all met for dep_context=requeueable deps ti=<TaskInstance: dag_with_postgres_hooks_v04.postgres_to_s3 scheduled__2023-12-18T00:00:00+00:00 [queued]>
[2023-12-22T15:31:44.548+0000] {taskinstance.py:2171} INFO - Starting attempt 1 of 1
[2023-12-22T15:31:44.813+0000] {taskinstance.py:2192} INFO - Executing <Task(PythonOperator): postgres_to_s3> on 2023-12-18 00:00:00+00:00
[2023-12-22T15:31:44.841+0000] {standard_task_runner.py:60} INFO - Started process 62234 to run task
[2023-12-22T15:31:44.890+0000] {standard_task_runner.py:87} INFO - Running: ['***', 'tasks', 'run', 'dag_with_postgres_hooks_v04', 'postgres_to_s3', 'scheduled__2023-12-18T00:00:00+00:00', '--job-id', '310', '--raw', '--subdir', 'DAGS_FOLDER/dag_with_postgres_hooks.py', '--cfg-path', '/tmp/tmpgqknfk6c']
[2023-12-22T15:31:44.975+0000] {standard_task_runner.py:88} INFO - Job 310: Subtask postgres_to_s3
[2023-12-22T15:31:45.874+0000] {task_command.py:423} INFO - Running <TaskInstance: dag_with_postgres_hooks_v04.postgres_to_s3 scheduled__2023-12-18T00:00:00+00:00 [running]> on host dd88aaafc1d9
[2023-12-22T15:31:46.614+0000] {taskinstance.py:2481} INFO - Exporting env vars: AIRFLOW_CTX_DAG_OWNER='sarwar' AIRFLOW_CTX_DAG_ID='dag_with_postgres_hooks_v04' AIRFLOW_CTX_TASK_ID='postgres_to_s3' AIRFLOW_CTX_EXECUTION_DATE='2023-12-18T00:00:00+00:00' AIRFLOW_CTX_TRY_NUMBER='1' AIRFLOW_CTX_DAG_RUN_ID='scheduled__2023-12-18T00:00:00+00:00'
[2023-12-22T15:31:46.918+0000] {logging_mixin.py:188} WARNING - /home/***/.local/lib/python3.8/site-packages/***/utils/context.py:207 AirflowContextDeprecationWarning: Accessing 'next_ds_nodash' from the template is deprecated and will be removed in a future version. Please use '{{ data_interval_end | ds_nodash }}' instead.
[2023-12-22T15:31:47.352+0000] {base.py:83} INFO - Using connection ID 'postgres_localhost' for task execution.
[2023-12-22T15:31:47.567+0000] {dag_with_postgres_hooks.py:30} INFO - Saved orders in file: dags/get_orders_20231218.txt
[2023-12-22T15:31:47.791+0000] {base.py:83} INFO - Using connection ID 'minio_conn' for task execution.
[2023-12-22T15:31:47.795+0000] {connection_wrapper.py:378} INFO - AWS Connection (conn_id='minio_conn', conn_type='aws') credentials retrieved from login and password.
[2023-12-22T15:31:47.806+0000] {logging_mixin.py:188} WARNING - <string>:9 AirflowProviderDeprecationWarning: extra['host'] is deprecated and will be removed in a future release. Please set extra['endpoint_url'] instead
[2023-12-22T15:32:00.329+0000] {dag_with_postgres_hooks.py:41} INFO - Orders file /tmp/tmpabqmq8vg20231218 is pushed to s3
[2023-12-22T15:32:00.336+0000] {python.py:201} INFO - Done. Returned value was: None
[2023-12-22T15:32:00.397+0000] {taskinstance.py:1138} INFO - Marking task as SUCCESS. dag_id=dag_with_postgres_hooks_v04, task_id=postgres_to_s3, execution_date=20231218T000000, start_date=20231222T153144, end_date=20231222T153200
[2023-12-22T15:32:00.725+0000] {local_task_job_runner.py:234} INFO - Task exited with return code 0
[2023-12-22T15:32:00.840+0000] {taskinstance.py:3281} INFO - 0 downstream tasks scheduled from follow-on schedule check
