[2023-12-22T15:26:58.828+0000] {taskinstance.py:1957} INFO - Dependencies all met for dep_context=non-requeueable deps ti=<TaskInstance: dag_with_postgres_hooks_v04.postgres_to_s3 manual__2023-12-22T15:26:49.139340+00:00 [queued]>
[2023-12-22T15:26:59.094+0000] {taskinstance.py:1957} INFO - Dependencies all met for dep_context=requeueable deps ti=<TaskInstance: dag_with_postgres_hooks_v04.postgres_to_s3 manual__2023-12-22T15:26:49.139340+00:00 [queued]>
[2023-12-22T15:26:59.115+0000] {taskinstance.py:2171} INFO - Starting attempt 1 of 1
[2023-12-22T15:26:59.479+0000] {taskinstance.py:2192} INFO - Executing <Task(PythonOperator): postgres_to_s3> on 2023-12-22 15:26:49.139340+00:00
[2023-12-22T15:26:59.547+0000] {standard_task_runner.py:60} INFO - Started process 61743 to run task
[2023-12-22T15:26:59.588+0000] {standard_task_runner.py:87} INFO - Running: ['***', 'tasks', 'run', 'dag_with_postgres_hooks_v04', 'postgres_to_s3', 'manual__2023-12-22T15:26:49.139340+00:00', '--job-id', '291', '--raw', '--subdir', 'DAGS_FOLDER/dag_with_postgres_hooks.py', '--cfg-path', '/tmp/tmp9h7fdatf']
[2023-12-22T15:26:59.601+0000] {standard_task_runner.py:88} INFO - Job 291: Subtask postgres_to_s3
[2023-12-22T15:27:00.707+0000] {task_command.py:423} INFO - Running <TaskInstance: dag_with_postgres_hooks_v04.postgres_to_s3 manual__2023-12-22T15:26:49.139340+00:00 [running]> on host dd88aaafc1d9
[2023-12-22T15:27:02.356+0000] {taskinstance.py:2481} INFO - Exporting env vars: AIRFLOW_CTX_DAG_OWNER='sarwar' AIRFLOW_CTX_DAG_ID='dag_with_postgres_hooks_v04' AIRFLOW_CTX_TASK_ID='postgres_to_s3' AIRFLOW_CTX_EXECUTION_DATE='2023-12-22T15:26:49.139340+00:00' AIRFLOW_CTX_TRY_NUMBER='1' AIRFLOW_CTX_DAG_RUN_ID='manual__2023-12-22T15:26:49.139340+00:00'
[2023-12-22T15:27:02.546+0000] {logging_mixin.py:188} WARNING - /home/***/.local/lib/python3.8/site-packages/***/utils/context.py:207 AirflowContextDeprecationWarning: Accessing 'next_ds_nodash' from the template is deprecated and will be removed in a future version. Please use '{{ data_interval_end | ds_nodash }}' instead.
[2023-12-22T15:27:02.633+0000] {base.py:83} INFO - Using connection ID 'postgres_localhost' for task execution.
[2023-12-22T15:27:02.670+0000] {dag_with_postgres_hooks.py:30} INFO - Saved orders in file: dags/get_orders_20231222.txt
[2023-12-22T15:27:02.704+0000] {base.py:83} INFO - Using connection ID 'minio_conn' for task execution.
[2023-12-22T15:27:02.725+0000] {connection_wrapper.py:378} INFO - AWS Connection (conn_id='minio_conn', conn_type='aws') credentials retrieved from login and password.
[2023-12-22T15:27:02.756+0000] {logging_mixin.py:188} WARNING - <string>:9 AirflowProviderDeprecationWarning: extra['host'] is deprecated and will be removed in a future release. Please set extra['endpoint_url'] instead
[2023-12-22T15:27:16.880+0000] {dag_with_postgres_hooks.py:41} INFO - Orders file /tmp/tmp0ni2wp5g20231222 is pushed to s3
[2023-12-22T15:27:16.890+0000] {python.py:201} INFO - Done. Returned value was: None
[2023-12-22T15:27:16.954+0000] {taskinstance.py:1138} INFO - Marking task as SUCCESS. dag_id=dag_with_postgres_hooks_v04, task_id=postgres_to_s3, execution_date=20231222T152649, start_date=20231222T152658, end_date=20231222T152716
[2023-12-22T15:27:19.320+0000] {local_task_job_runner.py:234} INFO - Task exited with return code 0
[2023-12-22T15:27:19.722+0000] {taskinstance.py:3281} INFO - 0 downstream tasks scheduled from follow-on schedule check
