[2023-12-22T04:07:25.158+0000] {taskinstance.py:1957} INFO - Dependencies all met for dep_context=non-requeueable deps ti=<TaskInstance: dag_with_postgres_operator_v022.create_postgres_table scheduled__2023-12-18T00:00:00+00:00 [queued]>
[2023-12-22T04:07:25.305+0000] {taskinstance.py:1957} INFO - Dependencies all met for dep_context=requeueable deps ti=<TaskInstance: dag_with_postgres_operator_v022.create_postgres_table scheduled__2023-12-18T00:00:00+00:00 [queued]>
[2023-12-22T04:07:25.318+0000] {taskinstance.py:2171} INFO - Starting attempt 1 of 1
[2023-12-22T04:07:25.441+0000] {taskinstance.py:2192} INFO - Executing <Task(PostgresOperator): create_postgres_table> on 2023-12-18 00:00:00+00:00
[2023-12-22T04:07:25.489+0000] {standard_task_runner.py:60} INFO - Started process 10330 to run task
[2023-12-22T04:07:25.605+0000] {standard_task_runner.py:87} INFO - Running: ['***', 'tasks', 'run', 'dag_with_postgres_operator_v022', 'create_postgres_table', 'scheduled__2023-12-18T00:00:00+00:00', '--job-id', '141', '--raw', '--subdir', 'DAGS_FOLDER/dag_with_postgres_operator.py', '--cfg-path', '/tmp/tmpp7peh5an']
[2023-12-22T04:07:25.619+0000] {standard_task_runner.py:88} INFO - Job 141: Subtask create_postgres_table
[2023-12-22T04:07:26.606+0000] {task_command.py:423} INFO - Running <TaskInstance: dag_with_postgres_operator_v022.create_postgres_table scheduled__2023-12-18T00:00:00+00:00 [running]> on host dd88aaafc1d9
[2023-12-22T04:07:28.097+0000] {taskinstance.py:2481} INFO - Exporting env vars: AIRFLOW_CTX_DAG_OWNER='sarwar' AIRFLOW_CTX_DAG_ID='dag_with_postgres_operator_v022' AIRFLOW_CTX_TASK_ID='create_postgres_table' AIRFLOW_CTX_EXECUTION_DATE='2023-12-18T00:00:00+00:00' AIRFLOW_CTX_TRY_NUMBER='1' AIRFLOW_CTX_DAG_RUN_ID='scheduled__2023-12-18T00:00:00+00:00'
[2023-12-22T04:07:28.124+0000] {sql.py:276} INFO - Executing: 
        create table if not exists dag_runs (
        dt date,
        dag_id varchar,
        primary key(dt, dag_id)
        )
        
[2023-12-22T04:07:28.187+0000] {base.py:83} INFO - Using connection ID 'postgres_localhost' for task execution.
[2023-12-22T04:07:28.341+0000] {base.py:83} INFO - Using connection ID 'postgres_localhost' for task execution.
[2023-12-22T04:07:28.460+0000] {sql.py:432} INFO - Running statement: 
        create table if not exists dag_runs (
        dt date,
        dag_id varchar,
        primary key(dt, dag_id)
        )
        , parameters: None
[2023-12-22T04:07:28.557+0000] {taskinstance.py:1138} INFO - Marking task as SUCCESS. dag_id=dag_with_postgres_operator_v022, task_id=create_postgres_table, execution_date=20231218T000000, start_date=20231222T040725, end_date=20231222T040728
[2023-12-22T04:07:28.928+0000] {local_task_job_runner.py:234} INFO - Task exited with return code 0
[2023-12-22T04:07:29.134+0000] {taskinstance.py:3281} INFO - 1 downstream tasks scheduled from follow-on schedule check
