[2023-12-22T15:27:07.839+0000] {taskinstance.py:1957} INFO - Dependencies all met for dep_context=non-requeueable deps ti=<TaskInstance: dag_with_postgres_hooks_v04.postgres_to_s3 scheduled__2023-12-19T00:00:00+00:00 [queued]>
[2023-12-22T15:27:07.990+0000] {taskinstance.py:1957} INFO - Dependencies all met for dep_context=requeueable deps ti=<TaskInstance: dag_with_postgres_hooks_v04.postgres_to_s3 scheduled__2023-12-19T00:00:00+00:00 [queued]>
[2023-12-22T15:27:07.993+0000] {taskinstance.py:2171} INFO - Starting attempt 1 of 1
[2023-12-22T15:27:08.385+0000] {taskinstance.py:2192} INFO - Executing <Task(PythonOperator): postgres_to_s3> on 2023-12-19 00:00:00+00:00
[2023-12-22T15:27:08.619+0000] {standard_task_runner.py:60} INFO - Started process 61760 to run task
[2023-12-22T15:27:08.769+0000] {standard_task_runner.py:87} INFO - Running: ['***', 'tasks', 'run', 'dag_with_postgres_hooks_v04', 'postgres_to_s3', 'scheduled__2023-12-19T00:00:00+00:00', '--job-id', '297', '--raw', '--subdir', 'DAGS_FOLDER/dag_with_postgres_hooks.py', '--cfg-path', '/tmp/tmppa0vfysr']
[2023-12-22T15:27:09.427+0000] {standard_task_runner.py:88} INFO - Job 297: Subtask postgres_to_s3
[2023-12-22T15:27:11.068+0000] {task_command.py:423} INFO - Running <TaskInstance: dag_with_postgres_hooks_v04.postgres_to_s3 scheduled__2023-12-19T00:00:00+00:00 [running]> on host dd88aaafc1d9
[2023-12-22T15:27:11.979+0000] {taskinstance.py:2481} INFO - Exporting env vars: AIRFLOW_CTX_DAG_OWNER='sarwar' AIRFLOW_CTX_DAG_ID='dag_with_postgres_hooks_v04' AIRFLOW_CTX_TASK_ID='postgres_to_s3' AIRFLOW_CTX_EXECUTION_DATE='2023-12-19T00:00:00+00:00' AIRFLOW_CTX_TRY_NUMBER='1' AIRFLOW_CTX_DAG_RUN_ID='scheduled__2023-12-19T00:00:00+00:00'
[2023-12-22T15:27:12.050+0000] {logging_mixin.py:188} WARNING - /home/***/.local/lib/python3.8/site-packages/***/utils/context.py:207 AirflowContextDeprecationWarning: Accessing 'next_ds_nodash' from the template is deprecated and will be removed in a future version. Please use '{{ data_interval_end | ds_nodash }}' instead.
[2023-12-22T15:27:12.118+0000] {base.py:83} INFO - Using connection ID 'postgres_localhost' for task execution.
[2023-12-22T15:27:12.192+0000] {dag_with_postgres_hooks.py:30} INFO - Saved orders in file: dags/get_orders_20231219.txt
[2023-12-22T15:27:12.222+0000] {base.py:83} INFO - Using connection ID 'minio_conn' for task execution.
[2023-12-22T15:27:12.232+0000] {connection_wrapper.py:378} INFO - AWS Connection (conn_id='minio_conn', conn_type='aws') credentials retrieved from login and password.
[2023-12-22T15:27:12.238+0000] {logging_mixin.py:188} WARNING - <string>:9 AirflowProviderDeprecationWarning: extra['host'] is deprecated and will be removed in a future release. Please set extra['endpoint_url'] instead
[2023-12-22T15:27:25.503+0000] {dag_with_postgres_hooks.py:41} INFO - Orders file /tmp/tmpr5rozzrp20231219 is pushed to s3
[2023-12-22T15:27:25.511+0000] {python.py:201} INFO - Done. Returned value was: None
[2023-12-22T15:27:25.560+0000] {taskinstance.py:1138} INFO - Marking task as SUCCESS. dag_id=dag_with_postgres_hooks_v04, task_id=postgres_to_s3, execution_date=20231219T000000, start_date=20231222T152707, end_date=20231222T152725
[2023-12-22T15:27:25.747+0000] {local_task_job_runner.py:234} INFO - Task exited with return code 0
[2023-12-22T15:27:25.792+0000] {taskinstance.py:3281} INFO - 0 downstream tasks scheduled from follow-on schedule check
[2023-12-22T15:31:44.980+0000] {taskinstance.py:1957} INFO - Dependencies all met for dep_context=non-requeueable deps ti=<TaskInstance: dag_with_postgres_hooks_v04.postgres_to_s3 scheduled__2023-12-19T00:00:00+00:00 [queued]>
[2023-12-22T15:31:45.083+0000] {taskinstance.py:1957} INFO - Dependencies all met for dep_context=requeueable deps ti=<TaskInstance: dag_with_postgres_hooks_v04.postgres_to_s3 scheduled__2023-12-19T00:00:00+00:00 [queued]>
[2023-12-22T15:31:45.086+0000] {taskinstance.py:2171} INFO - Starting attempt 1 of 1
[2023-12-22T15:31:45.208+0000] {taskinstance.py:2192} INFO - Executing <Task(PythonOperator): postgres_to_s3> on 2023-12-19 00:00:00+00:00
[2023-12-22T15:31:45.244+0000] {standard_task_runner.py:60} INFO - Started process 62235 to run task
[2023-12-22T15:31:45.304+0000] {standard_task_runner.py:87} INFO - Running: ['***', 'tasks', 'run', 'dag_with_postgres_hooks_v04', 'postgres_to_s3', 'scheduled__2023-12-19T00:00:00+00:00', '--job-id', '311', '--raw', '--subdir', 'DAGS_FOLDER/dag_with_postgres_hooks.py', '--cfg-path', '/tmp/tmpvfjdew5_']
[2023-12-22T15:31:45.361+0000] {standard_task_runner.py:88} INFO - Job 311: Subtask postgres_to_s3
[2023-12-22T15:31:46.104+0000] {task_command.py:423} INFO - Running <TaskInstance: dag_with_postgres_hooks_v04.postgres_to_s3 scheduled__2023-12-19T00:00:00+00:00 [running]> on host dd88aaafc1d9
[2023-12-22T15:31:48.395+0000] {taskinstance.py:2481} INFO - Exporting env vars: AIRFLOW_CTX_DAG_OWNER='sarwar' AIRFLOW_CTX_DAG_ID='dag_with_postgres_hooks_v04' AIRFLOW_CTX_TASK_ID='postgres_to_s3' AIRFLOW_CTX_EXECUTION_DATE='2023-12-19T00:00:00+00:00' AIRFLOW_CTX_TRY_NUMBER='1' AIRFLOW_CTX_DAG_RUN_ID='scheduled__2023-12-19T00:00:00+00:00'
[2023-12-22T15:31:48.605+0000] {logging_mixin.py:188} WARNING - /home/***/.local/lib/python3.8/site-packages/***/utils/context.py:207 AirflowContextDeprecationWarning: Accessing 'next_ds_nodash' from the template is deprecated and will be removed in a future version. Please use '{{ data_interval_end | ds_nodash }}' instead.
[2023-12-22T15:31:49.003+0000] {base.py:83} INFO - Using connection ID 'postgres_localhost' for task execution.
[2023-12-22T15:31:49.298+0000] {dag_with_postgres_hooks.py:30} INFO - Saved orders in file: dags/get_orders_20231219.txt
[2023-12-22T15:31:49.435+0000] {base.py:83} INFO - Using connection ID 'minio_conn' for task execution.
[2023-12-22T15:31:49.468+0000] {connection_wrapper.py:378} INFO - AWS Connection (conn_id='minio_conn', conn_type='aws') credentials retrieved from login and password.
[2023-12-22T15:31:49.700+0000] {logging_mixin.py:188} WARNING - <string>:9 AirflowProviderDeprecationWarning: extra['host'] is deprecated and will be removed in a future release. Please set extra['endpoint_url'] instead
[2023-12-22T15:32:01.304+0000] {dag_with_postgres_hooks.py:41} INFO - Orders file /tmp/tmpgfryu5xw20231219 is pushed to s3
[2023-12-22T15:32:01.329+0000] {python.py:201} INFO - Done. Returned value was: None
[2023-12-22T15:32:01.357+0000] {taskinstance.py:1138} INFO - Marking task as SUCCESS. dag_id=dag_with_postgres_hooks_v04, task_id=postgres_to_s3, execution_date=20231219T000000, start_date=20231222T153144, end_date=20231222T153201
[2023-12-22T15:32:01.505+0000] {local_task_job_runner.py:234} INFO - Task exited with return code 0
[2023-12-22T15:32:01.557+0000] {taskinstance.py:3281} INFO - 0 downstream tasks scheduled from follow-on schedule check
