[2023-12-22T15:27:02.635+0000] {taskinstance.py:1957} INFO - Dependencies all met for dep_context=non-requeueable deps ti=<TaskInstance: dag_with_postgres_hooks_v04.postgres_to_s3 scheduled__2023-12-16T00:00:00+00:00 [queued]>
[2023-12-22T15:27:02.830+0000] {taskinstance.py:1957} INFO - Dependencies all met for dep_context=requeueable deps ti=<TaskInstance: dag_with_postgres_hooks_v04.postgres_to_s3 scheduled__2023-12-16T00:00:00+00:00 [queued]>
[2023-12-22T15:27:02.839+0000] {taskinstance.py:2171} INFO - Starting attempt 1 of 1
[2023-12-22T15:27:04.160+0000] {taskinstance.py:2192} INFO - Executing <Task(PythonOperator): postgres_to_s3> on 2023-12-16 00:00:00+00:00
[2023-12-22T15:27:04.223+0000] {standard_task_runner.py:60} INFO - Started process 61756 to run task
[2023-12-22T15:27:04.331+0000] {standard_task_runner.py:87} INFO - Running: ['***', 'tasks', 'run', 'dag_with_postgres_hooks_v04', 'postgres_to_s3', 'scheduled__2023-12-16T00:00:00+00:00', '--job-id', '294', '--raw', '--subdir', 'DAGS_FOLDER/dag_with_postgres_hooks.py', '--cfg-path', '/tmp/tmp39zndydf']
[2023-12-22T15:27:04.401+0000] {standard_task_runner.py:88} INFO - Job 294: Subtask postgres_to_s3
[2023-12-22T15:27:05.115+0000] {task_command.py:423} INFO - Running <TaskInstance: dag_with_postgres_hooks_v04.postgres_to_s3 scheduled__2023-12-16T00:00:00+00:00 [running]> on host dd88aaafc1d9
[2023-12-22T15:27:06.809+0000] {taskinstance.py:2481} INFO - Exporting env vars: AIRFLOW_CTX_DAG_OWNER='sarwar' AIRFLOW_CTX_DAG_ID='dag_with_postgres_hooks_v04' AIRFLOW_CTX_TASK_ID='postgres_to_s3' AIRFLOW_CTX_EXECUTION_DATE='2023-12-16T00:00:00+00:00' AIRFLOW_CTX_TRY_NUMBER='1' AIRFLOW_CTX_DAG_RUN_ID='scheduled__2023-12-16T00:00:00+00:00'
[2023-12-22T15:27:07.013+0000] {logging_mixin.py:188} WARNING - /home/***/.local/lib/python3.8/site-packages/***/utils/context.py:207 AirflowContextDeprecationWarning: Accessing 'next_ds_nodash' from the template is deprecated and will be removed in a future version. Please use '{{ data_interval_end | ds_nodash }}' instead.
[2023-12-22T15:27:07.188+0000] {base.py:83} INFO - Using connection ID 'postgres_localhost' for task execution.
[2023-12-22T15:27:07.447+0000] {dag_with_postgres_hooks.py:30} INFO - Saved orders in file: dags/get_orders_20231216.txt
[2023-12-22T15:27:07.765+0000] {base.py:83} INFO - Using connection ID 'minio_conn' for task execution.
[2023-12-22T15:27:07.782+0000] {connection_wrapper.py:378} INFO - AWS Connection (conn_id='minio_conn', conn_type='aws') credentials retrieved from login and password.
[2023-12-22T15:27:07.794+0000] {logging_mixin.py:188} WARNING - <string>:9 AirflowProviderDeprecationWarning: extra['host'] is deprecated and will be removed in a future release. Please set extra['endpoint_url'] instead
[2023-12-22T15:27:22.362+0000] {dag_with_postgres_hooks.py:41} INFO - Orders file /tmp/tmpvsbajr8c20231216 is pushed to s3
[2023-12-22T15:27:22.437+0000] {python.py:201} INFO - Done. Returned value was: None
[2023-12-22T15:27:22.730+0000] {taskinstance.py:1138} INFO - Marking task as SUCCESS. dag_id=dag_with_postgres_hooks_v04, task_id=postgres_to_s3, execution_date=20231216T000000, start_date=20231222T152702, end_date=20231222T152722
[2023-12-22T15:27:23.235+0000] {local_task_job_runner.py:234} INFO - Task exited with return code 0
[2023-12-22T15:27:23.354+0000] {taskinstance.py:3281} INFO - 0 downstream tasks scheduled from follow-on schedule check
[2023-12-22T15:31:40.092+0000] {taskinstance.py:1957} INFO - Dependencies all met for dep_context=non-requeueable deps ti=<TaskInstance: dag_with_postgres_hooks_v04.postgres_to_s3 scheduled__2023-12-16T00:00:00+00:00 [queued]>
[2023-12-22T15:31:40.154+0000] {taskinstance.py:1957} INFO - Dependencies all met for dep_context=requeueable deps ti=<TaskInstance: dag_with_postgres_hooks_v04.postgres_to_s3 scheduled__2023-12-16T00:00:00+00:00 [queued]>
[2023-12-22T15:31:40.160+0000] {taskinstance.py:2171} INFO - Starting attempt 1 of 1
[2023-12-22T15:31:40.330+0000] {taskinstance.py:2192} INFO - Executing <Task(PythonOperator): postgres_to_s3> on 2023-12-16 00:00:00+00:00
[2023-12-22T15:31:40.375+0000] {standard_task_runner.py:60} INFO - Started process 62222 to run task
[2023-12-22T15:31:40.425+0000] {standard_task_runner.py:87} INFO - Running: ['***', 'tasks', 'run', 'dag_with_postgres_hooks_v04', 'postgres_to_s3', 'scheduled__2023-12-16T00:00:00+00:00', '--job-id', '307', '--raw', '--subdir', 'DAGS_FOLDER/dag_with_postgres_hooks.py', '--cfg-path', '/tmp/tmp83ogfc69']
[2023-12-22T15:31:40.458+0000] {standard_task_runner.py:88} INFO - Job 307: Subtask postgres_to_s3
[2023-12-22T15:31:40.982+0000] {task_command.py:423} INFO - Running <TaskInstance: dag_with_postgres_hooks_v04.postgres_to_s3 scheduled__2023-12-16T00:00:00+00:00 [running]> on host dd88aaafc1d9
[2023-12-22T15:31:41.877+0000] {taskinstance.py:2481} INFO - Exporting env vars: AIRFLOW_CTX_DAG_OWNER='sarwar' AIRFLOW_CTX_DAG_ID='dag_with_postgres_hooks_v04' AIRFLOW_CTX_TASK_ID='postgres_to_s3' AIRFLOW_CTX_EXECUTION_DATE='2023-12-16T00:00:00+00:00' AIRFLOW_CTX_TRY_NUMBER='1' AIRFLOW_CTX_DAG_RUN_ID='scheduled__2023-12-16T00:00:00+00:00'
[2023-12-22T15:31:42.008+0000] {logging_mixin.py:188} WARNING - /home/***/.local/lib/python3.8/site-packages/***/utils/context.py:207 AirflowContextDeprecationWarning: Accessing 'next_ds_nodash' from the template is deprecated and will be removed in a future version. Please use '{{ data_interval_end | ds_nodash }}' instead.
[2023-12-22T15:31:42.124+0000] {base.py:83} INFO - Using connection ID 'postgres_localhost' for task execution.
[2023-12-22T15:31:42.207+0000] {dag_with_postgres_hooks.py:30} INFO - Saved orders in file: dags/get_orders_20231216.txt
[2023-12-22T15:31:42.293+0000] {base.py:83} INFO - Using connection ID 'minio_conn' for task execution.
[2023-12-22T15:31:42.301+0000] {connection_wrapper.py:378} INFO - AWS Connection (conn_id='minio_conn', conn_type='aws') credentials retrieved from login and password.
[2023-12-22T15:31:42.370+0000] {logging_mixin.py:188} WARNING - <string>:9 AirflowProviderDeprecationWarning: extra['host'] is deprecated and will be removed in a future release. Please set extra['endpoint_url'] instead
[2023-12-22T15:31:56.724+0000] {dag_with_postgres_hooks.py:41} INFO - Orders file /tmp/tmp0d4z734q20231216 is pushed to s3
[2023-12-22T15:31:56.730+0000] {python.py:201} INFO - Done. Returned value was: None
[2023-12-22T15:31:56.778+0000] {taskinstance.py:1138} INFO - Marking task as SUCCESS. dag_id=dag_with_postgres_hooks_v04, task_id=postgres_to_s3, execution_date=20231216T000000, start_date=20231222T153140, end_date=20231222T153156
[2023-12-22T15:31:58.572+0000] {local_task_job_runner.py:234} INFO - Task exited with return code 0
[2023-12-22T15:31:58.678+0000] {taskinstance.py:3281} INFO - 0 downstream tasks scheduled from follow-on schedule check
