[2023-12-22T15:28:51.248+0000] {taskinstance.py:1957} INFO - Dependencies all met for dep_context=non-requeueable deps ti=<TaskInstance: dag_with_postgres_hooks_v04.postgres_to_s3 manual__2023-12-22T15:28:47.076655+00:00 [queued]>
[2023-12-22T15:28:51.279+0000] {taskinstance.py:1957} INFO - Dependencies all met for dep_context=requeueable deps ti=<TaskInstance: dag_with_postgres_hooks_v04.postgres_to_s3 manual__2023-12-22T15:28:47.076655+00:00 [queued]>
[2023-12-22T15:28:51.281+0000] {taskinstance.py:2171} INFO - Starting attempt 1 of 1
[2023-12-22T15:28:51.327+0000] {taskinstance.py:2192} INFO - Executing <Task(PythonOperator): postgres_to_s3> on 2023-12-22 15:28:47.076655+00:00
[2023-12-22T15:28:51.335+0000] {standard_task_runner.py:60} INFO - Started process 61938 to run task
[2023-12-22T15:28:51.350+0000] {standard_task_runner.py:87} INFO - Running: ['***', 'tasks', 'run', 'dag_with_postgres_hooks_v04', 'postgres_to_s3', 'manual__2023-12-22T15:28:47.076655+00:00', '--job-id', '300', '--raw', '--subdir', 'DAGS_FOLDER/dag_with_postgres_hooks.py', '--cfg-path', '/tmp/tmpot3f1pks']
[2023-12-22T15:28:51.379+0000] {standard_task_runner.py:88} INFO - Job 300: Subtask postgres_to_s3
[2023-12-22T15:28:51.681+0000] {task_command.py:423} INFO - Running <TaskInstance: dag_with_postgres_hooks_v04.postgres_to_s3 manual__2023-12-22T15:28:47.076655+00:00 [running]> on host dd88aaafc1d9
[2023-12-22T15:28:51.963+0000] {taskinstance.py:2481} INFO - Exporting env vars: AIRFLOW_CTX_DAG_OWNER='sarwar' AIRFLOW_CTX_DAG_ID='dag_with_postgres_hooks_v04' AIRFLOW_CTX_TASK_ID='postgres_to_s3' AIRFLOW_CTX_EXECUTION_DATE='2023-12-22T15:28:47.076655+00:00' AIRFLOW_CTX_TRY_NUMBER='1' AIRFLOW_CTX_DAG_RUN_ID='manual__2023-12-22T15:28:47.076655+00:00'
[2023-12-22T15:28:51.980+0000] {logging_mixin.py:188} WARNING - /home/***/.local/lib/python3.8/site-packages/***/utils/context.py:207 AirflowContextDeprecationWarning: Accessing 'next_ds_nodash' from the template is deprecated and will be removed in a future version. Please use '{{ data_interval_end | ds_nodash }}' instead.
[2023-12-22T15:28:52.011+0000] {base.py:83} INFO - Using connection ID 'postgres_localhost' for task execution.
[2023-12-22T15:28:52.048+0000] {dag_with_postgres_hooks.py:30} INFO - Saved orders in file: dags/get_orders_20231222.txt
[2023-12-22T15:28:52.073+0000] {base.py:83} INFO - Using connection ID 'minio_conn' for task execution.
[2023-12-22T15:28:52.075+0000] {connection_wrapper.py:378} INFO - AWS Connection (conn_id='minio_conn', conn_type='aws') credentials retrieved from login and password.
[2023-12-22T15:28:52.081+0000] {logging_mixin.py:188} WARNING - <string>:9 AirflowProviderDeprecationWarning: extra['host'] is deprecated and will be removed in a future release. Please set extra['endpoint_url'] instead
[2023-12-22T15:28:53.579+0000] {dag_with_postgres_hooks.py:41} INFO - Orders file /tmp/tmp17hkj_va20231222 is pushed to s3
[2023-12-22T15:28:53.583+0000] {python.py:201} INFO - Done. Returned value was: None
[2023-12-22T15:28:53.626+0000] {taskinstance.py:1138} INFO - Marking task as SUCCESS. dag_id=dag_with_postgres_hooks_v04, task_id=postgres_to_s3, execution_date=20231222T152847, start_date=20231222T152851, end_date=20231222T152853
[2023-12-22T15:28:53.782+0000] {local_task_job_runner.py:234} INFO - Task exited with return code 0
[2023-12-22T15:28:53.878+0000] {taskinstance.py:3281} INFO - 0 downstream tasks scheduled from follow-on schedule check
