[2023-12-22T13:30:46.033+0000] {taskinstance.py:1957} INFO - Dependencies all met for dep_context=non-requeueable deps ti=<TaskInstance: dag_with_minio_s3_v02.sensor_mino_s3 manual__2023-12-22T13:30:40.495314+00:00 [queued]>
[2023-12-22T13:30:46.068+0000] {taskinstance.py:1957} INFO - Dependencies all met for dep_context=requeueable deps ti=<TaskInstance: dag_with_minio_s3_v02.sensor_mino_s3 manual__2023-12-22T13:30:40.495314+00:00 [queued]>
[2023-12-22T13:30:46.071+0000] {taskinstance.py:2171} INFO - Starting attempt 1 of 1
[2023-12-22T13:30:46.125+0000] {taskinstance.py:2192} INFO - Executing <Task(S3KeySensor): sensor_mino_s3> on 2023-12-22 13:30:40.495314+00:00
[2023-12-22T13:30:46.143+0000] {standard_task_runner.py:60} INFO - Started process 51015 to run task
[2023-12-22T13:30:46.161+0000] {standard_task_runner.py:87} INFO - Running: ['***', 'tasks', 'run', 'dag_with_minio_s3_v02', 'sensor_mino_s3', 'manual__2023-12-22T13:30:40.495314+00:00', '--job-id', '226', '--raw', '--subdir', 'DAGS_FOLDER/dag_with_minio_s3.py', '--cfg-path', '/tmp/tmpulyjy8s_']
[2023-12-22T13:30:46.169+0000] {standard_task_runner.py:88} INFO - Job 226: Subtask sensor_mino_s3
[2023-12-22T13:30:46.318+0000] {task_command.py:423} INFO - Running <TaskInstance: dag_with_minio_s3_v02.sensor_mino_s3 manual__2023-12-22T13:30:40.495314+00:00 [running]> on host dd88aaafc1d9
[2023-12-22T13:30:46.566+0000] {taskinstance.py:2481} INFO - Exporting env vars: AIRFLOW_CTX_DAG_OWNER='sarwar' AIRFLOW_CTX_DAG_ID='dag_with_minio_s3_v02' AIRFLOW_CTX_TASK_ID='sensor_mino_s3' AIRFLOW_CTX_EXECUTION_DATE='2023-12-22T13:30:40.495314+00:00' AIRFLOW_CTX_TRY_NUMBER='1' AIRFLOW_CTX_DAG_RUN_ID='manual__2023-12-22T13:30:40.495314+00:00'
[2023-12-22T13:30:46.579+0000] {s3.py:106} INFO - Poking for key : s3://***/data.csv
[2023-12-22T13:30:46.614+0000] {base.py:83} INFO - Using connection ID 'minio_conn' for task execution.
[2023-12-22T13:30:46.619+0000] {connection_wrapper.py:378} INFO - AWS Connection (conn_id='minio_conn', conn_type='aws') credentials retrieved from login and password.
[2023-12-22T13:30:46.665+0000] {logging_mixin.py:188} WARNING - <string>:9 AirflowProviderDeprecationWarning: extra['host'] is deprecated and will be removed in a future release. Please set extra['endpoint_url'] instead
[2023-12-22T13:30:54.092+0000] {s3.py:106} INFO - Poking for key : s3://***/data.csv
[2023-12-22T13:30:59.120+0000] {s3.py:106} INFO - Poking for key : s3://***/data.csv
[2023-12-22T13:31:04.112+0000] {s3.py:106} INFO - Poking for key : s3://***/data.csv
[2023-12-22T13:31:09.173+0000] {s3.py:106} INFO - Poking for key : s3://***/data.csv
[2023-12-22T13:31:09.196+0000] {base.py:293} INFO - Success criteria met. Exiting.
[2023-12-22T13:31:09.219+0000] {taskinstance.py:1138} INFO - Marking task as SUCCESS. dag_id=dag_with_minio_s3_v02, task_id=sensor_mino_s3, execution_date=20231222T133040, start_date=20231222T133046, end_date=20231222T133109
[2023-12-22T13:31:09.310+0000] {local_task_job_runner.py:234} INFO - Task exited with return code 0
[2023-12-22T13:31:09.356+0000] {taskinstance.py:3281} INFO - 0 downstream tasks scheduled from follow-on schedule check
