[2023-12-22T15:27:16.910+0000] {taskinstance.py:1957} INFO - Dependencies all met for dep_context=non-requeueable deps ti=<TaskInstance: dag_with_postgres_hooks_v04.postgres_to_s3 scheduled__2023-12-21T00:00:00+00:00 [queued]>
[2023-12-22T15:27:17.142+0000] {taskinstance.py:1957} INFO - Dependencies all met for dep_context=requeueable deps ti=<TaskInstance: dag_with_postgres_hooks_v04.postgres_to_s3 scheduled__2023-12-21T00:00:00+00:00 [queued]>
[2023-12-22T15:27:17.147+0000] {taskinstance.py:2171} INFO - Starting attempt 1 of 1
[2023-12-22T15:27:18.960+0000] {taskinstance.py:2192} INFO - Executing <Task(PythonOperator): postgres_to_s3> on 2023-12-21 00:00:00+00:00
[2023-12-22T15:27:19.098+0000] {standard_task_runner.py:60} INFO - Started process 61792 to run task
[2023-12-22T15:27:19.143+0000] {standard_task_runner.py:87} INFO - Running: ['***', 'tasks', 'run', 'dag_with_postgres_hooks_v04', 'postgres_to_s3', 'scheduled__2023-12-21T00:00:00+00:00', '--job-id', '299', '--raw', '--subdir', 'DAGS_FOLDER/dag_with_postgres_hooks.py', '--cfg-path', '/tmp/tmp5lixotsq']
[2023-12-22T15:27:19.276+0000] {standard_task_runner.py:88} INFO - Job 299: Subtask postgres_to_s3
[2023-12-22T15:27:20.942+0000] {task_command.py:423} INFO - Running <TaskInstance: dag_with_postgres_hooks_v04.postgres_to_s3 scheduled__2023-12-21T00:00:00+00:00 [running]> on host dd88aaafc1d9
[2023-12-22T15:27:24.072+0000] {taskinstance.py:2481} INFO - Exporting env vars: AIRFLOW_CTX_DAG_OWNER='sarwar' AIRFLOW_CTX_DAG_ID='dag_with_postgres_hooks_v04' AIRFLOW_CTX_TASK_ID='postgres_to_s3' AIRFLOW_CTX_EXECUTION_DATE='2023-12-21T00:00:00+00:00' AIRFLOW_CTX_TRY_NUMBER='1' AIRFLOW_CTX_DAG_RUN_ID='scheduled__2023-12-21T00:00:00+00:00'
[2023-12-22T15:27:24.192+0000] {logging_mixin.py:188} WARNING - /home/***/.local/lib/python3.8/site-packages/***/utils/context.py:207 AirflowContextDeprecationWarning: Accessing 'next_ds_nodash' from the template is deprecated and will be removed in a future version. Please use '{{ data_interval_end | ds_nodash }}' instead.
[2023-12-22T15:27:24.310+0000] {base.py:83} INFO - Using connection ID 'postgres_localhost' for task execution.
[2023-12-22T15:27:24.367+0000] {dag_with_postgres_hooks.py:30} INFO - Saved orders in file: dags/get_orders_20231221.txt
[2023-12-22T15:27:24.491+0000] {base.py:83} INFO - Using connection ID 'minio_conn' for task execution.
[2023-12-22T15:27:24.496+0000] {connection_wrapper.py:378} INFO - AWS Connection (conn_id='minio_conn', conn_type='aws') credentials retrieved from login and password.
[2023-12-22T15:27:24.520+0000] {logging_mixin.py:188} WARNING - <string>:9 AirflowProviderDeprecationWarning: extra['host'] is deprecated and will be removed in a future release. Please set extra['endpoint_url'] instead
[2023-12-22T15:27:27.066+0000] {dag_with_postgres_hooks.py:41} INFO - Orders file /tmp/tmp90j8is8720231221 is pushed to s3
[2023-12-22T15:27:27.080+0000] {python.py:201} INFO - Done. Returned value was: None
[2023-12-22T15:27:27.137+0000] {taskinstance.py:1138} INFO - Marking task as SUCCESS. dag_id=dag_with_postgres_hooks_v04, task_id=postgres_to_s3, execution_date=20231221T000000, start_date=20231222T152716, end_date=20231222T152727
[2023-12-22T15:27:27.334+0000] {local_task_job_runner.py:234} INFO - Task exited with return code 0
[2023-12-22T15:27:27.549+0000] {taskinstance.py:3281} INFO - 0 downstream tasks scheduled from follow-on schedule check
[2023-12-22T15:31:51.226+0000] {taskinstance.py:1957} INFO - Dependencies all met for dep_context=non-requeueable deps ti=<TaskInstance: dag_with_postgres_hooks_v04.postgres_to_s3 scheduled__2023-12-21T00:00:00+00:00 [queued]>
[2023-12-22T15:31:51.376+0000] {taskinstance.py:1957} INFO - Dependencies all met for dep_context=requeueable deps ti=<TaskInstance: dag_with_postgres_hooks_v04.postgres_to_s3 scheduled__2023-12-21T00:00:00+00:00 [queued]>
[2023-12-22T15:31:51.387+0000] {taskinstance.py:2171} INFO - Starting attempt 1 of 1
[2023-12-22T15:31:52.141+0000] {taskinstance.py:2192} INFO - Executing <Task(PythonOperator): postgres_to_s3> on 2023-12-21 00:00:00+00:00
[2023-12-22T15:31:52.201+0000] {standard_task_runner.py:60} INFO - Started process 62241 to run task
[2023-12-22T15:31:52.309+0000] {standard_task_runner.py:87} INFO - Running: ['***', 'tasks', 'run', 'dag_with_postgres_hooks_v04', 'postgres_to_s3', 'scheduled__2023-12-21T00:00:00+00:00', '--job-id', '313', '--raw', '--subdir', 'DAGS_FOLDER/dag_with_postgres_hooks.py', '--cfg-path', '/tmp/tmpz60l6e8l']
[2023-12-22T15:31:52.366+0000] {standard_task_runner.py:88} INFO - Job 313: Subtask postgres_to_s3
[2023-12-22T15:31:53.694+0000] {task_command.py:423} INFO - Running <TaskInstance: dag_with_postgres_hooks_v04.postgres_to_s3 scheduled__2023-12-21T00:00:00+00:00 [running]> on host dd88aaafc1d9
[2023-12-22T15:31:55.104+0000] {taskinstance.py:2481} INFO - Exporting env vars: AIRFLOW_CTX_DAG_OWNER='sarwar' AIRFLOW_CTX_DAG_ID='dag_with_postgres_hooks_v04' AIRFLOW_CTX_TASK_ID='postgres_to_s3' AIRFLOW_CTX_EXECUTION_DATE='2023-12-21T00:00:00+00:00' AIRFLOW_CTX_TRY_NUMBER='1' AIRFLOW_CTX_DAG_RUN_ID='scheduled__2023-12-21T00:00:00+00:00'
[2023-12-22T15:31:55.329+0000] {logging_mixin.py:188} WARNING - /home/***/.local/lib/python3.8/site-packages/***/utils/context.py:207 AirflowContextDeprecationWarning: Accessing 'next_ds_nodash' from the template is deprecated and will be removed in a future version. Please use '{{ data_interval_end | ds_nodash }}' instead.
[2023-12-22T15:31:55.421+0000] {base.py:83} INFO - Using connection ID 'postgres_localhost' for task execution.
[2023-12-22T15:31:55.487+0000] {dag_with_postgres_hooks.py:30} INFO - Saved orders in file: dags/get_orders_20231221.txt
[2023-12-22T15:31:55.527+0000] {base.py:83} INFO - Using connection ID 'minio_conn' for task execution.
[2023-12-22T15:31:55.532+0000] {connection_wrapper.py:378} INFO - AWS Connection (conn_id='minio_conn', conn_type='aws') credentials retrieved from login and password.
[2023-12-22T15:31:55.551+0000] {logging_mixin.py:188} WARNING - <string>:9 AirflowProviderDeprecationWarning: extra['host'] is deprecated and will be removed in a future release. Please set extra['endpoint_url'] instead
[2023-12-22T15:32:02.115+0000] {dag_with_postgres_hooks.py:41} INFO - Orders file /tmp/tmpksg584it20231221 is pushed to s3
[2023-12-22T15:32:02.119+0000] {python.py:201} INFO - Done. Returned value was: None
[2023-12-22T15:32:02.150+0000] {taskinstance.py:1138} INFO - Marking task as SUCCESS. dag_id=dag_with_postgres_hooks_v04, task_id=postgres_to_s3, execution_date=20231221T000000, start_date=20231222T153151, end_date=20231222T153202
[2023-12-22T15:32:02.244+0000] {local_task_job_runner.py:234} INFO - Task exited with return code 0
[2023-12-22T15:32:02.277+0000] {taskinstance.py:3281} INFO - 0 downstream tasks scheduled from follow-on schedule check
